/home/lang/SteerNet-v2/.venv/bin/python /home/lang/SteerNet-v2/test.py
num_actions:  5
observation_space:  (4, 240, 64)
Using device: cuda
conv_output_size:  8320
conv_output_size:  8320
Starting training for 5000 episodes...
Observation shape: (4, 240, 64)
Episode 10/5000 | Avg Reward: 40.34 | Avg Length: 50 | Epsilon: 0.980 | Loss: 0.0000 | Buffer: 497 | 1.64s/ep | Elapsed: 16s
Episode 20/5000 | Avg Reward: 18.11 | Avg Length: 13 | Epsilon: 0.961 | Loss: 0.5594 | Buffer: 625 | 1.07s/ep | Elapsed: 27s
Episode 30/5000 | Avg Reward: 21.65 | Avg Length: 16 | Epsilon: 0.942 | Loss: 0.4608 | Buffer: 788 | 1.35s/ep | Elapsed: 41s
Episode 40/5000 | Avg Reward: 27.92 | Avg Length: 26 | Epsilon: 0.923 | Loss: 0.3745 | Buffer: 1051 | 1.92s/ep | Elapsed: 60s
Episode 50/5000 | Avg Reward: 11.64 | Avg Length: 9 | Epsilon: 0.905 | Loss: 0.3425 | Buffer: 1138 | 0.74s/ep | Elapsed: 1.1m
Episode 60/5000 | Avg Reward: 8.26 | Avg Length: 5 | Epsilon: 0.887 | Loss: 0.3246 | Buffer: 1189 | 0.13s/ep | Elapsed: 1.1m
Episode 70/5000 | Avg Reward: 22.73 | Avg Length: 17 | Epsilon: 0.869 | Loss: 0.2811 | Buffer: 1355 | 1.41s/ep | Elapsed: 1.4m
Episode 80/5000 | Avg Reward: 14.15 | Avg Length: 10 | Epsilon: 0.852 | Loss: 0.2271 | Buffer: 1459 | 0.89s/ep | Elapsed: 1.5m
Episode 90/5000 | Avg Reward: 10.96 | Avg Length: 6 | Epsilon: 0.835 | Loss: 0.1983 | Buffer: 1522 | 0.53s/ep | Elapsed: 1.6m
Episode 100/5000 | Avg Reward: 18.51 | Avg Length: 10 | Epsilon: 0.819 | Loss: 0.1785 | Buffer: 1624 | 0.57s/ep | Elapsed: 1.7m
Episode 110/5000 | Avg Reward: 14.85 | Avg Length: 9 | Epsilon: 0.802 | Loss: 0.1679 | Buffer: 1715 | 0.77s/ep | Elapsed: 1.8m
Episode 120/5000 | Avg Reward: 25.91 | Avg Length: 17 | Epsilon: 0.786 | Loss: 0.1433 | Buffer: 1888 | 1.45s/ep | Elapsed: 2.1m
Episode 130/5000 | Avg Reward: 24.34 | Avg Length: 16 | Epsilon: 0.771 | Loss: 0.8960 | Buffer: 2044 | 1.01s/ep | Elapsed: 2.2m
Episode 140/5000 | Avg Reward: 20.77 | Avg Length: 17 | Epsilon: 0.756 | Loss: 0.5848 | Buffer: 2211 | 1.38s/ep | Elapsed: 2.5m
Episode 150/5000 | Avg Reward: 23.09 | Avg Length: 15 | Epsilon: 0.741 | Loss: 0.3773 | Buffer: 2359 | 0.98s/ep | Elapsed: 2.6m
Episode 160/5000 | Avg Reward: 12.21 | Avg Length: 7 | Epsilon: 0.726 | Loss: 0.3338 | Buffer: 2428 | 0.58s/ep | Elapsed: 2.7m
Episode 170/5000 | Avg Reward: 18.80 | Avg Length: 13 | Epsilon: 0.712 | Loss: 0.3518 | Buffer: 2555 | 1.06s/ep | Elapsed: 2.9m
Episode 180/5000 | Avg Reward: 22.59 | Avg Length: 13 | Epsilon: 0.697 | Loss: 0.2799 | Buffer: 2682 | 1.08s/ep | Elapsed: 3.1m
Episode 190/5000 | Avg Reward: 26.22 | Avg Length: 15 | Epsilon: 0.684 | Loss: 0.1831 | Buffer: 2834 | 0.98s/ep | Elapsed: 3.3m
Episode 200/5000 | Avg Reward: 18.93 | Avg Length: 11 | Epsilon: 0.670 | Loss: 0.2348 | Buffer: 2948 | 0.96s/ep | Elapsed: 3.4m
Episode 210/5000 | Avg Reward: 30.88 | Avg Length: 24 | Epsilon: 0.657 | Loss: 0.1649 | Buffer: 3183 | 1.70s/ep | Elapsed: 3.7m
Episode 220/5000 | Avg Reward: 19.99 | Avg Length: 11 | Epsilon: 0.644 | Loss: 0.1568 | Buffer: 3293 | 0.94s/ep | Elapsed: 3.9m
Episode 230/5000 | Avg Reward: 19.77 | Avg Length: 11 | Epsilon: 0.631 | Loss: 0.1594 | Buffer: 3403 | 0.93s/ep | Elapsed: 4.0m
Episode 240/5000 | Avg Reward: 15.23 | Avg Length: 10 | Epsilon: 0.618 | Loss: 0.1470 | Buffer: 3508 | 0.60s/ep | Elapsed: 4.1m
Episode 250/5000 | Avg Reward: 24.80 | Avg Length: 17 | Epsilon: 0.606 | Loss: 0.1436 | Buffer: 3679 | 1.45s/ep | Elapsed: 4.4m
Episode 260/5000 | Avg Reward: 11.58 | Avg Length: 8 | Epsilon: 0.594 | Loss: 0.1505 | Buffer: 3755 | 0.64s/ep | Elapsed: 4.5m
Episode 270/5000 | Avg Reward: 20.64 | Avg Length: 12 | Epsilon: 0.582 | Loss: 0.1379 | Buffer: 3870 | 0.69s/ep | Elapsed: 4.6m
Episode 280/5000 | Avg Reward: 16.66 | Avg Length: 9 | Epsilon: 0.571 | Loss: 0.1605 | Buffer: 3959 | 0.75s/ep | Elapsed: 4.7m
Episode 290/5000 | Avg Reward: 13.17 | Avg Length: 8 | Epsilon: 0.560 | Loss: 0.9788 | Buffer: 4042 | 0.70s/ep | Elapsed: 4.8m
Episode 300/5000 | Avg Reward: 16.35 | Avg Length: 9 | Epsilon: 0.548 | Loss: 0.9002 | Buffer: 4130 | 0.75s/ep | Elapsed: 4.9m
Episode 310/5000 | Avg Reward: 18.33 | Avg Length: 12 | Epsilon: 0.538 | Loss: 0.6368 | Buffer: 4251 | 0.74s/ep | Elapsed: 5.1m
Episode 320/5000 | Avg Reward: 26.00 | Avg Length: 17 | Epsilon: 0.527 | Loss: 0.5023 | Buffer: 4417 | 1.41s/ep | Elapsed: 5.3m
Episode 330/5000 | Avg Reward: 16.57 | Avg Length: 11 | Epsilon: 0.517 | Loss: 0.4842 | Buffer: 4526 | 0.93s/ep | Elapsed: 5.5m
Episode 340/5000 | Avg Reward: 27.90 | Avg Length: 18 | Epsilon: 0.506 | Loss: 0.4598 | Buffer: 4703 | 1.19s/ep | Elapsed: 5.7m
Episode 350/5000 | Avg Reward: 21.79 | Avg Length: 14 | Epsilon: 0.496 | Loss: 0.3591 | Buffer: 4839 | 1.16s/ep | Elapsed: 5.8m
Episode 360/5000 | Avg Reward: 12.28 | Avg Length: 6 | Epsilon: 0.486 | Loss: 0.3823 | Buffer: 4904 | 0.54s/ep | Elapsed: 5.9m
Episode 370/5000 | Avg Reward: 13.67 | Avg Length: 8 | Epsilon: 0.477 | Loss: 0.2936 | Buffer: 4985 | 0.70s/ep | Elapsed: 6.1m
Episode 380/5000 | Avg Reward: 16.96 | Avg Length: 11 | Epsilon: 0.467 | Loss: 0.3596 | Buffer: 5091 | 0.61s/ep | Elapsed: 6.2m
Episode 390/5000 | Avg Reward: 21.43 | Avg Length: 12 | Epsilon: 0.458 | Loss: 0.3685 | Buffer: 5208 | 1.00s/ep | Elapsed: 6.3m
Episode 400/5000 | Avg Reward: 21.72 | Avg Length: 11 | Epsilon: 0.449 | Loss: 0.4029 | Buffer: 5319 | 0.95s/ep | Elapsed: 6.5m
Episode 410/5000 | Avg Reward: 24.85 | Avg Length: 15 | Epsilon: 0.440 | Loss: 0.3119 | Buffer: 5469 | 0.97s/ep | Elapsed: 6.6m
Episode 420/5000 | Avg Reward: 23.61 | Avg Length: 13 | Epsilon: 0.431 | Loss: 0.3090 | Buffer: 5602 | 1.12s/ep | Elapsed: 6.8m
Episode 430/5000 | Avg Reward: 18.62 | Avg Length: 11 | Epsilon: 0.423 | Loss: 0.2994 | Buffer: 5712 | 0.94s/ep | Elapsed: 7.0m
Episode 440/5000 | Avg Reward: 21.75 | Avg Length: 12 | Epsilon: 0.414 | Loss: 0.2875 | Buffer: 5833 | 0.75s/ep | Elapsed: 7.1m
Episode 450/5000 | Avg Reward: 24.06 | Avg Length: 12 | Epsilon: 0.406 | Loss: 0.2795 | Buffer: 5958 | 1.05s/ep | Elapsed: 7.3m
Episode 460/5000 | Avg Reward: 11.09 | Avg Length: 6 | Epsilon: 0.398 | Loss: 1.8254 | Buffer: 6018 | 0.50s/ep | Elapsed: 7.4m
Episode 470/5000 | Avg Reward: 14.12 | Avg Length: 7 | Epsilon: 0.390 | Loss: 1.2247 | Buffer: 6092 | 0.63s/ep | Elapsed: 7.5m
Episode 480/5000 | Avg Reward: 18.26 | Avg Length: 10 | Epsilon: 0.383 | Loss: 0.9933 | Buffer: 6189 | 0.54s/ep | Elapsed: 7.6m
Episode 490/5000 | Avg Reward: 20.37 | Avg Length: 10 | Epsilon: 0.375 | Loss: 0.8133 | Buffer: 6292 | 0.87s/ep | Elapsed: 7.7m
Episode 500/5000 | Avg Reward: 21.74 | Avg Length: 11 | Epsilon: 0.368 | Loss: 0.8351 | Buffer: 6400 | 0.92s/ep | Elapsed: 7.9m
Episode 510/5000 | Avg Reward: 26.92 | Avg Length: 15 | Epsilon: 0.360 | Loss: 0.6751 | Buffer: 6549 | 0.98s/ep | Elapsed: 8.0m
Episode 520/5000 | Avg Reward: 37.68 | Avg Length: 19 | Epsilon: 0.353 | Loss: 0.5802 | Buffer: 6738 | 1.60s/ep | Elapsed: 8.3m
Episode 530/5000 | Avg Reward: 18.48 | Avg Length: 10 | Epsilon: 0.346 | Loss: 0.5140 | Buffer: 6833 | 0.82s/ep | Elapsed: 8.4m
Episode 540/5000 | Avg Reward: 14.43 | Avg Length: 8 | Epsilon: 0.339 | Loss: 0.5567 | Buffer: 6913 | 0.39s/ep | Elapsed: 8.5m
Episode 550/5000 | Avg Reward: 16.65 | Avg Length: 8 | Epsilon: 0.333 | Loss: 0.5182 | Buffer: 6996 | 0.71s/ep | Elapsed: 8.6m
Episode 560/5000 | Avg Reward: 22.09 | Avg Length: 11 | Epsilon: 0.326 | Loss: 0.5333 | Buffer: 7106 | 0.94s/ep | Elapsed: 8.8m
Episode 570/5000 | Avg Reward: 23.08 | Avg Length: 12 | Epsilon: 0.319 | Loss: 0.5100 | Buffer: 7230 | 1.05s/ep | Elapsed: 8.9m
Episode 580/5000 | Avg Reward: 52.10 | Avg Length: 26 | Epsilon: 0.313 | Loss: 0.4342 | Buffer: 7489 | 1.92s/ep | Elapsed: 9.3m
Episode 590/5000 | Avg Reward: 23.46 | Avg Length: 12 | Epsilon: 0.307 | Loss: 0.4155 | Buffer: 7613 | 1.07s/ep | Elapsed: 9.4m
Episode 600/5000 | Avg Reward: 48.17 | Avg Length: 23 | Epsilon: 0.301 | Loss: 0.3846 | Buffer: 7845 | 1.67s/ep | Elapsed: 9.7m
Episode 610/5000 | Avg Reward: 24.61 | Avg Length: 13 | Epsilon: 0.295 | Loss: 0.3572 | Buffer: 7971 | 1.08s/ep | Elapsed: 9.9m
Episode 620/5000 | Avg Reward: 51.48 | Avg Length: 27 | Epsilon: 0.289 | Loss: 1.3559 | Buffer: 8239 | 1.97s/ep | Elapsed: 10.2m
Episode 630/5000 | Avg Reward: 38.66 | Avg Length: 19 | Epsilon: 0.283 | Loss: 1.1473 | Buffer: 8433 | 1.38s/ep | Elapsed: 10.5m
Episode 640/5000 | Avg Reward: 50.81 | Avg Length: 25 | Epsilon: 0.278 | Loss: 0.8923 | Buffer: 8681 | 2.10s/ep | Elapsed: 10.8m
Episode 650/5000 | Avg Reward: 19.35 | Avg Length: 10 | Epsilon: 0.272 | Loss: 0.8763 | Buffer: 8780 | 0.84s/ep | Elapsed: 11.0m
Episode 660/5000 | Avg Reward: 39.11 | Avg Length: 20 | Epsilon: 0.267 | Loss: 0.8090 | Buffer: 8985 | 1.44s/ep | Elapsed: 11.2m
Episode 670/5000 | Avg Reward: 28.11 | Avg Length: 14 | Epsilon: 0.261 | Loss: 0.7720 | Buffer: 9127 | 1.21s/ep | Elapsed: 11.4m
Episode 680/5000 | Avg Reward: 23.51 | Avg Length: 12 | Epsilon: 0.256 | Loss: 0.8117 | Buffer: 9242 | 0.77s/ep | Elapsed: 11.5m
Episode 690/5000 | Avg Reward: 32.31 | Avg Length: 16 | Epsilon: 0.251 | Loss: 0.7260 | Buffer: 9402 | 1.34s/ep | Elapsed: 11.7m
Episode 700/5000 | Avg Reward: 66.39 | Avg Length: 32 | Epsilon: 0.246 | Loss: 0.6343 | Buffer: 9727 | 2.47s/ep | Elapsed: 12.2m
Episode 710/5000 | Avg Reward: 25.63 | Avg Length: 13 | Epsilon: 0.241 | Loss: 0.6382 | Buffer: 9854 | 1.08s/ep | Elapsed: 12.3m
Episode 720/5000 | Avg Reward: 18.21 | Avg Length: 9 | Epsilon: 0.237 | Loss: 0.6067 | Buffer: 9945 | 0.48s/ep | Elapsed: 12.4m
Episode 730/5000 | Avg Reward: 27.14 | Avg Length: 13 | Epsilon: 0.232 | Loss: 2.1272 | Buffer: 10077 | 1.12s/ep | Elapsed: 12.6m
Episode 740/5000 | Avg Reward: 42.80 | Avg Length: 20 | Epsilon: 0.227 | Loss: 1.7145 | Buffer: 10280 | 1.72s/ep | Elapsed: 12.9m
Episode 750/5000 | Avg Reward: 51.19 | Avg Length: 25 | Epsilon: 0.223 | Loss: 1.5035 | Buffer: 10531 | 1.84s/ep | Elapsed: 13.2m
Episode 760/5000 | Avg Reward: 24.74 | Avg Length: 13 | Epsilon: 0.218 | Loss: 1.3656 | Buffer: 10658 | 1.08s/ep | Elapsed: 13.4m
Episode 770/5000 | Avg Reward: 29.28 | Avg Length: 15 | Epsilon: 0.214 | Loss: 1.2879 | Buffer: 10807 | 0.99s/ep | Elapsed: 13.5m
Episode 780/5000 | Avg Reward: 59.39 | Avg Length: 29 | Epsilon: 0.210 | Loss: 0.9700 | Buffer: 11097 | 2.15s/ep | Elapsed: 13.9m
Episode 790/5000 | Avg Reward: 57.46 | Avg Length: 26 | Epsilon: 0.206 | Loss: 0.9839 | Buffer: 11362 | 2.25s/ep | Elapsed: 14.3m
Episode 800/5000 | Avg Reward: 14.52 | Avg Length: 8 | Epsilon: 0.202 | Loss: 0.9615 | Buffer: 11440 | 0.66s/ep | Elapsed: 14.4m
Episode 810/5000 | Avg Reward: 76.20 | Avg Length: 35 | Epsilon: 0.198 | Loss: 0.8507 | Buffer: 11790 | 2.70s/ep | Elapsed: 14.8m
Episode 820/5000 | Avg Reward: 15.60 | Avg Length: 8 | Epsilon: 0.194 | Loss: 0.7701 | Buffer: 11873 | 0.42s/ep | Elapsed: 14.9m
Episode 830/5000 | Avg Reward: 37.91 | Avg Length: 19 | Epsilon: 0.190 | Loss: 2.5014 | Buffer: 12064 | 1.62s/ep | Elapsed: 15.2m
Episode 840/5000 | Avg Reward: 74.35 | Avg Length: 35 | Epsilon: 0.186 | Loss: 1.8114 | Buffer: 12413 | 2.67s/ep | Elapsed: 15.6m
Episode 850/5000 | Avg Reward: 59.30 | Avg Length: 28 | Epsilon: 0.182 | Loss: 1.3983 | Buffer: 12692 | 2.07s/ep | Elapsed: 16.0m
Episode 860/5000 | Avg Reward: 46.77 | Avg Length: 23 | Epsilon: 0.179 | Loss: 1.3950 | Buffer: 12924 | 1.96s/ep | Elapsed: 16.3m
Episode 870/5000 | Avg Reward: 59.41 | Avg Length: 31 | Epsilon: 0.175 | Loss: 1.4025 | Buffer: 13233 | 2.33s/ep | Elapsed: 16.7m
Episode 880/5000 | Avg Reward: 45.98 | Avg Length: 22 | Epsilon: 0.172 | Loss: 1.3032 | Buffer: 13453 | 1.57s/ep | Elapsed: 16.9m
Episode 890/5000 | Avg Reward: 73.85 | Avg Length: 34 | Epsilon: 0.168 | Loss: 1.1118 | Buffer: 13788 | 2.53s/ep | Elapsed: 17.4m
Episode 900/5000 | Avg Reward: 47.07 | Avg Length: 23 | Epsilon: 0.165 | Loss: 3.7947 | Buffer: 14015 | 1.92s/ep | Elapsed: 17.7m
Episode 910/5000 | Avg Reward: 56.26 | Avg Length: 31 | Epsilon: 0.162 | Loss: 2.2080 | Buffer: 14325 | 2.33s/ep | Elapsed: 18.1m
Episode 920/5000 | Avg Reward: 25.54 | Avg Length: 12 | Epsilon: 0.159 | Loss: 2.1328 | Buffer: 14450 | 1.05s/ep | Elapsed: 18.2m
Episode 930/5000 | Avg Reward: 68.00 | Avg Length: 36 | Epsilon: 0.155 | Loss: 1.8361 | Buffer: 14806 | 2.71s/ep | Elapsed: 18.7m
Episode 940/5000 | Avg Reward: 115.69 | Avg Length: 54 | Epsilon: 0.152 | Loss: 1.5141 | Buffer: 15345 | 3.97s/ep | Elapsed: 19.4m
Episode 950/5000 | Avg Reward: 59.55 | Avg Length: 28 | Epsilon: 0.149 | Loss: 1.3932 | Buffer: 15621 | 2.34s/ep | Elapsed: 19.8m
Episode 960/5000 | Avg Reward: 40.72 | Avg Length: 20 | Epsilon: 0.146 | Loss: 1.3585 | Buffer: 15818 | 1.38s/ep | Elapsed: 20.0m
Episode 970/5000 | Avg Reward: 78.57 | Avg Length: 36 | Epsilon: 0.143 | Loss: 2.4749 | Buffer: 16174 | 2.71s/ep | Elapsed: 20.4m
Episode 980/5000 | Avg Reward: 69.17 | Avg Length: 35 | Epsilon: 0.141 | Loss: 1.9549 | Buffer: 16522 | 2.69s/ep | Elapsed: 20.9m
Episode 990/5000 | Avg Reward: 46.03 | Avg Length: 23 | Epsilon: 0.138 | Loss: 2.1178 | Buffer: 16750 | 1.93s/ep | Elapsed: 21.2m
Episode 1000/5000 | Avg Reward: 61.69 | Avg Length: 30 | Epsilon: 0.135 | Loss: 1.5290 | Buffer: 17052 | 2.24s/ep | Elapsed: 21.6m
Episode 1010/5000 | Avg Reward: 58.17 | Avg Length: 26 | Epsilon: 0.132 | Loss: 1.7074 | Buffer: 17316 | 1.94s/ep | Elapsed: 21.9m
Episode 1020/5000 | Avg Reward: 54.25 | Avg Length: 26 | Epsilon: 0.130 | Loss: 1.5782 | Buffer: 17581 | 1.95s/ep | Elapsed: 22.2m
Episode 1030/5000 | Avg Reward: 24.10 | Avg Length: 13 | Epsilon: 0.127 | Loss: 1.6045 | Buffer: 17709 | 1.07s/ep | Elapsed: 22.4m
Episode 1040/5000 | Avg Reward: 71.75 | Avg Length: 34 | Epsilon: 0.125 | Loss: 3.7652 | Buffer: 18045 | 2.53s/ep | Elapsed: 22.8m
Episode 1050/5000 | Avg Reward: 97.64 | Avg Length: 46 | Epsilon: 0.122 | Loss: 2.3174 | Buffer: 18505 | 3.55s/ep | Elapsed: 23.4m
Episode 1060/5000 | Avg Reward: 86.14 | Avg Length: 40 | Epsilon: 0.120 | Loss: 2.2416 | Buffer: 18909 | 3.09s/ep | Elapsed: 23.9m
Episode 1070/5000 | Avg Reward: 52.59 | Avg Length: 27 | Epsilon: 0.117 | Loss: 2.6920 | Buffer: 19175 | 1.94s/ep | Elapsed: 24.3m
Episode 1080/5000 | Avg Reward: 54.06 | Avg Length: 26 | Epsilon: 0.115 | Loss: 2.1698 | Buffer: 19433 | 2.18s/ep | Elapsed: 24.6m
Episode 1090/5000 | Avg Reward: 52.72 | Avg Length: 24 | Epsilon: 0.113 | Loss: 1.8561 | Buffer: 19677 | 1.75s/ep | Elapsed: 24.9m
Episode 1100/5000 | Avg Reward: 70.09 | Avg Length: 36 | Epsilon: 0.111 | Loss: 2.6751 | Buffer: 20032 | 2.70s/ep | Elapsed: 25.4m
Episode 1110/5000 | Avg Reward: 75.60 | Avg Length: 35 | Epsilon: 0.108 | Loss: 2.9991 | Buffer: 20380 | 2.65s/ep | Elapsed: 25.8m
Episode 1120/5000 | Avg Reward: 100.49 | Avg Length: 48 | Epsilon: 0.106 | Loss: 2.6807 | Buffer: 20859 | 3.77s/ep | Elapsed: 26.4m
Episode 1130/5000 | Avg Reward: 54.64 | Avg Length: 26 | Epsilon: 0.104 | Loss: 2.6535 | Buffer: 21119 | 1.90s/ep | Elapsed: 26.7m
Episode 1140/5000 | Avg Reward: 46.38 | Avg Length: 24 | Epsilon: 0.102 | Loss: 2.2276 | Buffer: 21355 | 2.00s/ep | Elapsed: 27.1m
Episode 1150/5000 | Avg Reward: 88.96 | Avg Length: 43 | Epsilon: 0.100 | Loss: 2.2669 | Buffer: 21787 | 3.05s/ep | Elapsed: 27.6m
Episode 1160/5000 | Avg Reward: 84.29 | Avg Length: 42 | Epsilon: 0.098 | Loss: 3.9127 | Buffer: 22207 | 3.28s/ep | Elapsed: 28.1m
Episode 1170/5000 | Avg Reward: 90.46 | Avg Length: 41 | Epsilon: 0.096 | Loss: 3.3979 | Buffer: 22617 | 3.17s/ep | Elapsed: 28.7m
Episode 1180/5000 | Avg Reward: 91.36 | Avg Length: 49 | Epsilon: 0.094 | Loss: 2.8929 | Buffer: 23105 | 3.82s/ep | Elapsed: 29.3m
Episode 1190/5000 | Avg Reward: 103.42 | Avg Length: 54 | Epsilon: 0.092 | Loss: 2.7650 | Buffer: 23643 | 4.28s/ep | Elapsed: 30.0m
Episode 1200/5000 | Avg Reward: 104.29 | Avg Length: 50 | Epsilon: 0.091 | Loss: 4.8903 | Buffer: 24147 | 3.66s/ep | Elapsed: 30.6m
Episode 1210/5000 | Avg Reward: 121.64 | Avg Length: 56 | Epsilon: 0.089 | Loss: 3.9508 | Buffer: 24705 | 4.42s/ep | Elapsed: 31.4m
Episode 1220/5000 | Avg Reward: 157.10 | Avg Length: 76 | Epsilon: 0.087 | Loss: 3.3035 | Buffer: 25465 | 5.85s/ep | Elapsed: 32.3m
Episode 1230/5000 | Avg Reward: 118.72 | Avg Length: 57 | Epsilon: 0.085 | Loss: 7.0294 | Buffer: 26032 | 4.18s/ep | Elapsed: 33.0m
Episode 1240/5000 | Avg Reward: 98.35 | Avg Length: 52 | Epsilon: 0.084 | Loss: 4.1982 | Buffer: 26552 | 4.12s/ep | Elapsed: 33.7m
Episode 1250/5000 | Avg Reward: 58.02 | Avg Length: 28 | Epsilon: 0.082 | Loss: 4.1284 | Buffer: 26832 | 2.08s/ep | Elapsed: 34.1m
Episode 1260/5000 | Avg Reward: 100.43 | Avg Length: 53 | Epsilon: 0.080 | Loss: 3.7238 | Buffer: 27365 | 4.22s/ep | Elapsed: 34.8m
Episode 1270/5000 | Avg Reward: 72.30 | Avg Length: 37 | Epsilon: 0.079 | Loss: 3.6216 | Buffer: 27731 | 2.80s/ep | Elapsed: 35.2m
Episode 1280/5000 | Avg Reward: 99.39 | Avg Length: 46 | Epsilon: 0.077 | Loss: 4.7963 | Buffer: 28192 | 3.60s/ep | Elapsed: 35.8m
Episode 1290/5000 | Avg Reward: 111.32 | Avg Length: 55 | Epsilon: 0.076 | Loss: 4.4583 | Buffer: 28743 | 4.07s/ep | Elapsed: 36.5m
Episode 1300/5000 | Avg Reward: 183.67 | Avg Length: 86 | Epsilon: 0.074 | Loss: 3.6448 | Buffer: 29608 | 6.96s/ep | Elapsed: 37.7m
Episode 1310/5000 | Avg Reward: 88.06 | Avg Length: 42 | Epsilon: 0.073 | Loss: 5.0200 | Buffer: 30030 | 3.34s/ep | Elapsed: 38.2m
Episode 1320/5000 | Avg Reward: 74.09 | Avg Length: 40 | Epsilon: 0.071 | Loss: 5.5505 | Buffer: 30434 | 3.12s/ep | Elapsed: 38.7m
Episode 1330/5000 | Avg Reward: 119.56 | Avg Length: 57 | Epsilon: 0.070 | Loss: 4.9274 | Buffer: 31007 | 4.26s/ep | Elapsed: 39.5m
Episode 1340/5000 | Avg Reward: 95.08 | Avg Length: 50 | Epsilon: 0.068 | Loss: 3.4336 | Buffer: 31510 | 3.97s/ep | Elapsed: 40.1m
Episode 1350/5000 | Avg Reward: 146.78 | Avg Length: 70 | Epsilon: 0.067 | Loss: 6.2034 | Buffer: 32212 | 5.34s/ep | Elapsed: 41.0m
Episode 1360/5000 | Avg Reward: 104.95 | Avg Length: 49 | Epsilon: 0.066 | Loss: 4.3739 | Buffer: 32705 | 3.89s/ep | Elapsed: 41.7m
Episode 1370/5000 | Avg Reward: 78.41 | Avg Length: 38 | Epsilon: 0.064 | Loss: 5.2460 | Buffer: 33090 | 2.98s/ep | Elapsed: 42.2m
Episode 1380/5000 | Avg Reward: 91.37 | Avg Length: 43 | Epsilon: 0.063 | Loss: 5.0209 | Buffer: 33523 | 3.37s/ep | Elapsed: 42.7m
Episode 1390/5000 | Avg Reward: 110.72 | Avg Length: 56 | Epsilon: 0.062 | Loss: 7.7063 | Buffer: 34081 | 4.13s/ep | Elapsed: 43.4m
Episode 1400/5000 | Avg Reward: 152.55 | Avg Length: 73 | Epsilon: 0.061 | Loss: 5.1221 | Buffer: 34810 | 5.57s/ep | Elapsed: 44.3m
Episode 1410/5000 | Avg Reward: 147.22 | Avg Length: 68 | Epsilon: 0.059 | Loss: 4.7197 | Buffer: 35492 | 5.44s/ep | Elapsed: 45.2m
Episode 1420/5000 | Avg Reward: 84.27 | Avg Length: 43 | Epsilon: 0.058 | Loss: 4.0133 | Buffer: 35918 | 3.02s/ep | Elapsed: 45.7m
Episode 1430/5000 | Avg Reward: 94.40 | Avg Length: 45 | Epsilon: 0.057 | Loss: 7.2752 | Buffer: 36371 | 3.53s/ep | Elapsed: 46.3m
Episode 1440/5000 | Avg Reward: 90.14 | Avg Length: 41 | Epsilon: 0.056 | Loss: 5.8272 | Buffer: 36783 | 3.18s/ep | Elapsed: 46.9m
Episode 1450/5000 | Avg Reward: 148.11 | Avg Length: 72 | Epsilon: 0.055 | Loss: 5.4473 | Buffer: 37506 | 5.50s/ep | Elapsed: 47.8m
Episode 1460/5000 | Avg Reward: 115.39 | Avg Length: 55 | Epsilon: 0.054 | Loss: 7.1684 | Buffer: 38053 | 4.31s/ep | Elapsed: 48.5m
Episode 1470/5000 | Avg Reward: 115.18 | Avg Length: 57 | Epsilon: 0.053 | Loss: 8.2532 | Buffer: 38627 | 4.27s/ep | Elapsed: 49.2m
Episode 1480/5000 | Avg Reward: 131.62 | Avg Length: 63 | Epsilon: 0.052 | Loss: 6.7197 | Buffer: 39257 | 5.03s/ep | Elapsed: 50.0m
Episode 1490/5000 | Avg Reward: 144.53 | Avg Length: 71 | Epsilon: 0.051 | Loss: 6.3317 | Buffer: 39965 | 5.39s/ep | Elapsed: 50.9m
Episode 1500/5000 | Avg Reward: 89.90 | Avg Length: 44 | Epsilon: 0.050 | Loss: 8.1544 | Buffer: 40410 | 3.47s/ep | Elapsed: 51.5m
Episode 1510/5000 | Avg Reward: 100.61 | Avg Length: 49 | Epsilon: 0.049 | Loss: 6.7253 | Buffer: 40900 | 3.55s/ep | Elapsed: 52.1m
Episode 1520/5000 | Avg Reward: 131.23 | Avg Length: 63 | Epsilon: 0.048 | Loss: 6.9530 | Buffer: 41530 | 5.05s/ep | Elapsed: 53.0m
Episode 1530/5000 | Avg Reward: 101.62 | Avg Length: 52 | Epsilon: 0.047 | Loss: 10.9945 | Buffer: 42045 | 3.79s/ep | Elapsed: 53.6m
Episode 1540/5000 | Avg Reward: 93.36 | Avg Length: 45 | Epsilon: 0.046 | Loss: 7.5585 | Buffer: 42493 | 3.75s/ep | Elapsed: 54.2m
Episode 1550/5000 | Avg Reward: 112.34 | Avg Length: 54 | Epsilon: 0.045 | Loss: 7.6150 | Buffer: 43038 | 4.33s/ep | Elapsed: 54.9m
Episode 1560/5000 | Avg Reward: 125.67 | Avg Length: 61 | Epsilon: 0.044 | Loss: 7.5992 | Buffer: 43646 | 4.56s/ep | Elapsed: 55.7m
Episode 1570/5000 | Avg Reward: 104.64 | Avg Length: 56 | Epsilon: 0.043 | Loss: 8.1465 | Buffer: 44203 | 4.43s/ep | Elapsed: 56.4m
Episode 1580/5000 | Avg Reward: 140.81 | Avg Length: 73 | Epsilon: 0.042 | Loss: 7.4101 | Buffer: 44934 | 5.76s/ep | Elapsed: 57.4m
Episode 1590/5000 | Avg Reward: 99.72 | Avg Length: 48 | Epsilon: 0.041 | Loss: 6.9641 | Buffer: 45417 | 3.52s/ep | Elapsed: 58.0m
Episode 1600/5000 | Avg Reward: 130.66 | Avg Length: 65 | Epsilon: 0.041 | Loss: 9.6627 | Buffer: 46064 | 5.55s/ep | Elapsed: 58.9m
Episode 1610/5000 | Avg Reward: 169.51 | Avg Length: 82 | Epsilon: 0.040 | Loss: 9.4491 | Buffer: 46885 | 6.10s/ep | Elapsed: 59.9m
Episode 1620/5000 | Avg Reward: 133.57 | Avg Length: 63 | Epsilon: 0.039 | Loss: 7.3517 | Buffer: 47518 | 5.08s/ep | Elapsed: 1.0h
Episode 1630/5000 | Avg Reward: 137.77 | Avg Length: 67 | Epsilon: 0.038 | Loss: 10.1158 | Buffer: 48187 | 5.10s/ep | Elapsed: 1.0h
Episode 1640/5000 | Avg Reward: 170.86 | Avg Length: 82 | Epsilon: 0.038 | Loss: 8.1166 | Buffer: 49003 | 6.33s/ep | Elapsed: 1.0h
Episode 1650/5000 | Avg Reward: 130.29 | Avg Length: 61 | Epsilon: 0.037 | Loss: 7.9826 | Buffer: 49613 | 4.60s/ep | Elapsed: 1.1h
Episode 1660/5000 | Avg Reward: 159.65 | Avg Length: 77 | Epsilon: 0.036 | Loss: 8.1461 | Buffer: 50387 | 6.02s/ep | Elapsed: 1.1h
Episode 1670/5000 | Avg Reward: 121.42 | Avg Length: 60 | Epsilon: 0.035 | Loss: 9.2899 | Buffer: 50990 | 4.88s/ep | Elapsed: 1.1h
Episode 1680/5000 | Avg Reward: 168.56 | Avg Length: 78 | Epsilon: 0.035 | Loss: 8.5727 | Buffer: 51770 | 6.04s/ep | Elapsed: 1.1h
Episode 1690/5000 | Avg Reward: 114.44 | Avg Length: 59 | Epsilon: 0.034 | Loss: 10.0393 | Buffer: 52361 | 4.47s/ep | Elapsed: 1.1h
Episode 1700/5000 | Avg Reward: 92.80 | Avg Length: 47 | Epsilon: 0.033 | Loss: 9.9085 | Buffer: 52834 | 3.75s/ep | Elapsed: 1.1h
Episode 1710/5000 | Avg Reward: 144.21 | Avg Length: 65 | Epsilon: 0.033 | Loss: 7.1827 | Buffer: 53487 | 4.97s/ep | Elapsed: 1.1h
Episode 1720/5000 | Avg Reward: 193.51 | Avg Length: 91 | Epsilon: 0.032 | Loss: 9.2364 | Buffer: 54396 | 7.19s/ep | Elapsed: 1.2h
Episode 1730/5000 | Avg Reward: 108.59 | Avg Length: 50 | Epsilon: 0.031 | Loss: 8.6274 | Buffer: 54899 | 3.70s/ep | Elapsed: 1.2h
Episode 1740/5000 | Avg Reward: 138.46 | Avg Length: 65 | Epsilon: 0.031 | Loss: 8.8895 | Buffer: 55548 | 5.24s/ep | Elapsed: 1.2h
Episode 1750/5000 | Avg Reward: 117.39 | Avg Length: 54 | Epsilon: 0.030 | Loss: 10.3924 | Buffer: 56087 | 4.00s/ep | Elapsed: 1.2h
Episode 1760/5000 | Avg Reward: 135.51 | Avg Length: 66 | Epsilon: 0.029 | Loss: 8.8457 | Buffer: 56742 | 4.99s/ep | Elapsed: 1.2h
Episode 1770/5000 | Avg Reward: 103.26 | Avg Length: 52 | Epsilon: 0.029 | Loss: 9.1904 | Buffer: 57260 | 4.19s/ep | Elapsed: 1.2h
Episode 1780/5000 | Avg Reward: 96.63 | Avg Length: 45 | Epsilon: 0.028 | Loss: 9.3302 | Buffer: 57706 | 3.57s/ep | Elapsed: 1.2h
Episode 1790/5000 | Avg Reward: 135.11 | Avg Length: 63 | Epsilon: 0.028 | Loss: 10.6491 | Buffer: 58340 | 4.96s/ep | Elapsed: 1.2h
Episode 1800/5000 | Avg Reward: 97.56 | Avg Length: 50 | Epsilon: 0.027 | Loss: 9.2527 | Buffer: 58843 | 4.10s/ep | Elapsed: 1.3h
Episode 1810/5000 | Avg Reward: 145.70 | Avg Length: 68 | Epsilon: 0.027 | Loss: 7.6954 | Buffer: 59524 | 5.32s/ep | Elapsed: 1.3h
Episode 1820/5000 | Avg Reward: 125.92 | Avg Length: 58 | Epsilon: 0.026 | Loss: 11.1616 | Buffer: 60109 | 4.51s/ep | Elapsed: 1.3h
Episode 1830/5000 | Avg Reward: 122.41 | Avg Length: 57 | Epsilon: 0.026 | Loss: 9.7991 | Buffer: 60678 | 4.57s/ep | Elapsed: 1.3h
Episode 1840/5000 | Avg Reward: 112.43 | Avg Length: 55 | Epsilon: 0.025 | Loss: 10.3443 | Buffer: 61224 | 4.07s/ep | Elapsed: 1.3h
Episode 1850/5000 | Avg Reward: 111.12 | Avg Length: 52 | Epsilon: 0.025 | Loss: 9.1438 | Buffer: 61746 | 4.17s/ep | Elapsed: 1.3h
Episode 1860/5000 | Avg Reward: 109.19 | Avg Length: 50 | Epsilon: 0.024 | Loss: 12.3710 | Buffer: 62246 | 4.28s/ep | Elapsed: 1.3h
Episode 1870/5000 | Avg Reward: 147.36 | Avg Length: 69 | Epsilon: 0.024 | Loss: 9.8331 | Buffer: 62933 | 5.28s/ep | Elapsed: 1.3h
Episode 1880/5000 | Avg Reward: 116.46 | Avg Length: 54 | Epsilon: 0.023 | Loss: 8.3051 | Buffer: 63472 | 4.01s/ep | Elapsed: 1.4h
Episode 1890/5000 | Avg Reward: 98.26 | Avg Length: 47 | Epsilon: 0.023 | Loss: 9.7058 | Buffer: 63940 | 3.74s/ep | Elapsed: 1.4h
Episode 1900/5000 | Avg Reward: 111.88 | Avg Length: 57 | Epsilon: 0.022 | Loss: 9.3920 | Buffer: 64510 | 4.66s/ep | Elapsed: 1.4h
Episode 1910/5000 | Avg Reward: 181.48 | Avg Length: 85 | Epsilon: 0.022 | Loss: 9.9661 | Buffer: 65360 | 6.47s/ep | Elapsed: 1.4h
Episode 1920/5000 | Avg Reward: 119.83 | Avg Length: 56 | Epsilon: 0.021 | Loss: 11.1765 | Buffer: 65922 | 4.58s/ep | Elapsed: 1.4h
Episode 1930/5000 | Avg Reward: 165.38 | Avg Length: 77 | Epsilon: 0.021 | Loss: 10.9882 | Buffer: 66689 | 6.14s/ep | Elapsed: 1.4h
Episode 1940/5000 | Avg Reward: 134.70 | Avg Length: 63 | Epsilon: 0.021 | Loss: 10.4836 | Buffer: 67317 | 4.86s/ep | Elapsed: 1.4h
Episode 1950/5000 | Avg Reward: 148.98 | Avg Length: 67 | Epsilon: 0.020 | Loss: 10.4001 | Buffer: 67987 | 5.15s/ep | Elapsed: 1.5h
Episode 1960/5000 | Avg Reward: 157.13 | Avg Length: 75 | Epsilon: 0.020 | Loss: 11.8547 | Buffer: 68734 | 5.81s/ep | Elapsed: 1.5h
Episode 1970/5000 | Avg Reward: 103.81 | Avg Length: 51 | Epsilon: 0.020 | Loss: 13.4024 | Buffer: 69248 | 4.12s/ep | Elapsed: 1.5h
Episode 1980/5000 | Avg Reward: 122.64 | Avg Length: 60 | Epsilon: 0.020 | Loss: 10.7086 | Buffer: 69843 | 4.52s/ep | Elapsed: 1.5h
Episode 1990/5000 | Avg Reward: 108.66 | Avg Length: 53 | Epsilon: 0.020 | Loss: 11.1249 | Buffer: 70371 | 4.21s/ep | Elapsed: 1.5h
Episode 2000/5000 | Avg Reward: 112.73 | Avg Length: 53 | Epsilon: 0.020 | Loss: 11.4182 | Buffer: 70904 | 4.01s/ep | Elapsed: 1.5h
Episode 2010/5000 | Avg Reward: 108.28 | Avg Length: 52 | Epsilon: 0.020 | Loss: 13.9992 | Buffer: 71424 | 4.25s/ep | Elapsed: 1.5h
Episode 2020/5000 | Avg Reward: 130.20 | Avg Length: 62 | Epsilon: 0.020 | Loss: 9.2443 | Buffer: 72047 | 4.86s/ep | Elapsed: 1.5h
Episode 2030/5000 | Avg Reward: 123.72 | Avg Length: 57 | Epsilon: 0.020 | Loss: 12.8484 | Buffer: 72617 | 4.69s/ep | Elapsed: 1.6h
Episode 2040/5000 | Avg Reward: 114.73 | Avg Length: 54 | Epsilon: 0.020 | Loss: 11.0026 | Buffer: 73155 | 4.07s/ep | Elapsed: 1.6h
Episode 2050/5000 | Avg Reward: 128.68 | Avg Length: 59 | Epsilon: 0.020 | Loss: 8.4347 | Buffer: 73746 | 4.85s/ep | Elapsed: 1.6h
Episode 2060/5000 | Avg Reward: 147.74 | Avg Length: 67 | Epsilon: 0.020 | Loss: 15.1145 | Buffer: 74417 | 5.25s/ep | Elapsed: 1.6h
Episode 2070/5000 | Avg Reward: 111.57 | Avg Length: 52 | Epsilon: 0.020 | Loss: 12.1401 | Buffer: 74940 | 4.20s/ep | Elapsed: 1.6h
Episode 2080/5000 | Avg Reward: 118.24 | Avg Length: 53 | Epsilon: 0.020 | Loss: 14.3705 | Buffer: 75473 | 3.97s/ep | Elapsed: 1.6h
Episode 2090/5000 | Avg Reward: 157.48 | Avg Length: 70 | Epsilon: 0.020 | Loss: 14.5934 | Buffer: 76172 | 5.42s/ep | Elapsed: 1.6h
Episode 2100/5000 | Avg Reward: 154.14 | Avg Length: 73 | Epsilon: 0.020 | Loss: 13.2043 | Buffer: 76904 | 5.69s/ep | Elapsed: 1.7h
Episode 2110/5000 | Avg Reward: 57.88 | Avg Length: 28 | Epsilon: 0.020 | Loss: 17.7272 | Buffer: 77185 | 2.42s/ep | Elapsed: 1.7h
Episode 2120/5000 | Avg Reward: 139.11 | Avg Length: 67 | Epsilon: 0.020 | Loss: 12.1053 | Buffer: 77858 | 5.22s/ep | Elapsed: 1.7h
Episode 2130/5000 | Avg Reward: 114.67 | Avg Length: 52 | Epsilon: 0.020 | Loss: 15.4811 | Buffer: 78382 | 4.02s/ep | Elapsed: 1.7h
Episode 2140/5000 | Avg Reward: 135.42 | Avg Length: 61 | Epsilon: 0.020 | Loss: 14.5964 | Buffer: 78988 | 4.96s/ep | Elapsed: 1.7h
Episode 2150/5000 | Avg Reward: 173.81 | Avg Length: 78 | Epsilon: 0.020 | Loss: 14.0154 | Buffer: 79767 | 6.19s/ep | Elapsed: 1.7h
Episode 2160/5000 | Avg Reward: 148.76 | Avg Length: 69 | Epsilon: 0.020 | Loss: 18.0133 | Buffer: 80457 | 5.44s/ep | Elapsed: 1.7h
Episode 2170/5000 | Avg Reward: 112.83 | Avg Length: 52 | Epsilon: 0.020 | Loss: 15.9352 | Buffer: 80974 | 3.92s/ep | Elapsed: 1.7h
Episode 2180/5000 | Avg Reward: 150.59 | Avg Length: 73 | Epsilon: 0.020 | Loss: 17.2792 | Buffer: 81707 | 5.78s/ep | Elapsed: 1.8h
Episode 2190/5000 | Avg Reward: 93.46 | Avg Length: 44 | Epsilon: 0.020 | Loss: 13.9896 | Buffer: 82145 | 3.47s/ep | Elapsed: 1.8h
Episode 2200/5000 | Avg Reward: 108.74 | Avg Length: 51 | Epsilon: 0.020 | Loss: 15.9957 | Buffer: 82655 | 4.12s/ep | Elapsed: 1.8h
Episode 2210/5000 | Avg Reward: 165.62 | Avg Length: 79 | Epsilon: 0.020 | Loss: 13.6260 | Buffer: 83443 | 6.19s/ep | Elapsed: 1.8h
Episode 2220/5000 | Avg Reward: 90.18 | Avg Length: 41 | Epsilon: 0.020 | Loss: 14.2871 | Buffer: 83854 | 3.26s/ep | Elapsed: 1.8h
Episode 2230/5000 | Avg Reward: 155.53 | Avg Length: 72 | Epsilon: 0.020 | Loss: 15.9791 | Buffer: 84572 | 6.01s/ep | Elapsed: 1.8h
Episode 2240/5000 | Avg Reward: 105.71 | Avg Length: 48 | Epsilon: 0.020 | Loss: 15.9489 | Buffer: 85052 | 3.88s/ep | Elapsed: 1.8h
Episode 2250/5000 | Avg Reward: 169.07 | Avg Length: 78 | Epsilon: 0.020 | Loss: 15.8769 | Buffer: 85836 | 6.72s/ep | Elapsed: 1.9h
Episode 2260/5000 | Avg Reward: 158.27 | Avg Length: 70 | Epsilon: 0.020 | Loss: 16.1949 | Buffer: 86535 | 5.66s/ep | Elapsed: 1.9h
Episode 2270/5000 | Avg Reward: 144.47 | Avg Length: 66 | Epsilon: 0.020 | Loss: 15.8626 | Buffer: 87197 | 5.51s/ep | Elapsed: 1.9h
Episode 2280/5000 | Avg Reward: 153.70 | Avg Length: 72 | Epsilon: 0.020 | Loss: 15.9979 | Buffer: 87921 | 5.76s/ep | Elapsed: 1.9h
Episode 2290/5000 | Avg Reward: 175.45 | Avg Length: 78 | Epsilon: 0.020 | Loss: 17.8874 | Buffer: 88697 | 6.18s/ep | Elapsed: 1.9h
Episode 2300/5000 | Avg Reward: 116.69 | Avg Length: 54 | Epsilon: 0.020 | Loss: 16.4279 | Buffer: 89233 | 4.32s/ep | Elapsed: 1.9h
Episode 2310/5000 | Avg Reward: 126.05 | Avg Length: 57 | Epsilon: 0.020 | Loss: 18.3204 | Buffer: 89800 | 4.32s/ep | Elapsed: 1.9h
Episode 2320/5000 | Avg Reward: 94.63 | Avg Length: 44 | Epsilon: 0.020 | Loss: 19.9289 | Buffer: 90235 | 3.47s/ep | Elapsed: 1.9h
Episode 2330/5000 | Avg Reward: 164.92 | Avg Length: 73 | Epsilon: 0.020 | Loss: 19.0645 | Buffer: 90967 | 5.73s/ep | Elapsed: 2.0h
Episode 2340/5000 | Avg Reward: 170.70 | Avg Length: 78 | Epsilon: 0.020 | Loss: 18.4685 | Buffer: 91744 | 6.17s/ep | Elapsed: 2.0h
Episode 2350/5000 | Avg Reward: 140.71 | Avg Length: 67 | Epsilon: 0.020 | Loss: 19.3892 | Buffer: 92415 | 5.25s/ep | Elapsed: 2.0h
Episode 2360/5000 | Avg Reward: 102.62 | Avg Length: 49 | Epsilon: 0.020 | Loss: 18.6369 | Buffer: 92903 | 3.92s/ep | Elapsed: 2.0h
Episode 2370/5000 | Avg Reward: 183.41 | Avg Length: 81 | Epsilon: 0.020 | Loss: 18.3438 | Buffer: 93714 | 6.45s/ep | Elapsed: 2.0h
Episode 2380/5000 | Avg Reward: 120.03 | Avg Length: 54 | Epsilon: 0.020 | Loss: 16.7933 | Buffer: 94256 | 4.15s/ep | Elapsed: 2.0h
Episode 2390/5000 | Avg Reward: 129.83 | Avg Length: 57 | Epsilon: 0.020 | Loss: 18.7873 | Buffer: 94827 | 4.67s/ep | Elapsed: 2.0h
Episode 2400/5000 | Avg Reward: 117.89 | Avg Length: 54 | Epsilon: 0.020 | Loss: 20.0356 | Buffer: 95364 | 4.11s/ep | Elapsed: 2.1h
Episode 2410/5000 | Avg Reward: 150.29 | Avg Length: 68 | Epsilon: 0.020 | Loss: 18.9022 | Buffer: 96039 | 5.27s/ep | Elapsed: 2.1h
Episode 2420/5000 | Avg Reward: 126.72 | Avg Length: 57 | Epsilon: 0.020 | Loss: 17.5718 | Buffer: 96607 | 4.60s/ep | Elapsed: 2.1h
Episode 2430/5000 | Avg Reward: 138.95 | Avg Length: 65 | Epsilon: 0.020 | Loss: 17.7005 | Buffer: 97258 | 5.11s/ep | Elapsed: 2.1h
Episode 2440/5000 | Avg Reward: 154.37 | Avg Length: 70 | Epsilon: 0.020 | Loss: 18.1509 | Buffer: 97954 | 5.38s/ep | Elapsed: 2.1h
Episode 2450/5000 | Avg Reward: 107.28 | Avg Length: 49 | Epsilon: 0.020 | Loss: 18.8425 | Buffer: 98446 | 3.97s/ep | Elapsed: 2.1h
Episode 2460/5000 | Avg Reward: 171.32 | Avg Length: 75 | Epsilon: 0.020 | Loss: 20.1525 | Buffer: 99195 | 5.88s/ep | Elapsed: 2.1h
Episode 2470/5000 | Avg Reward: 130.57 | Avg Length: 61 | Epsilon: 0.020 | Loss: 19.7167 | Buffer: 99804 | 4.86s/ep | Elapsed: 2.2h
Episode 2480/5000 | Avg Reward: 119.39 | Avg Length: 54 | Epsilon: 0.020 | Loss: 14.2600 | Buffer: 100000 | 4.22s/ep | Elapsed: 2.2h
Episode 2490/5000 | Avg Reward: 146.89 | Avg Length: 66 | Epsilon: 0.020 | Loss: 12.1842 | Buffer: 100000 | 5.24s/ep | Elapsed: 2.2h
Episode 2500/5000 | Avg Reward: 129.65 | Avg Length: 59 | Epsilon: 0.020 | Loss: 19.9610 | Buffer: 100000 | 4.61s/ep | Elapsed: 2.2h
Episode 2510/5000 | Avg Reward: 130.87 | Avg Length: 60 | Epsilon: 0.020 | Loss: 24.1852 | Buffer: 100000 | 4.75s/ep | Elapsed: 2.2h
Episode 2520/5000 | Avg Reward: 117.83 | Avg Length: 56 | Epsilon: 0.020 | Loss: 23.8390 | Buffer: 100000 | 4.39s/ep | Elapsed: 2.2h
Episode 2530/5000 | Avg Reward: 207.27 | Avg Length: 93 | Epsilon: 0.020 | Loss: 21.6367 | Buffer: 100000 | 7.35s/ep | Elapsed: 2.2h
Episode 2540/5000 | Avg Reward: 190.72 | Avg Length: 84 | Epsilon: 0.020 | Loss: 19.5938 | Buffer: 100000 | 6.57s/ep | Elapsed: 2.3h
Episode 2550/5000 | Avg Reward: 138.94 | Avg Length: 62 | Epsilon: 0.020 | Loss: 21.9999 | Buffer: 100000 | 4.84s/ep | Elapsed: 2.3h
Episode 2560/5000 | Avg Reward: 143.82 | Avg Length: 64 | Epsilon: 0.020 | Loss: 20.9778 | Buffer: 100000 | 5.04s/ep | Elapsed: 2.3h
Episode 2570/5000 | Avg Reward: 155.46 | Avg Length: 70 | Epsilon: 0.020 | Loss: 21.7523 | Buffer: 100000 | 5.47s/ep | Elapsed: 2.3h
Episode 2580/5000 | Avg Reward: 139.24 | Avg Length: 64 | Epsilon: 0.020 | Loss: 21.4854 | Buffer: 100000 | 5.08s/ep | Elapsed: 2.3h
Episode 2590/5000 | Avg Reward: 151.13 | Avg Length: 67 | Epsilon: 0.020 | Loss: 18.6375 | Buffer: 100000 | 5.29s/ep | Elapsed: 2.3h
Episode 2600/5000 | Avg Reward: 110.01 | Avg Length: 49 | Epsilon: 0.020 | Loss: 20.2648 | Buffer: 100000 | 3.87s/ep | Elapsed: 2.3h
Episode 2610/5000 | Avg Reward: 124.54 | Avg Length: 57 | Epsilon: 0.020 | Loss: 23.4261 | Buffer: 100000 | 4.45s/ep | Elapsed: 2.4h
Episode 2620/5000 | Avg Reward: 177.01 | Avg Length: 81 | Epsilon: 0.020 | Loss: 29.9016 | Buffer: 100000 | 6.43s/ep | Elapsed: 2.4h
Episode 2630/5000 | Avg Reward: 136.23 | Avg Length: 60 | Epsilon: 0.020 | Loss: 26.8494 | Buffer: 100000 | 4.72s/ep | Elapsed: 2.4h
Episode 2640/5000 | Avg Reward: 177.53 | Avg Length: 78 | Epsilon: 0.020 | Loss: 24.2792 | Buffer: 100000 | 6.14s/ep | Elapsed: 2.4h
Episode 2650/5000 | Avg Reward: 154.30 | Avg Length: 68 | Epsilon: 0.020 | Loss: 24.5608 | Buffer: 100000 | 5.30s/ep | Elapsed: 2.4h
Episode 2660/5000 | Avg Reward: 163.76 | Avg Length: 75 | Epsilon: 0.020 | Loss: 24.6278 | Buffer: 100000 | 5.91s/ep | Elapsed: 2.4h
Episode 2670/5000 | Avg Reward: 210.65 | Avg Length: 92 | Epsilon: 0.020 | Loss: 26.2628 | Buffer: 100000 | 6.84s/ep | Elapsed: 2.5h
Episode 2680/5000 | Avg Reward: 96.53 | Avg Length: 43 | Epsilon: 0.020 | Loss: 24.4573 | Buffer: 100000 | 3.20s/ep | Elapsed: 2.5h
Episode 2690/5000 | Avg Reward: 97.27 | Avg Length: 46 | Epsilon: 0.020 | Loss: 34.1685 | Buffer: 100000 | 3.40s/ep | Elapsed: 2.5h
Episode 2700/5000 | Avg Reward: 140.85 | Avg Length: 64 | Epsilon: 0.020 | Loss: 26.8932 | Buffer: 100000 | 4.79s/ep | Elapsed: 2.5h
Episode 2710/5000 | Avg Reward: 146.19 | Avg Length: 64 | Epsilon: 0.020 | Loss: 27.7049 | Buffer: 100000 | 4.77s/ep | Elapsed: 2.5h
Episode 2720/5000 | Avg Reward: 124.58 | Avg Length: 56 | Epsilon: 0.020 | Loss: 14.4218 | Buffer: 100000 | 4.17s/ep | Elapsed: 2.5h
Episode 2730/5000 | Avg Reward: 91.45 | Avg Length: 42 | Epsilon: 0.020 | Loss: 21.9815 | Buffer: 100000 | 3.11s/ep | Elapsed: 2.5h
Episode 2740/5000 | Avg Reward: 149.50 | Avg Length: 68 | Epsilon: 0.020 | Loss: 27.7999 | Buffer: 100000 | 5.06s/ep | Elapsed: 2.5h
Episode 2750/5000 | Avg Reward: 140.49 | Avg Length: 64 | Epsilon: 0.020 | Loss: 26.3866 | Buffer: 100000 | 4.77s/ep | Elapsed: 2.5h
Episode 2760/5000 | Avg Reward: 121.44 | Avg Length: 55 | Epsilon: 0.020 | Loss: 13.9493 | Buffer: 100000 | 4.07s/ep | Elapsed: 2.6h
Episode 2770/5000 | Avg Reward: 145.92 | Avg Length: 68 | Epsilon: 0.020 | Loss: 27.0458 | Buffer: 100000 | 5.07s/ep | Elapsed: 2.6h
Episode 2780/5000 | Avg Reward: 169.09 | Avg Length: 73 | Epsilon: 0.020 | Loss: 27.0088 | Buffer: 100000 | 5.71s/ep | Elapsed: 2.6h
Episode 2790/5000 | Avg Reward: 108.27 | Avg Length: 48 | Epsilon: 0.020 | Loss: 34.6121 | Buffer: 100000 | 3.62s/ep | Elapsed: 2.6h
Episode 2800/5000 | Avg Reward: 143.58 | Avg Length: 66 | Epsilon: 0.020 | Loss: 30.4244 | Buffer: 100000 | 4.89s/ep | Elapsed: 2.6h
Episode 2810/5000 | Avg Reward: 145.70 | Avg Length: 66 | Epsilon: 0.020 | Loss: 31.0796 | Buffer: 100000 | 4.88s/ep | Elapsed: 2.6h
Episode 2820/5000 | Avg Reward: 132.35 | Avg Length: 60 | Epsilon: 0.020 | Loss: 35.0268 | Buffer: 100000 | 4.49s/ep | Elapsed: 2.6h
Episode 2830/5000 | Avg Reward: 174.79 | Avg Length: 78 | Epsilon: 0.020 | Loss: 31.8092 | Buffer: 100000 | 5.77s/ep | Elapsed: 2.7h
Episode 2840/5000 | Avg Reward: 100.65 | Avg Length: 49 | Epsilon: 0.020 | Loss: 28.3376 | Buffer: 100000 | 3.68s/ep | Elapsed: 2.7h
Episode 2850/5000 | Avg Reward: 167.61 | Avg Length: 75 | Epsilon: 0.020 | Loss: 31.6133 | Buffer: 100000 | 5.60s/ep | Elapsed: 2.7h
Episode 2860/5000 | Avg Reward: 181.63 | Avg Length: 81 | Epsilon: 0.020 | Loss: 27.4237 | Buffer: 100000 | 6.03s/ep | Elapsed: 2.7h
Episode 2870/5000 | Avg Reward: 153.62 | Avg Length: 67 | Epsilon: 0.020 | Loss: 28.5560 | Buffer: 100000 | 4.97s/ep | Elapsed: 2.7h
Episode 2880/5000 | Avg Reward: 128.85 | Avg Length: 57 | Epsilon: 0.020 | Loss: 33.2782 | Buffer: 100000 | 4.22s/ep | Elapsed: 2.7h
Episode 2890/5000 | Avg Reward: 129.64 | Avg Length: 58 | Epsilon: 0.020 | Loss: 31.2174 | Buffer: 100000 | 4.35s/ep | Elapsed: 2.7h
Episode 2900/5000 | Avg Reward: 99.33 | Avg Length: 48 | Epsilon: 0.020 | Loss: 32.2911 | Buffer: 100000 | 3.62s/ep | Elapsed: 2.7h
Episode 2910/5000 | Avg Reward: 73.70 | Avg Length: 35 | Epsilon: 0.020 | Loss: 39.0252 | Buffer: 100000 | 2.58s/ep | Elapsed: 2.8h
Episode 2920/5000 | Avg Reward: 83.54 | Avg Length: 38 | Epsilon: 0.020 | Loss: 31.4652 | Buffer: 100000 | 2.82s/ep | Elapsed: 2.8h
Episode 2930/5000 | Avg Reward: 195.02 | Avg Length: 87 | Epsilon: 0.020 | Loss: 33.8214 | Buffer: 100000 | 6.48s/ep | Elapsed: 2.8h
Episode 2940/5000 | Avg Reward: 92.31 | Avg Length: 42 | Epsilon: 0.020 | Loss: 33.4673 | Buffer: 100000 | 3.15s/ep | Elapsed: 2.8h
Episode 2950/5000 | Avg Reward: 183.80 | Avg Length: 81 | Epsilon: 0.020 | Loss: 38.1806 | Buffer: 100000 | 5.99s/ep | Elapsed: 2.8h
Episode 2960/5000 | Avg Reward: 70.31 | Avg Length: 33 | Epsilon: 0.020 | Loss: 34.1462 | Buffer: 100000 | 2.51s/ep | Elapsed: 2.8h
Episode 2970/5000 | Avg Reward: 91.23 | Avg Length: 42 | Epsilon: 0.020 | Loss: 27.5437 | Buffer: 100000 | 3.08s/ep | Elapsed: 2.8h
Episode 2980/5000 | Avg Reward: 144.95 | Avg Length: 66 | Epsilon: 0.020 | Loss: 39.4727 | Buffer: 100000 | 4.94s/ep | Elapsed: 2.8h
Episode 2990/5000 | Avg Reward: 192.97 | Avg Length: 86 | Epsilon: 0.020 | Loss: 32.8322 | Buffer: 100000 | 6.36s/ep | Elapsed: 2.8h
Episode 3000/5000 | Avg Reward: 200.61 | Avg Length: 90 | Epsilon: 0.020 | Loss: 22.8685 | Buffer: 100000 | 6.69s/ep | Elapsed: 2.9h
Episode 3010/5000 | Avg Reward: 132.73 | Avg Length: 58 | Epsilon: 0.020 | Loss: 29.9778 | Buffer: 100000 | 4.32s/ep | Elapsed: 2.9h
Episode 3020/5000 | Avg Reward: 111.79 | Avg Length: 50 | Epsilon: 0.020 | Loss: 37.9128 | Buffer: 100000 | 3.69s/ep | Elapsed: 2.9h
Episode 3030/5000 | Avg Reward: 151.79 | Avg Length: 66 | Epsilon: 0.020 | Loss: 15.4904 | Buffer: 100000 | 4.92s/ep | Elapsed: 2.9h
Episode 3040/5000 | Avg Reward: 134.12 | Avg Length: 61 | Epsilon: 0.020 | Loss: 39.1730 | Buffer: 100000 | 4.55s/ep | Elapsed: 2.9h
Episode 3050/5000 | Avg Reward: 117.23 | Avg Length: 54 | Epsilon: 0.020 | Loss: 36.3014 | Buffer: 100000 | 4.01s/ep | Elapsed: 2.9h
Episode 3060/5000 | Avg Reward: 89.82 | Avg Length: 43 | Epsilon: 0.020 | Loss: 39.4747 | Buffer: 100000 | 3.17s/ep | Elapsed: 2.9h
Episode 3070/5000 | Avg Reward: 188.46 | Avg Length: 85 | Epsilon: 0.020 | Loss: 41.2984 | Buffer: 100000 | 6.31s/ep | Elapsed: 3.0h
Episode 3080/5000 | Avg Reward: 117.25 | Avg Length: 54 | Epsilon: 0.020 | Loss: 30.9284 | Buffer: 100000 | 4.01s/ep | Elapsed: 3.0h
Episode 3090/5000 | Avg Reward: 115.03 | Avg Length: 52 | Epsilon: 0.020 | Loss: 34.9900 | Buffer: 100000 | 3.83s/ep | Elapsed: 3.0h
Episode 3100/5000 | Avg Reward: 128.89 | Avg Length: 57 | Epsilon: 0.020 | Loss: 45.3964 | Buffer: 100000 | 4.25s/ep | Elapsed: 3.0h
Episode 3110/5000 | Avg Reward: 140.69 | Avg Length: 64 | Epsilon: 0.020 | Loss: 39.4773 | Buffer: 100000 | 4.73s/ep | Elapsed: 3.0h
Episode 3120/5000 | Avg Reward: 62.97 | Avg Length: 33 | Epsilon: 0.020 | Loss: 41.7625 | Buffer: 100000 | 2.45s/ep | Elapsed: 3.0h
Episode 3130/5000 | Avg Reward: 118.98 | Avg Length: 55 | Epsilon: 0.020 | Loss: 39.2507 | Buffer: 100000 | 4.06s/ep | Elapsed: 3.0h
Episode 3140/5000 | Avg Reward: 219.16 | Avg Length: 98 | Epsilon: 0.020 | Loss: 35.9575 | Buffer: 100000 | 7.30s/ep | Elapsed: 3.0h
Episode 3150/5000 | Avg Reward: 176.49 | Avg Length: 78 | Epsilon: 0.020 | Loss: 36.8938 | Buffer: 100000 | 5.80s/ep | Elapsed: 3.1h
Episode 3160/5000 | Avg Reward: 167.47 | Avg Length: 74 | Epsilon: 0.020 | Loss: 39.4883 | Buffer: 100000 | 5.54s/ep | Elapsed: 3.1h
Episode 3170/5000 | Avg Reward: 187.26 | Avg Length: 82 | Epsilon: 0.020 | Loss: 41.8169 | Buffer: 100000 | 6.16s/ep | Elapsed: 3.1h
Episode 3180/5000 | Avg Reward: 171.67 | Avg Length: 75 | Epsilon: 0.020 | Loss: 43.7039 | Buffer: 100000 | 5.56s/ep | Elapsed: 3.1h
Episode 3190/5000 | Avg Reward: 158.95 | Avg Length: 70 | Epsilon: 0.020 | Loss: 37.8081 | Buffer: 100000 | 5.18s/ep | Elapsed: 3.1h
Episode 3200/5000 | Avg Reward: 74.75 | Avg Length: 36 | Epsilon: 0.020 | Loss: 34.8967 | Buffer: 100000 | 2.66s/ep | Elapsed: 3.1h
Episode 3210/5000 | Avg Reward: 152.03 | Avg Length: 68 | Epsilon: 0.020 | Loss: 42.7353 | Buffer: 100000 | 5.08s/ep | Elapsed: 3.1h
Episode 3220/5000 | Avg Reward: 84.35 | Avg Length: 41 | Epsilon: 0.020 | Loss: 45.0400 | Buffer: 100000 | 3.08s/ep | Elapsed: 3.1h
Episode 3230/5000 | Avg Reward: 164.41 | Avg Length: 74 | Epsilon: 0.020 | Loss: 43.1873 | Buffer: 100000 | 5.50s/ep | Elapsed: 3.2h
Episode 3240/5000 | Avg Reward: 133.19 | Avg Length: 61 | Epsilon: 0.020 | Loss: 26.4779 | Buffer: 100000 | 4.57s/ep | Elapsed: 3.2h
Episode 3250/5000 | Avg Reward: 186.70 | Avg Length: 83 | Epsilon: 0.020 | Loss: 39.0571 | Buffer: 100000 | 6.15s/ep | Elapsed: 3.2h
Episode 3260/5000 | Avg Reward: 125.86 | Avg Length: 58 | Epsilon: 0.020 | Loss: 40.8879 | Buffer: 100000 | 4.32s/ep | Elapsed: 3.2h
Episode 3270/5000 | Avg Reward: 169.44 | Avg Length: 76 | Epsilon: 0.020 | Loss: 40.1098 | Buffer: 100000 | 5.63s/ep | Elapsed: 3.2h
Episode 3280/5000 | Avg Reward: 149.35 | Avg Length: 66 | Epsilon: 0.020 | Loss: 40.7345 | Buffer: 100000 | 4.96s/ep | Elapsed: 3.2h
Episode 3290/5000 | Avg Reward: 184.92 | Avg Length: 83 | Epsilon: 0.020 | Loss: 43.6711 | Buffer: 100000 | 6.23s/ep | Elapsed: 3.3h
Episode 3300/5000 | Avg Reward: 174.29 | Avg Length: 78 | Epsilon: 0.020 | Loss: 44.1104 | Buffer: 100000 | 5.80s/ep | Elapsed: 3.3h
Episode 3310/5000 | Avg Reward: 186.52 | Avg Length: 82 | Epsilon: 0.020 | Loss: 42.3520 | Buffer: 100000 | 6.13s/ep | Elapsed: 3.3h
Episode 3320/5000 | Avg Reward: 165.20 | Avg Length: 77 | Epsilon: 0.020 | Loss: 43.6250 | Buffer: 100000 | 5.72s/ep | Elapsed: 3.3h
Episode 3330/5000 | Avg Reward: 101.34 | Avg Length: 45 | Epsilon: 0.020 | Loss: 44.3229 | Buffer: 100000 | 3.38s/ep | Elapsed: 3.3h
Episode 3340/5000 | Avg Reward: 153.37 | Avg Length: 69 | Epsilon: 0.020 | Loss: 54.2133 | Buffer: 100000 | 5.09s/ep | Elapsed: 3.3h
Episode 3350/5000 | Avg Reward: 173.11 | Avg Length: 78 | Epsilon: 0.020 | Loss: 47.7502 | Buffer: 100000 | 5.79s/ep | Elapsed: 3.3h
Episode 3360/5000 | Avg Reward: 165.98 | Avg Length: 74 | Epsilon: 0.020 | Loss: 51.3140 | Buffer: 100000 | 5.53s/ep | Elapsed: 3.4h
Episode 3370/5000 | Avg Reward: 149.06 | Avg Length: 67 | Epsilon: 0.020 | Loss: 45.4299 | Buffer: 100000 | 4.95s/ep | Elapsed: 3.4h
Episode 3380/5000 | Avg Reward: 168.23 | Avg Length: 75 | Epsilon: 0.020 | Loss: 44.1240 | Buffer: 100000 | 5.61s/ep | Elapsed: 3.4h
Episode 3390/5000 | Avg Reward: 131.20 | Avg Length: 60 | Epsilon: 0.020 | Loss: 52.2727 | Buffer: 100000 | 4.48s/ep | Elapsed: 3.4h
Episode 3400/5000 | Avg Reward: 148.18 | Avg Length: 68 | Epsilon: 0.020 | Loss: 52.4529 | Buffer: 100000 | 5.05s/ep | Elapsed: 3.4h
Episode 3410/5000 | Avg Reward: 89.11 | Avg Length: 41 | Epsilon: 0.020 | Loss: 81.6433 | Buffer: 100000 | 3.01s/ep | Elapsed: 3.4h
Episode 3420/5000 | Avg Reward: 98.59 | Avg Length: 45 | Epsilon: 0.020 | Loss: 33.3115 | Buffer: 100000 | 3.37s/ep | Elapsed: 3.4h
Episode 3430/5000 | Avg Reward: 86.77 | Avg Length: 41 | Epsilon: 0.020 | Loss: 73.7562 | Buffer: 100000 | 3.04s/ep | Elapsed: 3.4h
Episode 3440/5000 | Avg Reward: 112.36 | Avg Length: 52 | Epsilon: 0.020 | Loss: 44.9893 | Buffer: 100000 | 3.89s/ep | Elapsed: 3.4h
Episode 3450/5000 | Avg Reward: 153.41 | Avg Length: 68 | Epsilon: 0.020 | Loss: 49.6451 | Buffer: 100000 | 5.05s/ep | Elapsed: 3.5h
Episode 3460/5000 | Avg Reward: 107.01 | Avg Length: 50 | Epsilon: 0.020 | Loss: 51.2425 | Buffer: 100000 | 3.72s/ep | Elapsed: 3.5h
Episode 3470/5000 | Avg Reward: 129.47 | Avg Length: 58 | Epsilon: 0.020 | Loss: 50.6817 | Buffer: 100000 | 4.29s/ep | Elapsed: 3.5h
Episode 3480/5000 | Avg Reward: 162.32 | Avg Length: 73 | Epsilon: 0.020 | Loss: 47.6659 | Buffer: 100000 | 5.43s/ep | Elapsed: 3.5h
Episode 3490/5000 | Avg Reward: 148.14 | Avg Length: 66 | Epsilon: 0.020 | Loss: 49.2794 | Buffer: 100000 | 4.91s/ep | Elapsed: 3.5h
Episode 3500/5000 | Avg Reward: 148.97 | Avg Length: 66 | Epsilon: 0.020 | Loss: 48.0031 | Buffer: 100000 | 4.94s/ep | Elapsed: 3.5h
Episode 3510/5000 | Avg Reward: 161.55 | Avg Length: 73 | Epsilon: 0.020 | Loss: 57.0573 | Buffer: 100000 | 5.48s/ep | Elapsed: 3.5h
Episode 3520/5000 | Avg Reward: 102.75 | Avg Length: 46 | Epsilon: 0.020 | Loss: 49.9054 | Buffer: 100000 | 3.41s/ep | Elapsed: 3.6h
Episode 3530/5000 | Avg Reward: 130.12 | Avg Length: 59 | Epsilon: 0.020 | Loss: 52.5683 | Buffer: 100000 | 4.63s/ep | Elapsed: 3.6h
Episode 3540/5000 | Avg Reward: 135.24 | Avg Length: 60 | Epsilon: 0.020 | Loss: 61.8683 | Buffer: 100000 | 4.46s/ep | Elapsed: 3.6h
Episode 3550/5000 | Avg Reward: 161.11 | Avg Length: 77 | Epsilon: 0.020 | Loss: 50.7026 | Buffer: 100000 | 5.69s/ep | Elapsed: 3.6h
Episode 3560/5000 | Avg Reward: 190.26 | Avg Length: 83 | Epsilon: 0.020 | Loss: 49.8329 | Buffer: 100000 | 6.13s/ep | Elapsed: 3.6h
Episode 3570/5000 | Avg Reward: 110.65 | Avg Length: 50 | Epsilon: 0.020 | Loss: 66.4467 | Buffer: 100000 | 3.70s/ep | Elapsed: 3.6h
Episode 3580/5000 | Avg Reward: 164.64 | Avg Length: 74 | Epsilon: 0.020 | Loss: 55.5614 | Buffer: 100000 | 5.45s/ep | Elapsed: 3.6h
Episode 3590/5000 | Avg Reward: 141.18 | Avg Length: 64 | Epsilon: 0.020 | Loss: 51.0840 | Buffer: 100000 | 4.80s/ep | Elapsed: 3.6h
Episode 3600/5000 | Avg Reward: 132.76 | Avg Length: 59 | Epsilon: 0.020 | Loss: 53.8375 | Buffer: 100000 | 4.39s/ep | Elapsed: 3.7h
Episode 3610/5000 | Avg Reward: 199.22 | Avg Length: 90 | Epsilon: 0.020 | Loss: 57.4102 | Buffer: 100000 | 6.73s/ep | Elapsed: 3.7h
Episode 3620/5000 | Avg Reward: 170.96 | Avg Length: 77 | Epsilon: 0.020 | Loss: 50.8462 | Buffer: 100000 | 5.74s/ep | Elapsed: 3.7h
Episode 3630/5000 | Avg Reward: 157.04 | Avg Length: 72 | Epsilon: 0.020 | Loss: 53.6965 | Buffer: 100000 | 5.34s/ep | Elapsed: 3.7h
Episode 3640/5000 | Avg Reward: 125.93 | Avg Length: 60 | Epsilon: 0.020 | Loss: 60.3589 | Buffer: 100000 | 4.45s/ep | Elapsed: 3.7h
Episode 3650/5000 | Avg Reward: 150.35 | Avg Length: 72 | Epsilon: 0.020 | Loss: 57.8948 | Buffer: 100000 | 5.32s/ep | Elapsed: 3.7h
Episode 3660/5000 | Avg Reward: 155.79 | Avg Length: 72 | Epsilon: 0.020 | Loss: 55.4192 | Buffer: 100000 | 5.43s/ep | Elapsed: 3.8h
Episode 3670/5000 | Avg Reward: 184.66 | Avg Length: 82 | Epsilon: 0.020 | Loss: 52.4776 | Buffer: 100000 | 6.14s/ep | Elapsed: 3.8h
Episode 3680/5000 | Avg Reward: 116.08 | Avg Length: 52 | Epsilon: 0.020 | Loss: 40.6086 | Buffer: 100000 | 3.91s/ep | Elapsed: 3.8h
Episode 3690/5000 | Avg Reward: 150.33 | Avg Length: 65 | Epsilon: 0.020 | Loss: 61.7242 | Buffer: 100000 | 4.88s/ep | Elapsed: 3.8h
Episode 3700/5000 | Avg Reward: 147.09 | Avg Length: 66 | Epsilon: 0.020 | Loss: 34.0624 | Buffer: 100000 | 4.89s/ep | Elapsed: 3.8h
Episode 3710/5000 | Avg Reward: 157.69 | Avg Length: 70 | Epsilon: 0.020 | Loss: 52.1162 | Buffer: 100000 | 5.23s/ep | Elapsed: 3.8h
Episode 3720/5000 | Avg Reward: 148.43 | Avg Length: 66 | Epsilon: 0.020 | Loss: 57.2200 | Buffer: 100000 | 4.91s/ep | Elapsed: 3.8h
Episode 3730/5000 | Avg Reward: 127.96 | Avg Length: 58 | Epsilon: 0.020 | Loss: 55.1897 | Buffer: 100000 | 4.31s/ep | Elapsed: 3.8h
Episode 3740/5000 | Avg Reward: 164.33 | Avg Length: 74 | Epsilon: 0.020 | Loss: 49.2696 | Buffer: 100000 | 5.49s/ep | Elapsed: 3.9h
Episode 3750/5000 | Avg Reward: 171.94 | Avg Length: 78 | Epsilon: 0.020 | Loss: 56.3080 | Buffer: 100000 | 5.89s/ep | Elapsed: 3.9h
Episode 3760/5000 | Avg Reward: 146.01 | Avg Length: 67 | Epsilon: 0.020 | Loss: 54.4399 | Buffer: 100000 | 5.01s/ep | Elapsed: 3.9h
Episode 3770/5000 | Avg Reward: 78.63 | Avg Length: 36 | Epsilon: 0.020 | Loss: 49.0727 | Buffer: 100000 | 2.70s/ep | Elapsed: 3.9h
Episode 3780/5000 | Avg Reward: 150.63 | Avg Length: 68 | Epsilon: 0.020 | Loss: 52.0599 | Buffer: 100000 | 5.01s/ep | Elapsed: 3.9h
Episode 3790/5000 | Avg Reward: 119.89 | Avg Length: 54 | Epsilon: 0.020 | Loss: 56.2092 | Buffer: 100000 | 4.06s/ep | Elapsed: 3.9h
Episode 3800/5000 | Avg Reward: 194.98 | Avg Length: 85 | Epsilon: 0.020 | Loss: 52.3050 | Buffer: 100000 | 6.31s/ep | Elapsed: 3.9h
Episode 3810/5000 | Avg Reward: 145.27 | Avg Length: 66 | Epsilon: 0.020 | Loss: 51.7453 | Buffer: 100000 | 4.93s/ep | Elapsed: 4.0h
Episode 3820/5000 | Avg Reward: 154.75 | Avg Length: 69 | Epsilon: 0.020 | Loss: 52.1801 | Buffer: 100000 | 5.35s/ep | Elapsed: 4.0h
Episode 3830/5000 | Avg Reward: 170.61 | Avg Length: 78 | Epsilon: 0.020 | Loss: 56.2586 | Buffer: 100000 | 5.85s/ep | Elapsed: 4.0h
Episode 3840/5000 | Avg Reward: 143.34 | Avg Length: 63 | Epsilon: 0.020 | Loss: 57.3764 | Buffer: 100000 | 4.70s/ep | Elapsed: 4.0h
Episode 3850/5000 | Avg Reward: 91.82 | Avg Length: 42 | Epsilon: 0.020 | Loss: 48.1659 | Buffer: 100000 | 3.14s/ep | Elapsed: 4.0h
Episode 3860/5000 | Avg Reward: 146.00 | Avg Length: 64 | Epsilon: 0.020 | Loss: 53.3303 | Buffer: 100000 | 4.76s/ep | Elapsed: 4.0h
Episode 3870/5000 | Avg Reward: 149.10 | Avg Length: 68 | Epsilon: 0.020 | Loss: 41.0517 | Buffer: 100000 | 5.06s/ep | Elapsed: 4.0h
Episode 3880/5000 | Avg Reward: 151.14 | Avg Length: 67 | Epsilon: 0.020 | Loss: 46.8081 | Buffer: 100000 | 5.03s/ep | Elapsed: 4.1h
Episode 3890/5000 | Avg Reward: 118.14 | Avg Length: 52 | Epsilon: 0.020 | Loss: 48.4260 | Buffer: 100000 | 3.85s/ep | Elapsed: 4.1h
Episode 3900/5000 | Avg Reward: 153.41 | Avg Length: 68 | Epsilon: 0.020 | Loss: 55.9056 | Buffer: 100000 | 5.04s/ep | Elapsed: 4.1h
Episode 3910/5000 | Avg Reward: 99.09 | Avg Length: 49 | Epsilon: 0.020 | Loss: 46.0115 | Buffer: 100000 | 3.65s/ep | Elapsed: 4.1h
Episode 3920/5000 | Avg Reward: 139.86 | Avg Length: 62 | Epsilon: 0.020 | Loss: 49.0062 | Buffer: 100000 | 4.69s/ep | Elapsed: 4.1h
Episode 3930/5000 | Avg Reward: 102.15 | Avg Length: 48 | Epsilon: 0.020 | Loss: 50.6236 | Buffer: 100000 | 3.56s/ep | Elapsed: 4.1h
Episode 3940/5000 | Avg Reward: 175.11 | Avg Length: 78 | Epsilon: 0.020 | Loss: 47.3976 | Buffer: 100000 | 5.86s/ep | Elapsed: 4.1h
Episode 3950/5000 | Avg Reward: 109.72 | Avg Length: 48 | Epsilon: 0.020 | Loss: 52.0865 | Buffer: 100000 | 3.67s/ep | Elapsed: 4.1h
Episode 3960/5000 | Avg Reward: 154.95 | Avg Length: 68 | Epsilon: 0.020 | Loss: 53.4546 | Buffer: 100000 | 5.20s/ep | Elapsed: 4.1h
Episode 3970/5000 | Avg Reward: 141.04 | Avg Length: 66 | Epsilon: 0.020 | Loss: 58.7454 | Buffer: 100000 | 4.99s/ep | Elapsed: 4.2h
Episode 3980/5000 | Avg Reward: 99.70 | Avg Length: 45 | Epsilon: 0.020 | Loss: 62.7265 | Buffer: 100000 | 3.38s/ep | Elapsed: 4.2h
Episode 3990/5000 | Avg Reward: 124.17 | Avg Length: 58 | Epsilon: 0.020 | Loss: 50.1075 | Buffer: 100000 | 4.39s/ep | Elapsed: 4.2h
Episode 4000/5000 | Avg Reward: 123.97 | Avg Length: 54 | Epsilon: 0.020 | Loss: 55.8693 | Buffer: 100000 | 4.14s/ep | Elapsed: 4.2h
Episode 4010/5000 | Avg Reward: 120.60 | Avg Length: 54 | Epsilon: 0.020 | Loss: 44.7630 | Buffer: 100000 | 4.10s/ep | Elapsed: 4.2h
Episode 4020/5000 | Avg Reward: 169.88 | Avg Length: 75 | Epsilon: 0.020 | Loss: 51.1926 | Buffer: 100000 | 5.66s/ep | Elapsed: 4.2h
Episode 4030/5000 | Avg Reward: 187.54 | Avg Length: 82 | Epsilon: 0.020 | Loss: 60.7910 | Buffer: 100000 | 6.37s/ep | Elapsed: 4.2h
Episode 4040/5000 | Avg Reward: 173.85 | Avg Length: 78 | Epsilon: 0.020 | Loss: 59.9676 | Buffer: 100000 | 5.96s/ep | Elapsed: 4.3h
Episode 4050/5000 | Avg Reward: 127.20 | Avg Length: 55 | Epsilon: 0.020 | Loss: 92.2132 | Buffer: 100000 | 4.21s/ep | Elapsed: 4.3h
Episode 4060/5000 | Avg Reward: 142.30 | Avg Length: 65 | Epsilon: 0.020 | Loss: 40.9718 | Buffer: 100000 | 4.95s/ep | Elapsed: 4.3h
Episode 4070/5000 | Avg Reward: 155.97 | Avg Length: 70 | Epsilon: 0.020 | Loss: 71.5200 | Buffer: 100000 | 5.32s/ep | Elapsed: 4.3h
Episode 4080/5000 | Avg Reward: 87.85 | Avg Length: 42 | Epsilon: 0.020 | Loss: 63.3661 | Buffer: 100000 | 3.14s/ep | Elapsed: 4.3h
Episode 4090/5000 | Avg Reward: 184.75 | Avg Length: 82 | Epsilon: 0.020 | Loss: 56.2794 | Buffer: 100000 | 6.23s/ep | Elapsed: 4.3h
Episode 4100/5000 | Avg Reward: 103.06 | Avg Length: 47 | Epsilon: 0.020 | Loss: 71.7081 | Buffer: 100000 | 3.73s/ep | Elapsed: 4.3h
Episode 4110/5000 | Avg Reward: 175.55 | Avg Length: 80 | Epsilon: 0.020 | Loss: 66.7694 | Buffer: 100000 | 6.05s/ep | Elapsed: 4.4h
Episode 4120/5000 | Avg Reward: 132.40 | Avg Length: 62 | Epsilon: 0.020 | Loss: 65.4834 | Buffer: 100000 | 4.70s/ep | Elapsed: 4.4h
Episode 4130/5000 | Avg Reward: 188.04 | Avg Length: 82 | Epsilon: 0.020 | Loss: 59.3256 | Buffer: 100000 | 6.20s/ep | Elapsed: 4.4h
Episode 4140/5000 | Avg Reward: 170.53 | Avg Length: 75 | Epsilon: 0.020 | Loss: 61.2422 | Buffer: 100000 | 5.67s/ep | Elapsed: 4.4h
Episode 4150/5000 | Avg Reward: 151.27 | Avg Length: 66 | Epsilon: 0.020 | Loss: 74.3744 | Buffer: 100000 | 4.94s/ep | Elapsed: 4.4h
Episode 4160/5000 | Avg Reward: 91.93 | Avg Length: 42 | Epsilon: 0.020 | Loss: 72.1074 | Buffer: 100000 | 3.16s/ep | Elapsed: 4.4h
Episode 4170/5000 | Avg Reward: 97.83 | Avg Length: 44 | Epsilon: 0.020 | Loss: 59.6759 | Buffer: 100000 | 3.42s/ep | Elapsed: 4.4h
Episode 4180/5000 | Avg Reward: 129.76 | Avg Length: 58 | Epsilon: 0.020 | Loss: 59.4918 | Buffer: 100000 | 4.46s/ep | Elapsed: 4.4h
Episode 4190/5000 | Avg Reward: 172.90 | Avg Length: 78 | Epsilon: 0.020 | Loss: 68.1084 | Buffer: 100000 | 5.90s/ep | Elapsed: 4.5h
Episode 4200/5000 | Avg Reward: 124.86 | Avg Length: 55 | Epsilon: 0.020 | Loss: 62.7503 | Buffer: 100000 | 4.18s/ep | Elapsed: 4.5h
Episode 4210/5000 | Avg Reward: 126.93 | Avg Length: 58 | Epsilon: 0.020 | Loss: 63.5328 | Buffer: 100000 | 4.51s/ep | Elapsed: 4.5h
Episode 4220/5000 | Avg Reward: 184.77 | Avg Length: 87 | Epsilon: 0.020 | Loss: 66.3066 | Buffer: 100000 | 6.61s/ep | Elapsed: 4.5h
Episode 4230/5000 | Avg Reward: 184.17 | Avg Length: 87 | Epsilon: 0.020 | Loss: 60.8303 | Buffer: 100000 | 6.68s/ep | Elapsed: 4.5h
Episode 4240/5000 | Avg Reward: 74.13 | Avg Length: 34 | Epsilon: 0.020 | Loss: 71.6021 | Buffer: 100000 | 2.59s/ep | Elapsed: 4.5h
Episode 4250/5000 | Avg Reward: 190.51 | Avg Length: 84 | Epsilon: 0.020 | Loss: 68.7170 | Buffer: 100000 | 6.37s/ep | Elapsed: 4.5h
Episode 4260/5000 | Avg Reward: 112.83 | Avg Length: 52 | Epsilon: 0.020 | Loss: 65.0284 | Buffer: 100000 | 3.91s/ep | Elapsed: 4.6h
Episode 4270/5000 | Avg Reward: 138.03 | Avg Length: 64 | Epsilon: 0.020 | Loss: 64.1773 | Buffer: 100000 | 4.82s/ep | Elapsed: 4.6h
Episode 4280/5000 | Avg Reward: 162.06 | Avg Length: 73 | Epsilon: 0.020 | Loss: 70.3291 | Buffer: 100000 | 5.49s/ep | Elapsed: 4.6h
Episode 4290/5000 | Avg Reward: 175.43 | Avg Length: 78 | Epsilon: 0.020 | Loss: 67.9157 | Buffer: 100000 | 5.88s/ep | Elapsed: 4.6h
Episode 4300/5000 | Avg Reward: 99.97 | Avg Length: 46 | Epsilon: 0.020 | Loss: 71.9491 | Buffer: 100000 | 3.42s/ep | Elapsed: 4.6h
Episode 4310/5000 | Avg Reward: 174.27 | Avg Length: 79 | Epsilon: 0.020 | Loss: 60.7917 | Buffer: 100000 | 5.98s/ep | Elapsed: 4.6h
Episode 4320/5000 | Avg Reward: 106.59 | Avg Length: 50 | Epsilon: 0.020 | Loss: 69.1525 | Buffer: 100000 | 3.76s/ep | Elapsed: 4.6h
Episode 4330/5000 | Avg Reward: 136.02 | Avg Length: 63 | Epsilon: 0.020 | Loss: 68.2331 | Buffer: 100000 | 4.71s/ep | Elapsed: 4.6h
Episode 4340/5000 | Avg Reward: 153.71 | Avg Length: 69 | Epsilon: 0.020 | Loss: 78.7721 | Buffer: 100000 | 5.21s/ep | Elapsed: 4.7h
Episode 4350/5000 | Avg Reward: 89.97 | Avg Length: 42 | Epsilon: 0.020 | Loss: 93.7425 | Buffer: 100000 | 3.31s/ep | Elapsed: 4.7h
Episode 4360/5000 | Avg Reward: 104.49 | Avg Length: 49 | Epsilon: 0.020 | Loss: 66.7160 | Buffer: 100000 | 3.67s/ep | Elapsed: 4.7h
Episode 4370/5000 | Avg Reward: 152.86 | Avg Length: 70 | Epsilon: 0.020 | Loss: 71.9469 | Buffer: 100000 | 5.42s/ep | Elapsed: 4.7h
Episode 4380/5000 | Avg Reward: 143.75 | Avg Length: 64 | Epsilon: 0.020 | Loss: 68.0560 | Buffer: 100000 | 4.86s/ep | Elapsed: 4.7h
Episode 4390/5000 | Avg Reward: 142.99 | Avg Length: 65 | Epsilon: 0.020 | Loss: 72.1700 | Buffer: 100000 | 5.02s/ep | Elapsed: 4.7h
Episode 4400/5000 | Avg Reward: 129.41 | Avg Length: 57 | Epsilon: 0.020 | Loss: 78.4804 | Buffer: 100000 | 4.39s/ep | Elapsed: 4.7h
Episode 4410/5000 | Avg Reward: 193.80 | Avg Length: 88 | Epsilon: 0.020 | Loss: 57.8899 | Buffer: 100000 | 6.63s/ep | Elapsed: 4.8h
Episode 4420/5000 | Avg Reward: 147.70 | Avg Length: 68 | Epsilon: 0.020 | Loss: 64.8935 | Buffer: 100000 | 5.41s/ep | Elapsed: 4.8h
Episode 4430/5000 | Avg Reward: 175.74 | Avg Length: 83 | Epsilon: 0.020 | Loss: 64.3601 | Buffer: 100000 | 6.31s/ep | Elapsed: 4.8h
Episode 4440/5000 | Avg Reward: 78.89 | Avg Length: 41 | Epsilon: 0.020 | Loss: 56.3233 | Buffer: 100000 | 3.14s/ep | Elapsed: 4.8h
Episode 4450/5000 | Avg Reward: 138.87 | Avg Length: 62 | Epsilon: 0.020 | Loss: 66.0337 | Buffer: 100000 | 4.70s/ep | Elapsed: 4.8h
Episode 4460/5000 | Avg Reward: 140.33 | Avg Length: 64 | Epsilon: 0.020 | Loss: 64.6533 | Buffer: 100000 | 4.82s/ep | Elapsed: 4.8h
Episode 4470/5000 | Avg Reward: 108.75 | Avg Length: 50 | Epsilon: 0.020 | Loss: 47.3239 | Buffer: 100000 | 3.87s/ep | Elapsed: 4.8h
Episode 4480/5000 | Avg Reward: 86.46 | Avg Length: 39 | Epsilon: 0.020 | Loss: 42.7996 | Buffer: 100000 | 3.05s/ep | Elapsed: 4.8h
Episode 4490/5000 | Avg Reward: 118.82 | Avg Length: 57 | Epsilon: 0.020 | Loss: 63.9446 | Buffer: 100000 | 4.31s/ep | Elapsed: 4.9h
Episode 4500/5000 | Avg Reward: 91.35 | Avg Length: 42 | Epsilon: 0.020 | Loss: 63.2257 | Buffer: 100000 | 3.19s/ep | Elapsed: 4.9h
Episode 4510/5000 | Avg Reward: 133.58 | Avg Length: 60 | Epsilon: 0.020 | Loss: 63.9781 | Buffer: 100000 | 4.50s/ep | Elapsed: 4.9h
Episode 4520/5000 | Avg Reward: 157.96 | Avg Length: 71 | Epsilon: 0.020 | Loss: 71.6271 | Buffer: 100000 | 5.38s/ep | Elapsed: 4.9h
Episode 4530/5000 | Avg Reward: 131.63 | Avg Length: 58 | Epsilon: 0.020 | Loss: 77.6694 | Buffer: 100000 | 4.39s/ep | Elapsed: 4.9h
Episode 4540/5000 | Avg Reward: 113.40 | Avg Length: 51 | Epsilon: 0.020 | Loss: 61.6237 | Buffer: 100000 | 3.85s/ep | Elapsed: 4.9h
Episode 4550/5000 | Avg Reward: 116.38 | Avg Length: 52 | Epsilon: 0.020 | Loss: 71.1492 | Buffer: 100000 | 3.90s/ep | Elapsed: 4.9h
Episode 4560/5000 | Avg Reward: 91.22 | Avg Length: 42 | Epsilon: 0.020 | Loss: 60.0193 | Buffer: 100000 | 3.16s/ep | Elapsed: 4.9h
Episode 4570/5000 | Avg Reward: 77.34 | Avg Length: 39 | Epsilon: 0.020 | Loss: 64.9059 | Buffer: 100000 | 2.92s/ep | Elapsed: 4.9h
Episode 4580/5000 | Avg Reward: 129.44 | Avg Length: 60 | Epsilon: 0.020 | Loss: 58.7430 | Buffer: 100000 | 4.49s/ep | Elapsed: 5.0h
Episode 4590/5000 | Avg Reward: 129.70 | Avg Length: 59 | Epsilon: 0.020 | Loss: 64.8303 | Buffer: 100000 | 4.51s/ep | Elapsed: 5.0h
Episode 4600/5000 | Avg Reward: 167.19 | Avg Length: 74 | Epsilon: 0.020 | Loss: 67.8180 | Buffer: 100000 | 5.60s/ep | Elapsed: 5.0h
Episode 4610/5000 | Avg Reward: 133.29 | Avg Length: 63 | Epsilon: 0.020 | Loss: 64.9424 | Buffer: 100000 | 4.91s/ep | Elapsed: 5.0h
Episode 4620/5000 | Avg Reward: 161.80 | Avg Length: 72 | Epsilon: 0.020 | Loss: 67.0874 | Buffer: 100000 | 5.43s/ep | Elapsed: 5.0h
Episode 4630/5000 | Avg Reward: 174.17 | Avg Length: 78 | Epsilon: 0.020 | Loss: 66.9505 | Buffer: 100000 | 5.94s/ep | Elapsed: 5.0h
Episode 4640/5000 | Avg Reward: 128.20 | Avg Length: 58 | Epsilon: 0.020 | Loss: 66.3037 | Buffer: 100000 | 4.40s/ep | Elapsed: 5.0h
Episode 4650/5000 | Avg Reward: 108.11 | Avg Length: 51 | Epsilon: 0.020 | Loss: 64.8008 | Buffer: 100000 | 3.84s/ep | Elapsed: 5.1h
Episode 4660/5000 | Avg Reward: 150.64 | Avg Length: 68 | Epsilon: 0.020 | Loss: 68.7108 | Buffer: 100000 | 5.15s/ep | Elapsed: 5.1h
Episode 4670/5000 | Avg Reward: 126.22 | Avg Length: 59 | Epsilon: 0.020 | Loss: 56.9374 | Buffer: 100000 | 4.48s/ep | Elapsed: 5.1h
Episode 4680/5000 | Avg Reward: 180.05 | Avg Length: 88 | Epsilon: 0.020 | Loss: 65.9455 | Buffer: 100000 | 6.64s/ep | Elapsed: 5.1h
Episode 4690/5000 | Avg Reward: 136.51 | Avg Length: 61 | Epsilon: 0.020 | Loss: 70.2241 | Buffer: 100000 | 4.77s/ep | Elapsed: 5.1h
Episode 4700/5000 | Avg Reward: 167.12 | Avg Length: 74 | Epsilon: 0.020 | Loss: 65.6387 | Buffer: 100000 | 5.62s/ep | Elapsed: 5.1h
Episode 4710/5000 | Avg Reward: 145.64 | Avg Length: 64 | Epsilon: 0.020 | Loss: 64.2759 | Buffer: 100000 | 4.80s/ep | Elapsed: 5.1h
Episode 4720/5000 | Avg Reward: 103.03 | Avg Length: 45 | Epsilon: 0.020 | Loss: 73.4958 | Buffer: 100000 | 3.38s/ep | Elapsed: 5.1h
Episode 4730/5000 | Avg Reward: 97.35 | Avg Length: 44 | Epsilon: 0.020 | Loss: 63.1750 | Buffer: 100000 | 3.30s/ep | Elapsed: 5.2h
Episode 4740/5000 | Avg Reward: 143.81 | Avg Length: 66 | Epsilon: 0.020 | Loss: 56.4186 | Buffer: 100000 | 4.96s/ep | Elapsed: 5.2h
Episode 4750/5000 | Avg Reward: 128.59 | Avg Length: 60 | Epsilon: 0.020 | Loss: 63.2552 | Buffer: 100000 | 4.45s/ep | Elapsed: 5.2h
Episode 4760/5000 | Avg Reward: 84.71 | Avg Length: 38 | Epsilon: 0.020 | Loss: 55.6710 | Buffer: 100000 | 2.83s/ep | Elapsed: 5.2h
Episode 4770/5000 | Avg Reward: 84.99 | Avg Length: 39 | Epsilon: 0.020 | Loss: 71.0019 | Buffer: 100000 | 2.88s/ep | Elapsed: 5.2h
Episode 4780/5000 | Avg Reward: 124.44 | Avg Length: 59 | Epsilon: 0.020 | Loss: 56.7284 | Buffer: 100000 | 4.38s/ep | Elapsed: 5.2h
Episode 4790/5000 | Avg Reward: 115.55 | Avg Length: 55 | Epsilon: 0.020 | Loss: 82.3587 | Buffer: 100000 | 4.27s/ep | Elapsed: 5.2h
Episode 4800/5000 | Avg Reward: 109.24 | Avg Length: 50 | Epsilon: 0.020 | Loss: 62.8690 | Buffer: 100000 | 3.72s/ep | Elapsed: 5.2h
Episode 4810/5000 | Avg Reward: 154.75 | Avg Length: 70 | Epsilon: 0.020 | Loss: 55.8357 | Buffer: 100000 | 5.18s/ep | Elapsed: 5.2h
Episode 4820/5000 | Avg Reward: 121.54 | Avg Length: 58 | Epsilon: 0.020 | Loss: 59.2021 | Buffer: 100000 | 4.29s/ep | Elapsed: 5.3h
Episode 4830/5000 | Avg Reward: 108.27 | Avg Length: 51 | Epsilon: 0.020 | Loss: 62.0375 | Buffer: 100000 | 3.80s/ep | Elapsed: 5.3h
Episode 4840/5000 | Avg Reward: 164.79 | Avg Length: 76 | Epsilon: 0.020 | Loss: 54.4154 | Buffer: 100000 | 5.72s/ep | Elapsed: 5.3h
Episode 4850/5000 | Avg Reward: 175.53 | Avg Length: 78 | Epsilon: 0.020 | Loss: 61.1604 | Buffer: 100000 | 5.75s/ep | Elapsed: 5.3h
Episode 4860/5000 | Avg Reward: 90.59 | Avg Length: 44 | Epsilon: 0.020 | Loss: 38.3861 | Buffer: 100000 | 3.24s/ep | Elapsed: 5.3h
Episode 4870/5000 | Avg Reward: 97.26 | Avg Length: 47 | Epsilon: 0.020 | Loss: 57.0250 | Buffer: 100000 | 3.49s/ep | Elapsed: 5.3h
Episode 4880/5000 | Avg Reward: 111.09 | Avg Length: 52 | Epsilon: 0.020 | Loss: 54.7188 | Buffer: 100000 | 3.88s/ep | Elapsed: 5.3h
Episode 4890/5000 | Avg Reward: 136.45 | Avg Length: 65 | Epsilon: 0.020 | Loss: 59.3714 | Buffer: 100000 | 4.81s/ep | Elapsed: 5.3h
Episode 4900/5000 | Avg Reward: 147.92 | Avg Length: 70 | Epsilon: 0.020 | Loss: 56.5847 | Buffer: 100000 | 5.22s/ep | Elapsed: 5.4h
Episode 4910/5000 | Avg Reward: 195.38 | Avg Length: 88 | Epsilon: 0.020 | Loss: 57.2997 | Buffer: 100000 | 6.56s/ep | Elapsed: 5.4h
Episode 4920/5000 | Avg Reward: 164.21 | Avg Length: 73 | Epsilon: 0.020 | Loss: 65.2540 | Buffer: 100000 | 5.40s/ep | Elapsed: 5.4h
Episode 4930/5000 | Avg Reward: 187.45 | Avg Length: 84 | Epsilon: 0.020 | Loss: 58.8355 | Buffer: 100000 | 6.27s/ep | Elapsed: 5.4h
Episode 4940/5000 | Avg Reward: 114.33 | Avg Length: 51 | Epsilon: 0.020 | Loss: 54.9421 | Buffer: 100000 | 3.78s/ep | Elapsed: 5.4h
Episode 4950/5000 | Avg Reward: 131.61 | Avg Length: 58 | Epsilon: 0.020 | Loss: 49.6555 | Buffer: 100000 | 4.33s/ep | Elapsed: 5.4h
Episode 4960/5000 | Avg Reward: 161.52 | Avg Length: 73 | Epsilon: 0.020 | Loss: 65.8136 | Buffer: 100000 | 5.48s/ep | Elapsed: 5.4h
Episode 4970/5000 | Avg Reward: 158.39 | Avg Length: 74 | Epsilon: 0.020 | Loss: 60.6635 | Buffer: 100000 | 5.55s/ep | Elapsed: 5.5h
Episode 4980/5000 | Avg Reward: 194.17 | Avg Length: 88 | Epsilon: 0.020 | Loss: 56.4609 | Buffer: 100000 | 6.59s/ep | Elapsed: 5.5h
Episode 4990/5000 | Avg Reward: 148.54 | Avg Length: 72 | Epsilon: 0.020 | Loss: 69.9241 | Buffer: 100000 | 5.40s/ep | Elapsed: 5.5h
Episode 5000/5000 | Avg Reward: 57.05 | Avg Length: 26 | Epsilon: 0.020 | Loss: 41.3763 | Buffer: 100000 | 1.93s/ep | Elapsed: 5.5h
Training completed!
Training progress plot saved to training_progress_dqn_grayscale_speed_cnn.png
Model saved to highway_dqn_grayscale_speed_cnn.pth
Model loaded from highway_dqn_grayscale_speed_cnn.pth

Evaluating agent for 30 episodes...
Episode 1: Reward = 14.16, Steps = 7, Avg Speed = 27.50
Episode 2: Reward = 219.05, Steps = 100, Avg Speed = 27.76
Episode 3: Reward = 6.32, Steps = 4, Avg Speed = 23.93
Episode 4: Reward = 235.00, Steps = 100, Avg Speed = 29.30
Episode 5: Reward = 53.38, Steps = 27, Avg Speed = 26.21
Episode 6: Reward = 73.31, Steps = 35, Avg Speed = 26.92
Episode 7: Reward = 235.16, Steps = 100, Avg Speed = 29.20
Episode 8: Reward = 238.91, Steps = 100, Avg Speed = 29.64
Episode 9: Reward = 56.07, Steps = 30, Avg Speed = 25.16
Episode 10: Reward = 230.25, Steps = 100, Avg Speed = 28.55
Episode 11: Reward = 238.00, Steps = 100, Avg Speed = 29.30
Episode 12: Reward = 31.08, Steps = 14, Avg Speed = 27.75
Episode 13: Reward = 223.23, Steps = 100, Avg Speed = 28.26
Episode 14: Reward = 11.00, Steps = 6, Avg Speed = 25.89
Episode 15: Reward = 236.41, Steps = 100, Avg Speed = 29.64
Episode 16: Reward = 237.33, Steps = 100, Avg Speed = 29.69
Episode 17: Reward = 180.60, Steps = 100, Avg Speed = 24.89
Episode 18: Reward = 237.83, Steps = 100, Avg Speed = 29.69
Episode 19: Reward = 223.15, Steps = 100, Avg Speed = 28.60
Episode 20: Reward = 213.40, Steps = 100, Avg Speed = 27.37
Episode 21: Reward = 19.00, Steps = 9, Avg Speed = 27.08
Episode 22: Reward = 9.50, Steps = 6, Avg Speed = 23.45
Episode 23: Reward = 9.15, Steps = 5, Avg Speed = 24.75
Episode 24: Reward = 236.25, Steps = 100, Avg Speed = 29.45
Episode 25: Reward = 232.99, Steps = 100, Avg Speed = 28.85
Episode 26: Reward = 235.50, Steps = 100, Avg Speed = 29.30
Episode 27: Reward = 36.82, Steps = 17, Avg Speed = 28.15
Episode 28: Reward = 73.66, Steps = 34, Avg Speed = 28.33
Episode 29: Reward = 94.32, Steps = 42, Avg Speed = 28.45
Episode 30: Reward = 8.60, Steps = 5, Avg Speed = 25.63

Average Evaluation Reward: 138.31
Average Evaluation Speed: 27.62
Average reward: 82.97
