/home/lang/SteerNet-v2/.venv/bin/python /home/lang/SteerNet-v2/highway_dqn_grayscale_per_ddqn_NoisyNet_fixed.py
num_actions: 5
observation_space: (4, 240, 64)
Using device: cuda
conv_output_size: 8320
conv_output_size: 8320
Starting training for 5000 episodes...
Using: Double DQN + PER + NoisyNet (no epsilon!)
Observation shape: (4, 240, 64)
Batch size: 256
Ep 10/5000 | Reward: 17.3 | Crash: 70% | Speed: 19.7 | Len: 37 | Loss: 0.0661 | Buffer: 367 | 1.59s/ep | 16s
Ep 20/5000 | Reward: 20.4 | Crash: 85% | Speed: 23.9 | Len: 11 | Loss: 0.0719 | Buffer: 476 | 0.64s/ep | 22s
Ep 30/5000 | Reward: 36.7 | Crash: 90% | Speed: 24.2 | Len: 19 | Loss: 0.0274 | Buffer: 662 | 1.08s/ep | 33s
Ep 40/5000 | Reward: 25.6 | Crash: 92% | Speed: 24.3 | Len: 13 | Loss: 0.0068 | Buffer: 795 | 0.78s/ep | 41s
Ep 50/5000 | Reward: 29.5 | Crash: 94% | Speed: 24.0 | Len: 15 | Loss: 0.0129 | Buffer: 947 | 0.89s/ep | 50s
Ep 60/5000 | Reward: 27.5 | Crash: 95% | Speed: 24.1 | Len: 14 | Loss: 0.0106 | Buffer: 1089 | 0.83s/ep | 58s
Ep 70/5000 | Reward: 20.4 | Crash: 96% | Speed: 23.7 | Len: 11 | Loss: 0.0142 | Buffer: 1197 | 0.64s/ep | 1.1m
Ep 80/5000 | Reward: 22.7 | Crash: 96% | Speed: 23.9 | Len: 12 | Loss: 0.0123 | Buffer: 1316 | 0.71s/ep | 1.2m
Ep 90/5000 | Reward: 36.5 | Crash: 97% | Speed: 24.2 | Len: 18 | Loss: 0.0104 | Buffer: 1501 | 1.10s/ep | 1.4m
Ep 100/5000 | Reward: 22.1 | Crash: 97% | Speed: 23.6 | Len: 12 | Loss: 0.0108 | Buffer: 1617 | 0.69s/ep | 1.5m
Ep 110/5000 | Reward: 26.2 | Crash: 100% | Speed: 24.4 | Len: 14 | Loss: 0.0122 | Buffer: 1753 | 0.78s/ep | 1.6m
Ep 120/5000 | Reward: 23.3 | Crash: 100% | Speed: 24.4 | Len: 12 | Loss: 0.0100 | Buffer: 1875 | 0.70s/ep | 1.7m
Ep 130/5000 | Reward: 57.9 | Crash: 99% | Speed: 23.6 | Len: 37 | Loss: 0.0196 | Buffer: 2245 | 2.17s/ep | 2.1m
Ep 140/5000 | Reward: 21.4 | Crash: 99% | Speed: 24.0 | Len: 12 | Loss: 0.0178 | Buffer: 2363 | 0.68s/ep | 2.2m
Ep 150/5000 | Reward: 62.3 | Crash: 97% | Speed: 23.5 | Len: 40 | Loss: 0.0156 | Buffer: 2761 | 2.33s/ep | 2.6m
Ep 160/5000 | Reward: 31.2 | Crash: 97% | Speed: 24.3 | Len: 17 | Loss: 0.0176 | Buffer: 2928 | 0.97s/ep | 2.8m
Ep 170/5000 | Reward: 69.0 | Crash: 95% | Speed: 23.6 | Len: 38 | Loss: 0.0095 | Buffer: 3313 | 2.23s/ep | 3.1m
Ep 180/5000 | Reward: 43.3 | Crash: 92% | Speed: 21.0 | Len: 43 | Loss: 0.0111 | Buffer: 3744 | 2.52s/ep | 3.6m
Ep 190/5000 | Reward: 44.2 | Crash: 85% | Speed: 16.8 | Len: 73 | Loss: 0.0173 | Buffer: 4478 | 4.26s/ep | 4.3m
Ep 200/5000 | Reward: 35.9 | Crash: 85% | Speed: 23.4 | Len: 20 | Loss: 0.0148 | Buffer: 4681 | 1.19s/ep | 4.5m
Ep 210/5000 | Reward: 35.7 | Crash: 81% | Speed: 19.7 | Len: 49 | Loss: 0.0118 | Buffer: 5172 | 2.87s/ep | 4.9m
Ep 220/5000 | Reward: 49.1 | Crash: 76% | Speed: 18.5 | Len: 62 | Loss: 0.0129 | Buffer: 5788 | 3.65s/ep | 5.6m
Ep 230/5000 | Reward: 54.3 | Crash: 74% | Speed: 22.1 | Len: 43 | Loss: 0.0220 | Buffer: 6215 | 2.56s/ep | 6.0m
Ep 240/5000 | Reward: 76.5 | Crash: 67% | Speed: 18.1 | Len: 75 | Loss: 0.0226 | Buffer: 6969 | 4.41s/ep | 6.7m
Ep 250/5000 | Reward: 55.8 | Crash: 63% | Speed: 17.4 | Len: 68 | Loss: 0.0140 | Buffer: 7645 | 3.97s/ep | 7.4m
Ep 260/5000 | Reward: 81.0 | Crash: 58% | Speed: 21.2 | Len: 60 | Loss: 0.0219 | Buffer: 8241 | 3.51s/ep | 8.0m
Ep 270/5000 | Reward: 92.0 | Crash: 52% | Speed: 17.8 | Len: 87 | Loss: 0.0209 | Buffer: 9115 | 5.19s/ep | 8.8m
Ep 280/5000 | Reward: 59.5 | Crash: 46% | Speed: 14.6 | Len: 91 | Loss: 0.0304 | Buffer: 10021 | 5.38s/ep | 9.7m
Ep 290/5000 | Reward: 71.0 | Crash: 47% | Speed: 19.4 | Len: 66 | Loss: 0.0307 | Buffer: 10685 | 4.02s/ep | 10.4m
Ep 300/5000 | Reward: 80.0 | Crash: 43% | Speed: 21.9 | Len: 55 | Loss: 0.0229 | Buffer: 11234 | 3.37s/ep | 11.0m
Ep 310/5000 | Reward: 53.2 | Crash: 43% | Speed: 20.1 | Len: 50 | Loss: 0.0211 | Buffer: 11731 | 2.97s/ep | 11.4m
Ep 320/5000 | Reward: 85.1 | Crash: 43% | Speed: 20.6 | Len: 64 | Loss: 0.0247 | Buffer: 12373 | 3.83s/ep | 12.1m
Ep 330/5000 | Reward: 72.8 | Crash: 43% | Speed: 23.0 | Len: 41 | Loss: 0.0237 | Buffer: 12781 | 2.46s/ep | 12.5m
Ep 340/5000 | Reward: 53.6 | Crash: 45% | Speed: 19.1 | Len: 60 | Loss: 0.0236 | Buffer: 13376 | 3.53s/ep | 13.1m
Ep 350/5000 | Reward: 93.0 | Crash: 43% | Speed: 17.4 | Len: 85 | Loss: 0.0371 | Buffer: 14229 | 5.12s/ep | 13.9m
Ep 360/5000 | Reward: 105.0 | Crash: 40% | Speed: 19.0 | Len: 84 | Loss: 0.0307 | Buffer: 15070 | 5.01s/ep | 14.8m
Ep 370/5000 | Reward: 88.8 | Crash: 42% | Speed: 19.8 | Len: 70 | Loss: 0.0248 | Buffer: 15774 | 4.24s/ep | 15.5m
Ep 380/5000 | Reward: 77.4 | Crash: 47% | Speed: 21.3 | Len: 53 | Loss: 0.0408 | Buffer: 16307 | 3.14s/ep | 16.0m
Ep 390/5000 | Reward: 79.5 | Crash: 47% | Speed: 19.1 | Len: 68 | Loss: 0.0361 | Buffer: 16988 | 4.01s/ep | 16.7m
Ep 400/5000 | Reward: 141.8 | Crash: 44% | Speed: 23.5 | Len: 75 | Loss: 0.0320 | Buffer: 17741 | 4.47s/ep | 17.4m
Ep 410/5000 | Reward: 99.3 | Crash: 43% | Speed: 22.8 | Len: 58 | Loss: 0.0624 | Buffer: 18319 | 3.54s/ep | 18.0m
Ep 420/5000 | Reward: 106.7 | Crash: 42% | Speed: 22.2 | Len: 67 | Loss: 0.0429 | Buffer: 18986 | 4.03s/ep | 18.7m
Ep 430/5000 | Reward: 83.2 | Crash: 41% | Speed: 22.5 | Len: 50 | Loss: 0.0510 | Buffer: 19486 | 2.96s/ep | 19.2m
Ep 440/5000 | Reward: 66.8 | Crash: 43% | Speed: 21.5 | Len: 49 | Loss: 0.0455 | Buffer: 19974 | 2.89s/ep | 19.7m
Ep 450/5000 | Reward: 127.3 | Crash: 45% | Speed: 22.7 | Len: 74 | Loss: 0.0522 | Buffer: 20711 | 4.38s/ep | 20.4m
Ep 460/5000 | Reward: 39.9 | Crash: 49% | Speed: 20.0 | Len: 47 | Loss: 0.0491 | Buffer: 21183 | 2.81s/ep | 20.9m
Ep 470/5000 | Reward: 86.3 | Crash: 52% | Speed: 23.8 | Len: 47 | Loss: 0.0426 | Buffer: 21649 | 2.77s/ep | 21.3m
Ep 480/5000 | Reward: 114.6 | Crash: 49% | Speed: 21.7 | Len: 74 | Loss: 0.0694 | Buffer: 22387 | 4.38s/ep | 22.0m
Ep 490/5000 | Reward: 77.2 | Crash: 52% | Speed: 23.3 | Len: 45 | Loss: 0.0549 | Buffer: 22835 | 2.66s/ep | 22.5m
Ep 500/5000 | Reward: 84.2 | Crash: 55% | Speed: 22.7 | Len: 54 | Loss: 0.0656 | Buffer: 23379 | 3.25s/ep | 23.0m
Ep 510/5000 | Reward: 103.3 | Crash: 56% | Speed: 23.7 | Len: 54 | Loss: 0.0635 | Buffer: 23921 | 3.25s/ep | 23.6m
Ep 520/5000 | Reward: 74.9 | Crash: 60% | Speed: 22.9 | Len: 46 | Loss: 0.0955 | Buffer: 24381 | 2.75s/ep | 24.0m
Ep 530/5000 | Reward: 82.0 | Crash: 60% | Speed: 21.0 | Len: 60 | Loss: 0.0801 | Buffer: 24977 | 3.57s/ep | 24.6m
Ep 540/5000 | Reward: 102.3 | Crash: 58% | Speed: 20.9 | Len: 71 | Loss: 0.0860 | Buffer: 25690 | 4.27s/ep | 25.3m
Ep 550/5000 | Reward: 104.8 | Crash: 58% | Speed: 21.4 | Len: 70 | Loss: 0.1275 | Buffer: 26395 | 4.21s/ep | 26.0m
Ep 560/5000 | Reward: 107.8 | Crash: 55% | Speed: 21.2 | Len: 75 | Loss: 0.0880 | Buffer: 27143 | 4.53s/ep | 26.8m
Ep 570/5000 | Reward: 88.1 | Crash: 55% | Speed: 23.2 | Len: 51 | Loss: 0.0818 | Buffer: 27655 | 3.09s/ep | 27.3m
Ep 580/5000 | Reward: 130.4 | Crash: 56% | Speed: 22.6 | Len: 78 | Loss: 0.1209 | Buffer: 28432 | 4.66s/ep | 28.1m
Ep 590/5000 | Reward: 121.4 | Crash: 54% | Speed: 24.0 | Len: 65 | Loss: 0.0836 | Buffer: 29080 | 3.93s/ep | 28.7m
Ep 600/5000 | Reward: 102.6 | Crash: 52% | Speed: 21.8 | Len: 69 | Loss: 0.0859 | Buffer: 29773 | 4.19s/ep | 29.4m
Ep 610/5000 | Reward: 126.2 | Crash: 50% | Speed: 22.3 | Len: 78 | Loss: 0.1233 | Buffer: 30558 | 4.75s/ep | 30.2m
Ep 620/5000 | Reward: 119.7 | Crash: 46% | Speed: 23.3 | Len: 68 | Loss: 0.1179 | Buffer: 31236 | 4.10s/ep | 30.9m
Ep 630/5000 | Reward: 113.2 | Crash: 47% | Speed: 23.6 | Len: 62 | Loss: 0.1048 | Buffer: 31861 | 3.80s/ep | 31.5m
Ep 640/5000 | Reward: 98.9 | Crash: 48% | Speed: 22.9 | Len: 59 | Loss: 0.1174 | Buffer: 32451 | 3.57s/ep | 32.1m
Ep 650/5000 | Reward: 116.7 | Crash: 48% | Speed: 23.6 | Len: 65 | Loss: 0.1182 | Buffer: 33098 | 3.93s/ep | 32.8m
Ep 660/5000 | Reward: 153.1 | Crash: 46% | Speed: 21.8 | Len: 94 | Loss: 0.1485 | Buffer: 34043 | 5.73s/ep | 33.8m
Ep 670/5000 | Reward: 185.4 | Crash: 40% | Speed: 23.9 | Len: 99 | Loss: 0.1151 | Buffer: 35037 | 6.05s/ep | 34.8m
Ep 680/5000 | Reward: 131.3 | Crash: 40% | Speed: 22.9 | Len: 79 | Loss: 0.1269 | Buffer: 35826 | 4.78s/ep | 35.6m
Ep 690/5000 | Reward: 80.4 | Crash: 40% | Speed: 21.9 | Len: 57 | Loss: 0.1727 | Buffer: 36398 | 3.48s/ep | 36.1m
Ep 700/5000 | Reward: 138.2 | Crash: 41% | Speed: 24.5 | Len: 72 | Loss: 0.1441 | Buffer: 37123 | 4.40s/ep | 36.9m
Ep 710/5000 | Reward: 107.3 | Crash: 43% | Speed: 24.3 | Len: 58 | Loss: 0.1572 | Buffer: 37701 | 3.52s/ep | 37.5m
Ep 720/5000 | Reward: 150.9 | Crash: 40% | Speed: 22.6 | Len: 92 | Loss: 0.1526 | Buffer: 38619 | 5.58s/ep | 38.4m
Ep 730/5000 | Reward: 151.5 | Crash: 35% | Speed: 23.8 | Len: 82 | Loss: 0.1503 | Buffer: 39441 | 4.99s/ep | 39.2m
Ep 740/5000 | Reward: 108.8 | Crash: 34% | Speed: 23.7 | Len: 63 | Loss: 0.1664 | Buffer: 40072 | 3.84s/ep | 39.9m
Ep 750/5000 | Reward: 171.4 | Crash: 31% | Speed: 23.8 | Len: 93 | Loss: 0.1708 | Buffer: 41004 | 5.68s/ep | 40.8m
Ep 760/5000 | Reward: 101.9 | Crash: 33% | Speed: 21.5 | Len: 73 | Loss: 0.1550 | Buffer: 41736 | 4.47s/ep | 41.5m
Ep 770/5000 | Reward: 146.1 | Crash: 37% | Speed: 24.6 | Len: 75 | Loss: 0.1406 | Buffer: 42486 | 4.60s/ep | 42.3m
Ep 780/5000 | Reward: 168.1 | Crash: 35% | Speed: 24.2 | Len: 90 | Loss: 0.1613 | Buffer: 43383 | 5.50s/ep | 43.2m
Ep 790/5000 | Reward: 159.2 | Crash: 32% | Speed: 24.8 | Len: 82 | Loss: 0.2341 | Buffer: 44203 | 5.01s/ep | 44.1m
Ep 800/5000 | Reward: 179.6 | Crash: 28% | Speed: 25.0 | Len: 94 | Loss: 0.1887 | Buffer: 45140 | 5.77s/ep | 45.0m
Ep 810/5000 | Reward: 83.2 | Crash: 29% | Speed: 23.6 | Len: 49 | Loss: 0.2105 | Buffer: 45632 | 3.02s/ep | 45.5m
Ep 820/5000 | Reward: 127.7 | Crash: 32% | Speed: 23.9 | Len: 72 | Loss: 0.2363 | Buffer: 46356 | 4.46s/ep | 46.3m
Ep 830/5000 | Reward: 130.1 | Crash: 33% | Speed: 22.9 | Len: 76 | Loss: 0.2213 | Buffer: 47121 | 4.71s/ep | 47.1m
Ep 840/5000 | Reward: 173.1 | Crash: 29% | Speed: 24.2 | Len: 92 | Loss: 0.2257 | Buffer: 48040 | 5.66s/ep | 48.0m
Ep 850/5000 | Reward: 136.5 | Crash: 31% | Speed: 23.0 | Len: 78 | Loss: 0.2217 | Buffer: 48824 | 4.84s/ep | 48.8m
Ep 860/5000 | Reward: 161.2 | Crash: 29% | Speed: 23.3 | Len: 91 | Loss: 0.1132 | Buffer: 49735 | 5.64s/ep | 49.7m
Ep 870/5000 | Reward: 132.5 | Crash: 28% | Speed: 23.8 | Len: 72 | Loss: 0.2648 | Buffer: 50454 | 4.47s/ep | 50.5m
Ep 880/5000 | Reward: 149.9 | Crash: 30% | Speed: 24.3 | Len: 79 | Loss: 0.1918 | Buffer: 51243 | 4.91s/ep | 51.3m
Ep 890/5000 | Reward: 161.8 | Crash: 30% | Speed: 24.7 | Len: 84 | Loss: 0.2230 | Buffer: 52082 | 5.30s/ep | 52.2m
Ep 900/5000 | Reward: 149.2 | Crash: 32% | Speed: 24.8 | Len: 76 | Loss: 0.1974 | Buffer: 52839 | 4.84s/ep | 53.0m
Ep 910/5000 | Reward: 169.0 | Crash: 27% | Speed: 24.7 | Len: 88 | Loss: 0.2156 | Buffer: 53717 | 5.54s/ep | 53.9m
Ep 920/5000 | Reward: 137.3 | Crash: 26% | Speed: 23.1 | Len: 81 | Loss: 0.2133 | Buffer: 54523 | 5.03s/ep | 54.8m
Ep 930/5000 | Reward: 149.4 | Crash: 24% | Speed: 22.6 | Len: 92 | Loss: 0.2205 | Buffer: 55440 | 5.73s/ep | 55.7m
Ep 940/5000 | Reward: 177.3 | Crash: 24% | Speed: 24.9 | Len: 92 | Loss: 0.3299 | Buffer: 56355 | 5.72s/ep | 56.7m
Ep 950/5000 | Reward: 128.5 | Crash: 26% | Speed: 24.7 | Len: 66 | Loss: 0.2653 | Buffer: 57013 | 4.14s/ep | 57.4m
Ep 960/5000 | Reward: 140.2 | Crash: 27% | Speed: 22.7 | Len: 85 | Loss: 0.1992 | Buffer: 57862 | 5.32s/ep | 58.2m
Ep 970/5000 | Reward: 144.7 | Crash: 25% | Speed: 22.4 | Len: 89 | Loss: 0.2450 | Buffer: 58752 | 5.63s/ep | 59.2m
Ep 980/5000 | Reward: 163.0 | Crash: 23% | Speed: 24.9 | Len: 83 | Loss: 0.2682 | Buffer: 59582 | 5.20s/ep | 1.0h
Ep 990/5000 | Reward: 162.9 | Crash: 23% | Speed: 23.7 | Len: 92 | Loss: 0.3162 | Buffer: 60504 | 5.83s/ep | 1.0h
Ep 1000/5000 | Reward: 143.7 | Crash: 22% | Speed: 23.5 | Len: 82 | Loss: 0.2605 | Buffer: 61323 | 5.18s/ep | 1.0h
Ep 1010/5000 | Reward: 138.9 | Crash: 24% | Speed: 24.1 | Len: 75 | Loss: 0.3148 | Buffer: 62072 | 4.77s/ep | 1.0h
Ep 1020/5000 | Reward: 129.2 | Crash: 24% | Speed: 22.4 | Len: 81 | Loss: 0.2746 | Buffer: 62882 | 5.09s/ep | 1.1h
Ep 1030/5000 | Reward: 151.1 | Crash: 25% | Speed: 24.1 | Len: 83 | Loss: 0.2923 | Buffer: 63710 | 5.25s/ep | 1.1h
Ep 1040/5000 | Reward: 144.2 | Crash: 27% | Speed: 24.2 | Len: 75 | Loss: 0.3321 | Buffer: 64458 | 4.67s/ep | 1.1h
Ep 1050/5000 | Reward: 165.0 | Crash: 24% | Speed: 24.8 | Len: 86 | Loss: 0.2637 | Buffer: 65320 | 5.44s/ep | 1.1h
Ep 1060/5000 | Reward: 180.1 | Crash: 22% | Speed: 23.8 | Len: 100 | Loss: 0.2904 | Buffer: 66320 | 6.29s/ep | 1.1h
Ep 1070/5000 | Reward: 151.3 | Crash: 23% | Speed: 24.9 | Len: 78 | Loss: 0.2957 | Buffer: 67103 | 4.99s/ep | 1.1h
Ep 1080/5000 | Reward: 157.7 | Crash: 23% | Speed: 24.7 | Len: 82 | Loss: 0.2815 | Buffer: 67923 | 5.18s/ep | 1.1h
Ep 1090/5000 | Reward: 173.9 | Crash: 22% | Speed: 23.4 | Len: 99 | Loss: 0.2716 | Buffer: 68914 | 6.31s/ep | 1.2h
Ep 1100/5000 | Reward: 130.7 | Crash: 22% | Speed: 21.2 | Len: 90 | Loss: 0.1785 | Buffer: 69809 | 5.67s/ep | 1.2h
Ep 1110/5000 | Reward: 147.8 | Crash: 20% | Speed: 23.7 | Len: 83 | Loss: 0.2898 | Buffer: 70642 | 5.31s/ep | 1.2h
Ep 1120/5000 | Reward: 180.6 | Crash: 18% | Speed: 25.0 | Len: 92 | Loss: 0.2638 | Buffer: 71561 | 5.82s/ep | 1.2h
Ep 1130/5000 | Reward: 144.3 | Crash: 18% | Speed: 23.4 | Len: 82 | Loss: 0.2860 | Buffer: 72384 | 5.33s/ep | 1.2h
Ep 1140/5000 | Reward: 183.5 | Crash: 16% | Speed: 23.9 | Len: 99 | Loss: 0.3104 | Buffer: 73378 | 6.37s/ep | 1.2h
Ep 1150/5000 | Reward: 136.3 | Crash: 17% | Speed: 24.2 | Len: 73 | Loss: 0.3570 | Buffer: 74105 | 4.69s/ep | 1.3h
Ep 1160/5000 | Reward: 140.2 | Crash: 19% | Speed: 23.1 | Len: 83 | Loss: 0.2919 | Buffer: 74935 | 5.30s/ep | 1.3h
Ep 1170/5000 | Reward: 140.9 | Crash: 19% | Speed: 24.5 | Len: 73 | Loss: 0.2742 | Buffer: 75665 | 4.67s/ep | 1.3h
Ep 1180/5000 | Reward: 157.5 | Crash: 19% | Speed: 24.6 | Len: 82 | Loss: 0.3242 | Buffer: 76487 | 5.29s/ep | 1.3h
Ep 1190/5000 | Reward: 120.0 | Crash: 21% | Speed: 22.8 | Len: 75 | Loss: 0.2666 | Buffer: 77237 | 4.81s/ep | 1.3h
Ep 1200/5000 | Reward: 147.1 | Crash: 22% | Speed: 23.9 | Len: 82 | Loss: 0.3221 | Buffer: 78055 | 5.24s/ep | 1.3h
Ep 1210/5000 | Reward: 112.6 | Crash: 24% | Speed: 23.3 | Len: 66 | Loss: 0.2884 | Buffer: 78720 | 4.29s/ep | 1.3h
Ep 1220/5000 | Reward: 130.1 | Crash: 26% | Speed: 23.0 | Len: 79 | Loss: 0.3059 | Buffer: 79511 | 5.09s/ep | 1.4h
Ep 1230/5000 | Reward: 160.9 | Crash: 25% | Speed: 23.6 | Len: 91 | Loss: 0.3099 | Buffer: 80417 | 5.81s/ep | 1.4h
Ep 1240/5000 | Reward: 153.4 | Crash: 28% | Speed: 23.2 | Len: 89 | Loss: 0.3334 | Buffer: 81304 | 5.81s/ep | 1.4h
Ep 1250/5000 | Reward: 124.7 | Crash: 28% | Speed: 23.0 | Len: 72 | Loss: 0.3082 | Buffer: 82028 | 4.68s/ep | 1.4h
Ep 1260/5000 | Reward: 140.5 | Crash: 28% | Speed: 22.3 | Len: 88 | Loss: 0.3537 | Buffer: 82910 | 5.72s/ep | 1.4h
Ep 1270/5000 | Reward: 99.2 | Crash: 32% | Speed: 24.2 | Len: 53 | Loss: 0.2862 | Buffer: 83443 | 3.44s/ep | 1.4h
Ep 1280/5000 | Reward: 161.7 | Crash: 30% | Speed: 22.3 | Len: 100 | Loss: 0.4357 | Buffer: 84443 | 6.40s/ep | 1.4h
Ep 1290/5000 | Reward: 175.4 | Crash: 27% | Speed: 23.7 | Len: 100 | Loss: 0.3353 | Buffer: 85443 | 6.40s/ep | 1.5h
Ep 1300/5000 | Reward: 141.0 | Crash: 28% | Speed: 24.4 | Len: 74 | Loss: 0.3803 | Buffer: 86184 | 4.78s/ep | 1.5h
Ep 1310/5000 | Reward: 179.2 | Crash: 24% | Speed: 23.8 | Len: 100 | Loss: 0.3489 | Buffer: 87184 | 6.48s/ep | 1.5h
Ep 1320/5000 | Reward: 175.9 | Crash: 23% | Speed: 24.6 | Len: 92 | Loss: 0.4546 | Buffer: 88100 | 5.92s/ep | 1.5h
Ep 1330/5000 | Reward: 159.5 | Crash: 24% | Speed: 24.6 | Len: 84 | Loss: 0.3447 | Buffer: 88935 | 5.39s/ep | 1.5h
Ep 1340/5000 | Reward: 111.2 | Crash: 24% | Speed: 23.8 | Len: 62 | Loss: 0.3312 | Buffer: 89560 | 4.06s/ep | 1.5h
Ep 1350/5000 | Reward: 166.2 | Crash: 22% | Speed: 24.0 | Len: 90 | Loss: 0.3844 | Buffer: 90464 | 5.89s/ep | 1.5h
Ep 1360/5000 | Reward: 102.7 | Crash: 25% | Speed: 24.0 | Len: 55 | Loss: 0.3187 | Buffer: 91015 | 3.58s/ep | 1.6h
Ep 1370/5000 | Reward: 175.6 | Crash: 19% | Speed: 24.9 | Len: 91 | Loss: 0.3596 | Buffer: 91928 | 5.96s/ep | 1.6h
Ep 1380/5000 | Reward: 172.1 | Crash: 20% | Speed: 24.5 | Len: 92 | Loss: 0.4504 | Buffer: 92843 | 6.01s/ep | 1.6h
Ep 1390/5000 | Reward: 158.1 | Crash: 21% | Speed: 23.6 | Len: 92 | Loss: 0.4496 | Buffer: 93760 | 5.99s/ep | 1.6h
Ep 1400/5000 | Reward: 162.0 | Crash: 19% | Speed: 24.9 | Len: 84 | Loss: 0.4259 | Buffer: 94596 | 5.46s/ep | 1.6h
Ep 1410/5000 | Reward: 145.4 | Crash: 21% | Speed: 23.6 | Len: 81 | Loss: 0.3980 | Buffer: 95408 | 5.29s/ep | 1.6h
Ep 1420/5000 | Reward: 161.9 | Crash: 21% | Speed: 24.9 | Len: 84 | Loss: 0.4991 | Buffer: 96252 | 5.57s/ep | 1.7h
Ep 1430/5000 | Reward: 172.6 | Crash: 20% | Speed: 24.4 | Len: 90 | Loss: 0.4879 | Buffer: 97155 | 6.10s/ep | 1.7h
Ep 1440/5000 | Reward: 127.7 | Crash: 20% | Speed: 23.8 | Len: 73 | Loss: 0.4392 | Buffer: 97882 | 4.89s/ep | 1.7h
Ep 1450/5000 | Reward: 168.7 | Crash: 21% | Speed: 23.8 | Len: 93 | Loss: 0.4461 | Buffer: 98815 | 6.30s/ep | 1.7h
Ep 1460/5000 | Reward: 163.9 | Crash: 17% | Speed: 23.4 | Len: 90 | Loss: 0.4415 | Buffer: 99718 | 6.10s/ep | 1.7h
Ep 1470/5000 | Reward: 126.0 | Crash: 20% | Speed: 24.6 | Len: 66 | Loss: 0.5036 | Buffer: 100000 | 4.41s/ep | 1.7h
Ep 1480/5000 | Reward: 128.7 | Crash: 23% | Speed: 24.0 | Len: 69 | Loss: 0.4259 | Buffer: 100000 | 4.67s/ep | 1.7h
Ep 1490/5000 | Reward: 156.0 | Crash: 24% | Speed: 24.8 | Len: 82 | Loss: 0.2137 | Buffer: 100000 | 5.53s/ep | 1.8h
Ep 1500/5000 | Reward: 158.6 | Crash: 24% | Speed: 24.4 | Len: 84 | Loss: 0.4218 | Buffer: 100000 | 5.72s/ep | 1.8h
Ep 1510/5000 | Reward: 169.0 | Crash: 23% | Speed: 23.4 | Len: 95 | Loss: 0.5356 | Buffer: 100000 | 6.47s/ep | 1.8h
Ep 1520/5000 | Reward: 191.9 | Crash: 22% | Speed: 25.0 | Len: 99 | Loss: 0.4985 | Buffer: 100000 | 6.66s/ep | 1.8h
Ep 1530/5000 | Reward: 126.5 | Crash: 25% | Speed: 24.6 | Len: 66 | Loss: 0.4779 | Buffer: 100000 | 4.45s/ep | 1.8h
Ep 1540/5000 | Reward: 141.9 | Crash: 23% | Speed: 22.5 | Len: 89 | Loss: 0.5045 | Buffer: 100000 | 6.00s/ep | 1.8h
Ep 1550/5000 | Reward: 165.2 | Crash: 23% | Speed: 24.8 | Len: 87 | Loss: 0.6157 | Buffer: 100000 | 5.84s/ep | 1.9h
Ep 1560/5000 | Reward: 155.5 | Crash: 24% | Speed: 24.7 | Len: 82 | Loss: 0.4871 | Buffer: 100000 | 5.49s/ep | 1.9h
Ep 1570/5000 | Reward: 166.9 | Crash: 22% | Speed: 24.4 | Len: 86 | Loss: 0.4605 | Buffer: 100000 | 5.79s/ep | 1.9h
Ep 1580/5000 | Reward: 178.4 | Crash: 18% | Speed: 23.5 | Len: 100 | Loss: 0.5115 | Buffer: 100000 | 6.71s/ep | 1.9h
Ep 1590/5000 | Reward: 157.4 | Crash: 18% | Speed: 24.8 | Len: 82 | Loss: 0.5475 | Buffer: 100000 | 5.49s/ep | 1.9h
Ep 1600/5000 | Reward: 142.0 | Crash: 20% | Speed: 24.7 | Len: 73 | Loss: 0.4944 | Buffer: 100000 | 4.95s/ep | 1.9h
Ep 1610/5000 | Reward: 168.2 | Crash: 21% | Speed: 24.9 | Len: 87 | Loss: 0.5909 | Buffer: 100000 | 5.86s/ep | 2.0h
Ep 1620/5000 | Reward: 156.2 | Crash: 21% | Speed: 23.6 | Len: 92 | Loss: 0.5537 | Buffer: 100000 | 6.11s/ep | 2.0h
Ep 1630/5000 | Reward: 179.9 | Crash: 18% | Speed: 24.9 | Len: 92 | Loss: 0.4752 | Buffer: 100000 | 6.20s/ep | 2.0h
Ep 1640/5000 | Reward: 195.3 | Crash: 16% | Speed: 25.0 | Len: 100 | Loss: 0.4871 | Buffer: 100000 | 6.72s/ep | 2.0h
Ep 1650/5000 | Reward: 114.3 | Crash: 18% | Speed: 23.4 | Len: 69 | Loss: 0.5096 | Buffer: 100000 | 4.64s/ep | 2.0h
Ep 1660/5000 | Reward: 125.0 | Crash: 20% | Speed: 24.6 | Len: 64 | Loss: 0.5817 | Buffer: 100000 | 4.28s/ep | 2.0h
Ep 1670/5000 | Reward: 154.0 | Crash: 19% | Speed: 23.2 | Len: 91 | Loss: 0.5181 | Buffer: 100000 | 6.08s/ep | 2.0h
Ep 1680/5000 | Reward: 150.9 | Crash: 22% | Speed: 24.7 | Len: 80 | Loss: 0.4176 | Buffer: 100000 | 5.34s/ep | 2.1h
Ep 1690/5000 | Reward: 126.5 | Crash: 23% | Speed: 23.5 | Len: 75 | Loss: 0.6485 | Buffer: 100000 | 5.00s/ep | 2.1h
Ep 1700/5000 | Reward: 131.8 | Crash: 23% | Speed: 24.3 | Len: 71 | Loss: 0.3996 | Buffer: 100000 | 4.73s/ep | 2.1h
Ep 1710/5000 | Reward: 175.3 | Crash: 22% | Speed: 24.9 | Len: 91 | Loss: 0.6985 | Buffer: 100000 | 6.04s/ep | 2.1h
Ep 1720/5000 | Reward: 147.7 | Crash: 22% | Speed: 22.6 | Len: 91 | Loss: 0.4738 | Buffer: 100000 | 6.14s/ep | 2.1h
Ep 1730/5000 | Reward: 166.7 | Crash: 21% | Speed: 22.9 | Len: 100 | Loss: 0.5112 | Buffer: 100000 | 6.76s/ep | 2.1h
Ep 1740/5000 | Reward: 136.3 | Crash: 25% | Speed: 24.2 | Len: 73 | Loss: 0.7391 | Buffer: 100000 | 4.87s/ep | 2.2h
Ep 1750/5000 | Reward: 147.7 | Crash: 22% | Speed: 21.6 | Len: 97 | Loss: 0.5945 | Buffer: 100000 | 6.51s/ep | 2.2h
Ep 1760/5000 | Reward: 172.3 | Crash: 19% | Speed: 24.5 | Len: 92 | Loss: 0.5468 | Buffer: 100000 | 6.14s/ep | 2.2h
Ep 1770/5000 | Reward: 127.6 | Crash: 21% | Speed: 22.3 | Len: 80 | Loss: 0.4999 | Buffer: 100000 | 5.40s/ep | 2.2h
Ep 1780/5000 | Reward: 163.6 | Crash: 19% | Speed: 23.9 | Len: 90 | Loss: 0.5545 | Buffer: 100000 | 6.05s/ep | 2.2h
Ep 1790/5000 | Reward: 157.9 | Crash: 18% | Speed: 24.6 | Len: 81 | Loss: 0.5066 | Buffer: 100000 | 5.45s/ep | 2.2h
Ep 1800/5000 | Reward: 158.6 | Crash: 15% | Speed: 23.6 | Len: 90 | Loss: 0.5163 | Buffer: 100000 | 6.05s/ep | 2.3h
Ep 1810/5000 | Reward: 146.3 | Crash: 17% | Speed: 24.4 | Len: 79 | Loss: 0.4425 | Buffer: 100000 | 5.34s/ep | 2.3h
Ep 1820/5000 | Reward: 147.2 | Crash: 19% | Speed: 24.2 | Len: 82 | Loss: 0.4881 | Buffer: 100000 | 5.49s/ep | 2.3h
Ep 1830/5000 | Reward: 189.8 | Crash: 20% | Speed: 25.0 | Len: 98 | Loss: 0.5382 | Buffer: 100000 | 6.54s/ep | 2.3h
Ep 1840/5000 | Reward: 133.8 | Crash: 20% | Speed: 24.6 | Len: 70 | Loss: 0.5168 | Buffer: 100000 | 4.68s/ep | 2.3h
Ep 1850/5000 | Reward: 105.7 | Crash: 23% | Speed: 23.4 | Len: 64 | Loss: 0.5434 | Buffer: 100000 | 4.26s/ep | 2.3h
Ep 1860/5000 | Reward: 132.5 | Crash: 25% | Speed: 23.6 | Len: 76 | Loss: 0.4322 | Buffer: 100000 | 5.08s/ep | 2.3h
Ep 1870/5000 | Reward: 157.3 | Crash: 24% | Speed: 24.9 | Len: 82 | Loss: 0.3612 | Buffer: 100000 | 5.52s/ep | 2.4h
Ep 1880/5000 | Reward: 154.9 | Crash: 25% | Speed: 23.8 | Len: 88 | Loss: 0.7130 | Buffer: 100000 | 5.92s/ep | 2.4h
Ep 1890/5000 | Reward: 149.8 | Crash: 25% | Speed: 22.8 | Len: 92 | Loss: 0.5643 | Buffer: 100000 | 6.13s/ep | 2.4h
Ep 1900/5000 | Reward: 152.5 | Crash: 26% | Speed: 24.2 | Len: 82 | Loss: 0.7647 | Buffer: 100000 | 5.47s/ep | 2.4h
Ep 1910/5000 | Reward: 163.5 | Crash: 24% | Speed: 24.1 | Len: 91 | Loss: 0.5838 | Buffer: 100000 | 6.09s/ep | 2.4h
Ep 1920/5000 | Reward: 124.3 | Crash: 24% | Speed: 23.2 | Len: 74 | Loss: 0.7727 | Buffer: 100000 | 4.97s/ep | 2.4h
Ep 1930/5000 | Reward: 137.3 | Crash: 26% | Speed: 24.2 | Len: 75 | Loss: 0.7259 | Buffer: 100000 | 5.00s/ep | 2.5h
Ep 1940/5000 | Reward: 163.7 | Crash: 24% | Speed: 24.0 | Len: 92 | Loss: 0.6341 | Buffer: 100000 | 6.13s/ep | 2.5h
Ep 1950/5000 | Reward: 141.7 | Crash: 22% | Speed: 23.8 | Len: 81 | Loss: 0.6293 | Buffer: 100000 | 5.44s/ep | 2.5h
Ep 1960/5000 | Reward: 146.2 | Crash: 22% | Speed: 24.9 | Len: 77 | Loss: 0.6752 | Buffer: 100000 | 5.15s/ep | 2.5h
Ep 1970/5000 | Reward: 129.3 | Crash: 24% | Speed: 24.8 | Len: 70 | Loss: 0.6041 | Buffer: 100000 | 4.71s/ep | 2.5h
Ep 1980/5000 | Reward: 88.0 | Crash: 28% | Speed: 24.1 | Len: 47 | Loss: 0.6596 | Buffer: 100000 | 3.16s/ep | 2.5h
Ep 1990/5000 | Reward: 135.7 | Crash: 29% | Speed: 23.6 | Len: 80 | Loss: 0.6479 | Buffer: 100000 | 5.33s/ep | 2.5h
Ep 2000/5000 | Reward: 150.6 | Crash: 30% | Speed: 25.0 | Len: 79 | Loss: 0.7225 | Buffer: 100000 | 5.30s/ep | 2.5h
Ep 2010/5000 | Reward: 168.6 | Crash: 31% | Speed: 24.4 | Len: 87 | Loss: 0.5546 | Buffer: 100000 | 5.83s/ep | 2.6h
Ep 2020/5000 | Reward: 154.3 | Crash: 30% | Speed: 24.2 | Len: 85 | Loss: 0.5904 | Buffer: 100000 | 5.71s/ep | 2.6h
Ep 2030/5000 | Reward: 146.0 | Crash: 30% | Speed: 24.6 | Len: 76 | Loss: 0.6228 | Buffer: 100000 | 5.09s/ep | 2.6h
Ep 2040/5000 | Reward: 149.4 | Crash: 29% | Speed: 22.6 | Len: 92 | Loss: 0.7575 | Buffer: 100000 | 6.17s/ep | 2.6h
Ep 2050/5000 | Reward: 156.7 | Crash: 29% | Speed: 24.6 | Len: 82 | Loss: 0.6745 | Buffer: 100000 | 5.51s/ep | 2.6h
Ep 2060/5000 | Reward: 145.3 | Crash: 29% | Speed: 23.9 | Len: 82 | Loss: 0.5683 | Buffer: 100000 | 5.55s/ep | 2.6h
Ep 2070/5000 | Reward: 156.3 | Crash: 27% | Speed: 24.7 | Len: 82 | Loss: 0.5606 | Buffer: 100000 | 5.52s/ep | 2.7h
Ep 2080/5000 | Reward: 134.7 | Crash: 24% | Speed: 24.1 | Len: 73 | Loss: 0.6817 | Buffer: 100000 | 4.92s/ep | 2.7h
Ep 2090/5000 | Reward: 160.8 | Crash: 23% | Speed: 24.5 | Len: 86 | Loss: 0.5923 | Buffer: 100000 | 5.77s/ep | 2.7h
Ep 2100/5000 | Reward: 99.2 | Crash: 24% | Speed: 22.7 | Len: 66 | Loss: 0.9466 | Buffer: 100000 | 4.39s/ep | 2.7h
Ep 2110/5000 | Reward: 169.1 | Crash: 23% | Speed: 24.2 | Len: 92 | Loss: 0.7329 | Buffer: 100000 | 6.24s/ep | 2.7h
Ep 2120/5000 | Reward: 161.9 | Crash: 23% | Speed: 24.5 | Len: 86 | Loss: 0.7379 | Buffer: 100000 | 5.82s/ep | 2.7h
Ep 2130/5000 | Reward: 173.5 | Crash: 22% | Speed: 24.7 | Len: 90 | Loss: 0.6394 | Buffer: 100000 | 6.09s/ep | 2.8h
Ep 2140/5000 | Reward: 129.1 | Crash: 24% | Speed: 23.7 | Len: 73 | Loss: 0.8216 | Buffer: 100000 | 4.94s/ep | 2.8h
Ep 2150/5000 | Reward: 158.8 | Crash: 23% | Speed: 23.4 | Len: 91 | Loss: 0.7812 | Buffer: 100000 | 6.13s/ep | 2.8h
Ep 2160/5000 | Reward: 150.5 | Crash: 23% | Speed: 24.4 | Len: 81 | Loss: 0.6880 | Buffer: 100000 | 5.55s/ep | 2.8h
Ep 2170/5000 | Reward: 142.6 | Crash: 23% | Speed: 23.6 | Len: 83 | Loss: 0.8591 | Buffer: 100000 | 5.57s/ep | 2.8h
Ep 2180/5000 | Reward: 146.8 | Crash: 21% | Speed: 22.6 | Len: 91 | Loss: 0.7777 | Buffer: 100000 | 6.06s/ep | 2.8h
Ep 2190/5000 | Reward: 108.9 | Crash: 24% | Speed: 24.8 | Len: 58 | Loss: 0.6789 | Buffer: 100000 | 3.91s/ep | 2.8h
Ep 2200/5000 | Reward: 152.3 | Crash: 22% | Speed: 24.7 | Len: 82 | Loss: 0.6461 | Buffer: 100000 | 5.48s/ep | 2.9h
Ep 2210/5000 | Reward: 145.9 | Crash: 24% | Speed: 24.9 | Len: 78 | Loss: 0.6329 | Buffer: 100000 | 5.24s/ep | 2.9h
Ep 2220/5000 | Reward: 113.5 | Crash: 26% | Speed: 23.8 | Len: 66 | Loss: 0.7958 | Buffer: 100000 | 4.47s/ep | 2.9h
Ep 2230/5000 | Reward: 150.1 | Crash: 25% | Speed: 22.9 | Len: 90 | Loss: 0.6803 | Buffer: 100000 | 6.06s/ep | 2.9h
Ep 2240/5000 | Reward: 137.5 | Crash: 25% | Speed: 24.5 | Len: 73 | Loss: 0.3800 | Buffer: 100000 | 4.89s/ep | 2.9h
Ep 2250/5000 | Reward: 155.8 | Crash: 25% | Speed: 23.6 | Len: 91 | Loss: 0.6827 | Buffer: 100000 | 6.09s/ep | 2.9h
Ep 2260/5000 | Reward: 116.7 | Crash: 26% | Speed: 24.4 | Len: 65 | Loss: 0.6611 | Buffer: 100000 | 4.40s/ep | 2.9h
Ep 2270/5000 | Reward: 162.6 | Crash: 25% | Speed: 23.9 | Len: 93 | Loss: 0.8328 | Buffer: 100000 | 6.27s/ep | 3.0h
Ep 2280/5000 | Reward: 137.9 | Crash: 27% | Speed: 24.3 | Len: 75 | Loss: 0.6734 | Buffer: 100000 | 5.08s/ep | 3.0h
Ep 2290/5000 | Reward: 158.7 | Crash: 24% | Speed: 24.8 | Len: 83 | Loss: 0.6894 | Buffer: 100000 | 5.61s/ep | 3.0h
Ep 2300/5000 | Reward: 126.3 | Crash: 24% | Speed: 21.7 | Len: 86 | Loss: 0.7422 | Buffer: 100000 | 5.82s/ep | 3.0h
Ep 2310/5000 | Reward: 153.8 | Crash: 23% | Speed: 23.6 | Len: 87 | Loss: 0.7320 | Buffer: 100000 | 5.93s/ep | 3.0h
Ep 2320/5000 | Reward: 118.1 | Crash: 24% | Speed: 24.4 | Len: 63 | Loss: 0.7843 | Buffer: 100000 | 4.24s/ep | 3.0h
Ep 2330/5000 | Reward: 143.2 | Crash: 26% | Speed: 24.8 | Len: 74 | Loss: 0.7344 | Buffer: 100000 | 5.03s/ep | 3.0h
Ep 2340/5000 | Reward: 174.6 | Crash: 23% | Speed: 23.3 | Len: 100 | Loss: 0.6249 | Buffer: 100000 | 6.70s/ep | 3.1h
Ep 2350/5000 | Reward: 168.2 | Crash: 23% | Speed: 23.9 | Len: 93 | Loss: 0.8377 | Buffer: 100000 | 6.24s/ep | 3.1h
Ep 2360/5000 | Reward: 172.1 | Crash: 20% | Speed: 24.5 | Len: 91 | Loss: 0.8146 | Buffer: 100000 | 6.11s/ep | 3.1h
Ep 2370/5000 | Reward: 115.8 | Crash: 24% | Speed: 24.2 | Len: 63 | Loss: 0.8190 | Buffer: 100000 | 4.22s/ep | 3.1h
Ep 2380/5000 | Reward: 143.5 | Crash: 24% | Speed: 23.8 | Len: 83 | Loss: 0.7511 | Buffer: 100000 | 5.54s/ep | 3.1h
Ep 2390/5000 | Reward: 193.1 | Crash: 22% | Speed: 25.0 | Len: 100 | Loss: 0.8066 | Buffer: 100000 | 6.69s/ep | 3.1h
Ep 2400/5000 | Reward: 128.0 | Crash: 23% | Speed: 23.7 | Len: 74 | Loss: 0.9368 | Buffer: 100000 | 4.93s/ep | 3.2h
Ep 2410/5000 | Reward: 87.4 | Crash: 26% | Speed: 22.9 | Len: 55 | Loss: 0.6552 | Buffer: 100000 | 3.67s/ep | 3.2h
Ep 2420/5000 | Reward: 129.2 | Crash: 25% | Speed: 23.7 | Len: 74 | Loss: 1.9321 | Buffer: 100000 | 5.00s/ep | 3.2h
Ep 2430/5000 | Reward: 119.0 | Crash: 26% | Speed: 24.3 | Len: 63 | Loss: 0.8147 | Buffer: 100000 | 4.25s/ep | 3.2h
Ep 2440/5000 | Reward: 183.7 | Crash: 26% | Speed: 24.0 | Len: 100 | Loss: 0.6707 | Buffer: 100000 | 6.73s/ep | 3.2h
Ep 2450/5000 | Reward: 120.1 | Crash: 29% | Speed: 24.1 | Len: 64 | Loss: 0.7354 | Buffer: 100000 | 4.33s/ep | 3.2h
Ep 2460/5000 | Reward: 159.8 | Crash: 29% | Speed: 23.8 | Len: 91 | Loss: 0.8272 | Buffer: 100000 | 6.13s/ep | 3.2h
Ep 2470/5000 | Reward: 160.0 | Crash: 25% | Speed: 23.9 | Len: 92 | Loss: 0.8200 | Buffer: 100000 | 6.18s/ep | 3.3h
Ep 2480/5000 | Reward: 137.7 | Crash: 25% | Speed: 24.4 | Len: 73 | Loss: 0.7141 | Buffer: 100000 | 4.92s/ep | 3.3h
Ep 2490/5000 | Reward: 179.8 | Crash: 26% | Speed: 25.0 | Len: 94 | Loss: 0.7683 | Buffer: 100000 | 6.28s/ep | 3.3h
Ep 2500/5000 | Reward: 157.6 | Crash: 25% | Speed: 24.8 | Len: 83 | Loss: 0.8690 | Buffer: 100000 | 5.59s/ep | 3.3h
Ep 2510/5000 | Reward: 151.1 | Crash: 21% | Speed: 22.8 | Len: 91 | Loss: 0.7161 | Buffer: 100000 | 6.09s/ep | 3.3h
Ep 2520/5000 | Reward: 185.1 | Crash: 17% | Speed: 24.4 | Len: 100 | Loss: 0.7500 | Buffer: 100000 | 6.74s/ep | 3.3h
Ep 2530/5000 | Reward: 121.9 | Crash: 17% | Speed: 24.3 | Len: 66 | Loss: 0.9287 | Buffer: 100000 | 4.43s/ep | 3.4h
Ep 2540/5000 | Reward: 121.1 | Crash: 21% | Speed: 24.3 | Len: 64 | Loss: 0.8020 | Buffer: 100000 | 4.31s/ep | 3.4h
Ep 2550/5000 | Reward: 162.3 | Crash: 19% | Speed: 24.8 | Len: 86 | Loss: 0.9013 | Buffer: 100000 | 5.75s/ep | 3.4h
Ep 2560/5000 | Reward: 89.7 | Crash: 22% | Speed: 21.1 | Len: 66 | Loss: 0.7121 | Buffer: 100000 | 4.44s/ep | 3.4h
Ep 2570/5000 | Reward: 155.5 | Crash: 23% | Speed: 24.4 | Len: 83 | Loss: 0.8460 | Buffer: 100000 | 5.56s/ep | 3.4h
Ep 2580/5000 | Reward: 130.2 | Crash: 23% | Speed: 23.3 | Len: 76 | Loss: 0.7951 | Buffer: 100000 | 5.14s/ep | 3.4h
Ep 2590/5000 | Reward: 136.9 | Crash: 25% | Speed: 23.6 | Len: 78 | Loss: 0.7880 | Buffer: 100000 | 5.22s/ep | 3.4h
Ep 2600/5000 | Reward: 135.5 | Crash: 26% | Speed: 24.1 | Len: 75 | Loss: 0.8198 | Buffer: 100000 | 5.07s/ep | 3.5h
Ep 2610/5000 | Reward: 146.0 | Crash: 28% | Speed: 24.6 | Len: 77 | Loss: 0.9033 | Buffer: 100000 | 5.17s/ep | 3.5h
Ep 2620/5000 | Reward: 146.4 | Crash: 31% | Speed: 24.6 | Len: 78 | Loss: 0.8438 | Buffer: 100000 | 5.28s/ep | 3.5h
Ep 2630/5000 | Reward: 131.7 | Crash: 30% | Speed: 23.0 | Len: 79 | Loss: 0.7624 | Buffer: 100000 | 5.34s/ep | 3.5h
Ep 2640/5000 | Reward: 186.6 | Crash: 26% | Speed: 24.7 | Len: 100 | Loss: 0.7626 | Buffer: 100000 | 6.72s/ep | 3.5h
Ep 2650/5000 | Reward: 105.4 | Crash: 29% | Speed: 23.2 | Len: 64 | Loss: 0.8218 | Buffer: 100000 | 4.34s/ep | 3.5h
Ep 2660/5000 | Reward: 104.3 | Crash: 30% | Speed: 24.1 | Len: 56 | Loss: 0.8418 | Buffer: 100000 | 3.79s/ep | 3.5h
Ep 2670/5000 | Reward: 157.1 | Crash: 30% | Speed: 24.8 | Len: 84 | Loss: 0.7908 | Buffer: 100000 | 5.60s/ep | 3.6h
Ep 2680/5000 | Reward: 160.4 | Crash: 29% | Speed: 24.2 | Len: 88 | Loss: 0.9383 | Buffer: 100000 | 5.85s/ep | 3.6h
Ep 2690/5000 | Reward: 120.9 | Crash: 30% | Speed: 24.0 | Len: 67 | Loss: 1.0008 | Buffer: 100000 | 4.53s/ep | 3.6h
Ep 2700/5000 | Reward: 136.7 | Crash: 30% | Speed: 24.2 | Len: 74 | Loss: 0.9946 | Buffer: 100000 | 4.94s/ep | 3.6h
Ep 2710/5000 | Reward: 146.6 | Crash: 29% | Speed: 23.9 | Len: 83 | Loss: 0.7886 | Buffer: 100000 | 5.58s/ep | 3.6h
Ep 2720/5000 | Reward: 149.5 | Crash: 29% | Speed: 24.6 | Len: 78 | Loss: 0.7560 | Buffer: 100000 | 5.32s/ep | 3.6h
Ep 2730/5000 | Reward: 155.5 | Crash: 27% | Speed: 23.5 | Len: 91 | Loss: 0.7646 | Buffer: 100000 | 6.09s/ep | 3.6h
Ep 2740/5000 | Reward: 106.4 | Crash: 32% | Speed: 24.3 | Len: 57 | Loss: 0.7295 | Buffer: 100000 | 3.84s/ep | 3.7h
Ep 2750/5000 | Reward: 178.4 | Crash: 28% | Speed: 24.6 | Len: 95 | Loss: 0.8385 | Buffer: 100000 | 6.36s/ep | 3.7h
Ep 2760/5000 | Reward: 174.7 | Crash: 24% | Speed: 25.0 | Len: 92 | Loss: 0.6184 | Buffer: 100000 | 6.22s/ep | 3.7h
Ep 2770/5000 | Reward: 107.2 | Crash: 27% | Speed: 24.3 | Len: 57 | Loss: 0.7431 | Buffer: 100000 | 3.82s/ep | 3.7h
Ep 2780/5000 | Reward: 151.2 | Crash: 29% | Speed: 24.8 | Len: 81 | Loss: 0.9812 | Buffer: 100000 | 5.45s/ep | 3.7h
Ep 2790/5000 | Reward: 98.0 | Crash: 31% | Speed: 24.1 | Len: 54 | Loss: 0.8401 | Buffer: 100000 | 3.63s/ep | 3.7h
Ep 2800/5000 | Reward: 139.6 | Crash: 31% | Speed: 24.8 | Len: 75 | Loss: 0.7806 | Buffer: 100000 | 5.02s/ep | 3.7h
Ep 2810/5000 | Reward: 173.2 | Crash: 30% | Speed: 24.8 | Len: 91 | Loss: 0.9830 | Buffer: 100000 | 6.11s/ep | 3.8h
Ep 2820/5000 | Reward: 175.7 | Crash: 28% | Speed: 24.9 | Len: 92 | Loss: 0.8480 | Buffer: 100000 | 6.16s/ep | 3.8h
Ep 2830/5000 | Reward: 161.6 | Crash: 28% | Speed: 23.9 | Len: 90 | Loss: 0.9273 | Buffer: 100000 | 6.05s/ep | 3.8h
Ep 2840/5000 | Reward: 125.6 | Crash: 27% | Speed: 24.3 | Len: 68 | Loss: 1.0013 | Buffer: 100000 | 4.56s/ep | 3.8h
Ep 2850/5000 | Reward: 174.9 | Crash: 28% | Speed: 24.8 | Len: 92 | Loss: 1.0954 | Buffer: 100000 | 6.15s/ep | 3.8h
Ep 2860/5000 | Reward: 122.7 | Crash: 32% | Speed: 24.0 | Len: 69 | Loss: 1.0299 | Buffer: 100000 | 4.60s/ep | 3.8h
Ep 2870/5000 | Reward: 157.4 | Crash: 29% | Speed: 24.4 | Len: 88 | Loss: 0.8060 | Buffer: 100000 | 5.89s/ep | 3.8h
Ep 2880/5000 | Reward: 164.5 | Crash: 28% | Speed: 24.9 | Len: 87 | Loss: 0.9352 | Buffer: 100000 | 5.83s/ep | 3.9h
Ep 2890/5000 | Reward: 172.5 | Crash: 23% | Speed: 23.9 | Len: 93 | Loss: 0.8089 | Buffer: 100000 | 6.30s/ep | 3.9h
Ep 2900/5000 | Reward: 144.4 | Crash: 22% | Speed: 23.6 | Len: 84 | Loss: 0.9243 | Buffer: 100000 | 5.63s/ep | 3.9h
Ep 2910/5000 | Reward: 152.0 | Crash: 24% | Speed: 24.4 | Len: 80 | Loss: 0.9984 | Buffer: 100000 | 5.40s/ep | 3.9h
Ep 2920/5000 | Reward: 138.6 | Crash: 26% | Speed: 23.7 | Len: 76 | Loss: 0.6932 | Buffer: 100000 | 5.08s/ep | 3.9h
Ep 2930/5000 | Reward: 183.8 | Crash: 27% | Speed: 24.6 | Len: 96 | Loss: 0.9006 | Buffer: 100000 | 6.43s/ep | 3.9h
Ep 2940/5000 | Reward: 166.9 | Crash: 24% | Speed: 23.8 | Len: 93 | Loss: 0.8681 | Buffer: 100000 | 6.26s/ep | 4.0h
Ep 2950/5000 | Reward: 158.1 | Crash: 24% | Speed: 24.1 | Len: 85 | Loss: 1.0085 | Buffer: 100000 | 5.71s/ep | 4.0h
Ep 2960/5000 | Reward: 158.8 | Crash: 21% | Speed: 24.5 | Len: 82 | Loss: 0.7496 | Buffer: 100000 | 5.62s/ep | 4.0h
Ep 2970/5000 | Reward: 143.5 | Crash: 22% | Speed: 24.4 | Len: 76 | Loss: 0.8905 | Buffer: 100000 | 5.13s/ep | 4.0h
Ep 2980/5000 | Reward: 159.5 | Crash: 20% | Speed: 23.6 | Len: 91 | Loss: 0.8900 | Buffer: 100000 | 6.18s/ep | 4.0h
Ep 2990/5000 | Reward: 149.4 | Crash: 21% | Speed: 23.7 | Len: 85 | Loss: 0.8317 | Buffer: 100000 | 5.71s/ep | 4.0h
Ep 3000/5000 | Reward: 156.9 | Crash: 21% | Speed: 24.8 | Len: 82 | Loss: 0.9194 | Buffer: 100000 | 5.56s/ep | 4.1h
Ep 3010/5000 | Reward: 162.2 | Crash: 20% | Speed: 23.7 | Len: 93 | Loss: 0.9222 | Buffer: 100000 | 6.30s/ep | 4.1h
Ep 3020/5000 | Reward: 157.8 | Crash: 19% | Speed: 24.9 | Len: 84 | Loss: 0.8684 | Buffer: 100000 | 5.67s/ep | 4.1h
Ep 3030/5000 | Reward: 185.6 | Crash: 17% | Speed: 24.6 | Len: 100 | Loss: 0.8108 | Buffer: 100000 | 6.80s/ep | 4.1h
Ep 3040/5000 | Reward: 151.6 | Crash: 19% | Speed: 24.1 | Len: 83 | Loss: 0.9291 | Buffer: 100000 | 5.58s/ep | 4.1h
Ep 3050/5000 | Reward: 124.7 | Crash: 20% | Speed: 23.1 | Len: 75 | Loss: 0.8888 | Buffer: 100000 | 5.04s/ep | 4.1h
Ep 3060/5000 | Reward: 165.8 | Crash: 19% | Speed: 24.1 | Len: 91 | Loss: 1.0263 | Buffer: 100000 | 6.10s/ep | 4.2h
Ep 3070/5000 | Reward: 143.9 | Crash: 18% | Speed: 22.5 | Len: 91 | Loss: 0.9075 | Buffer: 100000 | 6.12s/ep | 4.2h
Ep 3080/5000 | Reward: 136.6 | Crash: 19% | Speed: 22.9 | Len: 83 | Loss: 0.7443 | Buffer: 100000 | 5.62s/ep | 4.2h
Ep 3090/5000 | Reward: 162.8 | Crash: 19% | Speed: 24.9 | Len: 85 | Loss: 0.7503 | Buffer: 100000 | 5.73s/ep | 4.2h
Ep 3100/5000 | Reward: 159.5 | Crash: 18% | Speed: 23.6 | Len: 91 | Loss: 0.9630 | Buffer: 100000 | 6.07s/ep | 4.2h
Ep 3110/5000 | Reward: 175.8 | Crash: 17% | Speed: 24.9 | Len: 92 | Loss: 0.8591 | Buffer: 100000 | 6.17s/ep | 4.2h
Ep 3120/5000 | Reward: 184.3 | Crash: 15% | Speed: 24.6 | Len: 100 | Loss: 0.8920 | Buffer: 100000 | 6.74s/ep | 4.3h
Ep 3130/5000 | Reward: 134.2 | Crash: 18% | Speed: 24.4 | Len: 72 | Loss: 0.8324 | Buffer: 100000 | 4.77s/ep | 4.3h
Ep 3140/5000 | Reward: 151.7 | Crash: 17% | Speed: 24.8 | Len: 83 | Loss: 0.8136 | Buffer: 100000 | 5.58s/ep | 4.3h
Ep 3150/5000 | Reward: 133.9 | Crash: 16% | Speed: 23.1 | Len: 83 | Loss: 0.6777 | Buffer: 100000 | 5.61s/ep | 4.3h
Ep 3160/5000 | Reward: 182.1 | Crash: 15% | Speed: 24.2 | Len: 100 | Loss: 1.0410 | Buffer: 100000 | 6.75s/ep | 4.3h
Ep 3170/5000 | Reward: 173.9 | Crash: 14% | Speed: 24.8 | Len: 91 | Loss: 0.7577 | Buffer: 100000 | 6.11s/ep | 4.3h
Ep 3180/5000 | Reward: 184.0 | Crash: 13% | Speed: 24.3 | Len: 100 | Loss: 0.8611 | Buffer: 100000 | 6.68s/ep | 4.4h
Ep 3190/5000 | Reward: 171.2 | Crash: 12% | Speed: 24.7 | Len: 91 | Loss: 0.7351 | Buffer: 100000 | 6.10s/ep | 4.4h
Ep 3200/5000 | Reward: 191.7 | Crash: 11% | Speed: 24.6 | Len: 100 | Loss: 0.9352 | Buffer: 100000 | 6.66s/ep | 4.4h
Ep 3210/5000 | Reward: 167.4 | Crash: 11% | Speed: 23.9 | Len: 92 | Loss: 1.0756 | Buffer: 100000 | 6.18s/ep | 4.4h
Ep 3220/5000 | Reward: 158.6 | Crash: 13% | Speed: 24.6 | Len: 83 | Loss: 0.9110 | Buffer: 100000 | 5.58s/ep | 4.4h
Ep 3230/5000 | Reward: 178.6 | Crash: 11% | Speed: 25.0 | Len: 95 | Loss: 0.8213 | Buffer: 100000 | 6.38s/ep | 4.4h
Ep 3240/5000 | Reward: 156.3 | Crash: 11% | Speed: 23.8 | Len: 88 | Loss: 0.9311 | Buffer: 100000 | 5.91s/ep | 4.5h
Ep 3250/5000 | Reward: 170.9 | Crash: 10% | Speed: 24.2 | Len: 90 | Loss: 0.8079 | Buffer: 100000 | 6.01s/ep | 4.5h
Ep 3260/5000 | Reward: 169.5 | Crash: 11% | Speed: 24.4 | Len: 91 | Loss: 0.9572 | Buffer: 100000 | 6.12s/ep | 4.5h
Ep 3270/5000 | Reward: 140.8 | Crash: 13% | Speed: 24.6 | Len: 74 | Loss: 0.8657 | Buffer: 100000 | 4.95s/ep | 4.5h
Ep 3280/5000 | Reward: 156.0 | Crash: 14% | Speed: 24.8 | Len: 83 | Loss: 0.9011 | Buffer: 100000 | 5.59s/ep | 4.5h
Ep 3290/5000 | Reward: 177.6 | Crash: 14% | Speed: 24.4 | Len: 96 | Loss: 0.9779 | Buffer: 100000 | 6.45s/ep | 4.5h
Ep 3300/5000 | Reward: 158.1 | Crash: 16% | Speed: 23.8 | Len: 90 | Loss: 0.8912 | Buffer: 100000 | 6.02s/ep | 4.6h
Ep 3310/5000 | Reward: 135.3 | Crash: 19% | Speed: 24.7 | Len: 72 | Loss: 0.9610 | Buffer: 100000 | 4.80s/ep | 4.6h
Ep 3320/5000 | Reward: 189.9 | Crash: 17% | Speed: 24.9 | Len: 100 | Loss: 0.8996 | Buffer: 100000 | 6.76s/ep | 4.6h
Ep 3330/5000 | Reward: 139.9 | Crash: 18% | Speed: 23.5 | Len: 82 | Loss: 1.0776 | Buffer: 100000 | 5.55s/ep | 4.6h
Ep 3340/5000 | Reward: 124.4 | Crash: 20% | Speed: 24.8 | Len: 67 | Loss: 0.9438 | Buffer: 100000 | 4.60s/ep | 4.6h
Ep 3350/5000 | Reward: 122.4 | Crash: 22% | Speed: 23.1 | Len: 74 | Loss: 1.3262 | Buffer: 100000 | 4.92s/ep | 4.6h
Ep 3360/5000 | Reward: 142.1 | Crash: 23% | Speed: 23.6 | Len: 81 | Loss: 1.0684 | Buffer: 100000 | 5.51s/ep | 4.6h
Ep 3370/5000 | Reward: 132.8 | Crash: 22% | Speed: 23.4 | Len: 81 | Loss: 0.7937 | Buffer: 100000 | 5.40s/ep | 4.7h
Ep 3380/5000 | Reward: 119.9 | Crash: 24% | Speed: 23.4 | Len: 72 | Loss: 0.9561 | Buffer: 100000 | 4.85s/ep | 4.7h
Ep 3390/5000 | Reward: 141.2 | Crash: 25% | Speed: 23.4 | Len: 83 | Loss: 0.9714 | Buffer: 100000 | 5.60s/ep | 4.7h
Ep 3400/5000 | Reward: 142.3 | Crash: 26% | Speed: 24.1 | Len: 77 | Loss: 0.9631 | Buffer: 100000 | 5.14s/ep | 4.7h
Ep 3410/5000 | Reward: 143.9 | Crash: 25% | Speed: 24.7 | Len: 76 | Loss: 1.2626 | Buffer: 100000 | 5.04s/ep | 4.7h
Ep 3420/5000 | Reward: 122.6 | Crash: 28% | Speed: 23.1 | Len: 74 | Loss: 0.9205 | Buffer: 100000 | 4.98s/ep | 4.7h
Ep 3430/5000 | Reward: 158.1 | Crash: 28% | Speed: 23.7 | Len: 90 | Loss: 0.9584 | Buffer: 100000 | 6.00s/ep | 4.7h
Ep 3440/5000 | Reward: 159.3 | Crash: 26% | Speed: 23.9 | Len: 90 | Loss: 0.8069 | Buffer: 100000 | 6.06s/ep | 4.8h
Ep 3450/5000 | Reward: 126.4 | Crash: 26% | Speed: 23.1 | Len: 77 | Loss: 1.7493 | Buffer: 100000 | 5.18s/ep | 4.8h
Ep 3460/5000 | Reward: 184.2 | Crash: 24% | Speed: 24.6 | Len: 100 | Loss: 1.0006 | Buffer: 100000 | 6.71s/ep | 4.8h
Ep 3470/5000 | Reward: 158.2 | Crash: 23% | Speed: 23.5 | Len: 90 | Loss: 1.1332 | Buffer: 100000 | 6.07s/ep | 4.8h
Ep 3480/5000 | Reward: 142.2 | Crash: 21% | Speed: 23.6 | Len: 82 | Loss: 1.0595 | Buffer: 100000 | 5.57s/ep | 4.8h
Ep 3490/5000 | Reward: 167.4 | Crash: 21% | Speed: 24.5 | Len: 90 | Loss: 1.1089 | Buffer: 100000 | 5.98s/ep | 4.8h
Ep 3500/5000 | Reward: 176.9 | Crash: 19% | Speed: 24.9 | Len: 93 | Loss: 1.0119 | Buffer: 100000 | 6.24s/ep | 4.9h
Ep 3510/5000 | Reward: 135.0 | Crash: 19% | Speed: 23.8 | Len: 77 | Loss: 1.0049 | Buffer: 100000 | 5.17s/ep | 4.9h
Ep 3520/5000 | Reward: 140.2 | Crash: 19% | Speed: 24.8 | Len: 74 | Loss: 0.9907 | Buffer: 100000 | 4.93s/ep | 4.9h
Ep 3530/5000 | Reward: 118.1 | Crash: 21% | Speed: 24.4 | Len: 65 | Loss: 1.3993 | Buffer: 100000 | 4.33s/ep | 4.9h
Ep 3540/5000 | Reward: 181.7 | Crash: 19% | Speed: 24.6 | Len: 100 | Loss: 1.1678 | Buffer: 100000 | 6.69s/ep | 4.9h
Ep 3550/5000 | Reward: 145.9 | Crash: 18% | Speed: 22.8 | Len: 90 | Loss: 1.2497 | Buffer: 100000 | 5.98s/ep | 4.9h
Ep 3560/5000 | Reward: 141.9 | Crash: 20% | Speed: 23.4 | Len: 83 | Loss: 1.1667 | Buffer: 100000 | 5.58s/ep | 5.0h
Ep 3570/5000 | Reward: 166.3 | Crash: 20% | Speed: 24.4 | Len: 91 | Loss: 0.9705 | Buffer: 100000 | 6.14s/ep | 5.0h
Ep 3580/5000 | Reward: 156.0 | Crash: 20% | Speed: 24.6 | Len: 84 | Loss: 0.9855 | Buffer: 100000 | 5.67s/ep | 5.0h
Ep 3590/5000 | Reward: 154.8 | Crash: 20% | Speed: 24.5 | Len: 84 | Loss: 1.0062 | Buffer: 100000 | 5.62s/ep | 5.0h
Ep 3600/5000 | Reward: 147.9 | Crash: 22% | Speed: 24.6 | Len: 78 | Loss: 1.1021 | Buffer: 100000 | 5.22s/ep | 5.0h
Ep 3610/5000 | Reward: 130.4 | Crash: 24% | Speed: 24.2 | Len: 71 | Loss: 1.0116 | Buffer: 100000 | 4.82s/ep | 5.0h
Ep 3620/5000 | Reward: 159.4 | Crash: 23% | Speed: 24.2 | Len: 86 | Loss: 0.9517 | Buffer: 100000 | 5.70s/ep | 5.0h
Ep 3630/5000 | Reward: 163.0 | Crash: 21% | Speed: 24.4 | Len: 91 | Loss: 1.0989 | Buffer: 100000 | 6.06s/ep | 5.1h
Ep 3640/5000 | Reward: 147.1 | Crash: 24% | Speed: 24.9 | Len: 79 | Loss: 1.1294 | Buffer: 100000 | 5.28s/ep | 5.1h
Ep 3650/5000 | Reward: 140.1 | Crash: 24% | Speed: 23.6 | Len: 82 | Loss: 1.2069 | Buffer: 100000 | 5.54s/ep | 5.1h
Ep 3660/5000 | Reward: 118.9 | Crash: 27% | Speed: 24.4 | Len: 66 | Loss: 1.1010 | Buffer: 100000 | 4.41s/ep | 5.1h
Ep 3670/5000 | Reward: 116.0 | Crash: 30% | Speed: 22.9 | Len: 70 | Loss: 1.1284 | Buffer: 100000 | 4.76s/ep | 5.1h
Ep 3680/5000 | Reward: 157.2 | Crash: 31% | Speed: 24.3 | Len: 86 | Loss: 1.1386 | Buffer: 100000 | 5.75s/ep | 5.1h
Ep 3690/5000 | Reward: 146.6 | Crash: 32% | Speed: 24.0 | Len: 82 | Loss: 0.9857 | Buffer: 100000 | 5.44s/ep | 5.1h
Ep 3700/5000 | Reward: 154.0 | Crash: 32% | Speed: 24.5 | Len: 81 | Loss: 1.0269 | Buffer: 100000 | 5.41s/ep | 5.2h
Ep 3710/5000 | Reward: 152.2 | Crash: 29% | Speed: 24.6 | Len: 82 | Loss: 0.9423 | Buffer: 100000 | 5.56s/ep | 5.2h
Ep 3720/5000 | Reward: 133.0 | Crash: 30% | Speed: 23.9 | Len: 74 | Loss: 1.1412 | Buffer: 100000 | 4.97s/ep | 5.2h
Ep 3730/5000 | Reward: 162.7 | Crash: 30% | Speed: 24.5 | Len: 86 | Loss: 1.0496 | Buffer: 100000 | 5.75s/ep | 5.2h
Ep 3740/5000 | Reward: 174.3 | Crash: 28% | Speed: 24.5 | Len: 94 | Loss: 0.9466 | Buffer: 100000 | 6.27s/ep | 5.2h
Ep 3750/5000 | Reward: 173.6 | Crash: 27% | Speed: 24.9 | Len: 91 | Loss: 0.9161 | Buffer: 100000 | 6.11s/ep | 5.2h
Ep 3760/5000 | Reward: 134.5 | Crash: 26% | Speed: 24.7 | Len: 71 | Loss: 0.9808 | Buffer: 100000 | 4.79s/ep | 5.3h
Ep 3770/5000 | Reward: 164.7 | Crash: 23% | Speed: 23.9 | Len: 90 | Loss: 1.1713 | Buffer: 100000 | 6.03s/ep | 5.3h
Ep 3780/5000 | Reward: 163.4 | Crash: 22% | Speed: 24.5 | Len: 86 | Loss: 1.0208 | Buffer: 100000 | 5.78s/ep | 5.3h
Ep 3790/5000 | Reward: 187.5 | Crash: 20% | Speed: 25.0 | Len: 99 | Loss: 0.8654 | Buffer: 100000 | 6.70s/ep | 5.3h
Ep 3800/5000 | Reward: 186.0 | Crash: 17% | Speed: 24.7 | Len: 100 | Loss: 0.8800 | Buffer: 100000 | 6.72s/ep | 5.3h
Ep 3810/5000 | Reward: 145.6 | Crash: 18% | Speed: 24.1 | Len: 81 | Loss: 0.9716 | Buffer: 100000 | 5.41s/ep | 5.3h
Ep 3820/5000 | Reward: 173.9 | Crash: 16% | Speed: 24.8 | Len: 91 | Loss: 1.0507 | Buffer: 100000 | 6.07s/ep | 5.4h
Ep 3830/5000 | Reward: 157.3 | Crash: 16% | Speed: 24.6 | Len: 83 | Loss: 1.0647 | Buffer: 100000 | 5.55s/ep | 5.4h
Ep 3840/5000 | Reward: 109.6 | Crash: 20% | Speed: 24.4 | Len: 58 | Loss: 1.2189 | Buffer: 100000 | 3.94s/ep | 5.4h
Ep 3850/5000 | Reward: 151.0 | Crash: 21% | Speed: 24.8 | Len: 82 | Loss: 1.0725 | Buffer: 100000 | 5.46s/ep | 5.4h
Ep 3860/5000 | Reward: 136.9 | Crash: 20% | Speed: 24.4 | Len: 77 | Loss: 0.9302 | Buffer: 100000 | 5.17s/ep | 5.4h
Ep 3870/5000 | Reward: 155.9 | Crash: 21% | Speed: 23.5 | Len: 88 | Loss: 1.1146 | Buffer: 100000 | 5.86s/ep | 5.4h
Ep 3880/5000 | Reward: 137.6 | Crash: 22% | Speed: 23.9 | Len: 75 | Loss: 0.9542 | Buffer: 100000 | 5.11s/ep | 5.4h
Ep 3890/5000 | Reward: 164.7 | Crash: 22% | Speed: 24.2 | Len: 90 | Loss: 1.1885 | Buffer: 100000 | 6.04s/ep | 5.5h
Ep 3900/5000 | Reward: 166.7 | Crash: 23% | Speed: 24.3 | Len: 91 | Loss: 1.0159 | Buffer: 100000 | 6.07s/ep | 5.5h
Ep 3910/5000 | Reward: 147.3 | Crash: 23% | Speed: 23.8 | Len: 82 | Loss: 0.8243 | Buffer: 100000 | 5.42s/ep | 5.5h
Ep 3920/5000 | Reward: 135.3 | Crash: 25% | Speed: 24.2 | Len: 76 | Loss: 1.3155 | Buffer: 100000 | 5.15s/ep | 5.5h
Ep 3930/5000 | Reward: 146.1 | Crash: 26% | Speed: 24.1 | Len: 82 | Loss: 1.0856 | Buffer: 100000 | 5.51s/ep | 5.5h
Ep 3940/5000 | Reward: 139.9 | Crash: 24% | Speed: 24.4 | Len: 76 | Loss: 1.1009 | Buffer: 100000 | 5.07s/ep | 5.5h
Ep 3950/5000 | Reward: 139.6 | Crash: 26% | Speed: 24.8 | Len: 73 | Loss: 1.0977 | Buffer: 100000 | 4.99s/ep | 5.6h
Ep 3960/5000 | Reward: 171.4 | Crash: 24% | Speed: 24.9 | Len: 91 | Loss: 0.9076 | Buffer: 100000 | 6.11s/ep | 5.6h
Ep 3970/5000 | Reward: 131.7 | Crash: 26% | Speed: 24.3 | Len: 71 | Loss: 1.0743 | Buffer: 100000 | 4.70s/ep | 5.6h
Ep 3980/5000 | Reward: 158.5 | Crash: 25% | Speed: 24.3 | Len: 86 | Loss: 0.8644 | Buffer: 100000 | 5.68s/ep | 5.6h
Ep 3990/5000 | Reward: 134.1 | Crash: 27% | Speed: 24.6 | Len: 71 | Loss: 1.2793 | Buffer: 100000 | 4.84s/ep | 5.6h
Ep 4000/5000 | Reward: 164.0 | Crash: 27% | Speed: 23.9 | Len: 92 | Loss: 1.0003 | Buffer: 100000 | 6.15s/ep | 5.6h
Ep 4010/5000 | Reward: 144.0 | Crash: 26% | Speed: 23.3 | Len: 85 | Loss: 0.9884 | Buffer: 100000 | 5.67s/ep | 5.6h
Ep 4020/5000 | Reward: 170.0 | Crash: 24% | Speed: 24.5 | Len: 90 | Loss: 0.9320 | Buffer: 100000 | 6.02s/ep | 5.7h
Ep 4030/5000 | Reward: 168.0 | Crash: 22% | Speed: 24.4 | Len: 91 | Loss: 0.9725 | Buffer: 100000 | 6.08s/ep | 5.7h
Ep 4040/5000 | Reward: 152.1 | Crash: 22% | Speed: 24.5 | Len: 80 | Loss: 1.2144 | Buffer: 100000 | 5.43s/ep | 5.7h
Ep 4050/5000 | Reward: 169.4 | Crash: 19% | Speed: 24.7 | Len: 90 | Loss: 1.0569 | Buffer: 100000 | 6.04s/ep | 5.7h
Ep 4060/5000 | Reward: 125.7 | Crash: 22% | Speed: 24.0 | Len: 70 | Loss: 1.2962 | Buffer: 100000 | 4.66s/ep | 5.7h
Ep 4070/5000 | Reward: 166.5 | Crash: 19% | Speed: 23.9 | Len: 92 | Loss: 1.0534 | Buffer: 100000 | 6.17s/ep | 5.7h
Ep 4080/5000 | Reward: 194.0 | Crash: 17% | Speed: 25.0 | Len: 100 | Loss: 1.1302 | Buffer: 100000 | 6.71s/ep | 5.8h
Ep 4090/5000 | Reward: 161.0 | Crash: 16% | Speed: 24.6 | Len: 85 | Loss: 0.5121 | Buffer: 100000 | 5.66s/ep | 5.8h
Ep 4100/5000 | Reward: 150.9 | Crash: 18% | Speed: 24.4 | Len: 81 | Loss: 0.8339 | Buffer: 100000 | 5.46s/ep | 5.8h
Ep 4110/5000 | Reward: 173.5 | Crash: 17% | Speed: 24.7 | Len: 91 | Loss: 1.1397 | Buffer: 100000 | 6.04s/ep | 5.8h
Ep 4120/5000 | Reward: 160.4 | Crash: 18% | Speed: 24.9 | Len: 84 | Loss: 1.0696 | Buffer: 100000 | 5.64s/ep | 5.8h
Ep 4130/5000 | Reward: 187.5 | Crash: 17% | Speed: 24.7 | Len: 100 | Loss: 0.9934 | Buffer: 100000 | 6.68s/ep | 5.8h
Ep 4140/5000 | Reward: 168.6 | Crash: 15% | Speed: 24.4 | Len: 90 | Loss: 1.0482 | Buffer: 100000 | 6.02s/ep | 5.9h
Ep 4150/5000 | Reward: 173.9 | Crash: 15% | Speed: 25.0 | Len: 92 | Loss: 1.2452 | Buffer: 100000 | 6.16s/ep | 5.9h
Ep 4160/5000 | Reward: 160.9 | Crash: 13% | Speed: 24.9 | Len: 87 | Loss: 1.0217 | Buffer: 100000 | 5.79s/ep | 5.9h
Ep 4170/5000 | Reward: 171.5 | Crash: 13% | Speed: 24.8 | Len: 92 | Loss: 1.4701 | Buffer: 100000 | 6.16s/ep | 5.9h
Ep 4180/5000 | Reward: 145.2 | Crash: 16% | Speed: 24.8 | Len: 78 | Loss: 1.1440 | Buffer: 100000 | 5.19s/ep | 5.9h
Ep 4190/5000 | Reward: 137.6 | Crash: 17% | Speed: 24.7 | Len: 74 | Loss: 1.1226 | Buffer: 100000 | 4.96s/ep | 5.9h
Ep 4200/5000 | Reward: 136.5 | Crash: 18% | Speed: 24.7 | Len: 73 | Loss: 1.4486 | Buffer: 100000 | 4.88s/ep | 5.9h
Ep 4210/5000 | Reward: 153.8 | Crash: 20% | Speed: 24.6 | Len: 81 | Loss: 1.1434 | Buffer: 100000 | 5.49s/ep | 6.0h
Ep 4220/5000 | Reward: 156.7 | Crash: 20% | Speed: 24.5 | Len: 84 | Loss: 1.1084 | Buffer: 100000 | 5.62s/ep | 6.0h
Ep 4230/5000 | Reward: 175.8 | Crash: 21% | Speed: 24.9 | Len: 92 | Loss: 0.8641 | Buffer: 100000 | 6.14s/ep | 6.0h
Ep 4240/5000 | Reward: 137.1 | Crash: 23% | Speed: 24.2 | Len: 73 | Loss: 1.0610 | Buffer: 100000 | 4.85s/ep | 6.0h
Ep 4250/5000 | Reward: 191.1 | Crash: 22% | Speed: 25.0 | Len: 100 | Loss: 1.2177 | Buffer: 100000 | 6.76s/ep | 6.0h
Ep 4260/5000 | Reward: 166.3 | Crash: 23% | Speed: 24.9 | Len: 86 | Loss: 1.0661 | Buffer: 100000 | 5.76s/ep | 6.0h
Ep 4270/5000 | Reward: 159.7 | Crash: 24% | Speed: 24.7 | Len: 84 | Loss: 1.0705 | Buffer: 100000 | 5.66s/ep | 6.1h
Ep 4280/5000 | Reward: 147.1 | Crash: 24% | Speed: 24.9 | Len: 78 | Loss: 1.0949 | Buffer: 100000 | 5.30s/ep | 6.1h
Ep 4290/5000 | Reward: 157.4 | Crash: 23% | Speed: 24.4 | Len: 85 | Loss: 1.2728 | Buffer: 100000 | 5.68s/ep | 6.1h
Ep 4300/5000 | Reward: 153.7 | Crash: 21% | Speed: 24.4 | Len: 81 | Loss: 0.9362 | Buffer: 100000 | 5.36s/ep | 6.1h
Ep 4310/5000 | Reward: 127.6 | Crash: 22% | Speed: 24.2 | Len: 67 | Loss: 1.2105 | Buffer: 100000 | 4.51s/ep | 6.1h
Ep 4320/5000 | Reward: 171.8 | Crash: 21% | Speed: 24.8 | Len: 91 | Loss: 1.3762 | Buffer: 100000 | 6.05s/ep | 6.1h
Ep 4330/5000 | Reward: 119.4 | Crash: 24% | Speed: 24.0 | Len: 66 | Loss: 1.1651 | Buffer: 100000 | 4.41s/ep | 6.1h
Ep 4340/5000 | Reward: 119.7 | Crash: 26% | Speed: 24.6 | Len: 64 | Loss: 0.8705 | Buffer: 100000 | 4.26s/ep | 6.2h
Ep 4350/5000 | Reward: 170.7 | Crash: 28% | Speed: 24.9 | Len: 90 | Loss: 1.1628 | Buffer: 100000 | 5.99s/ep | 6.2h
Ep 4360/5000 | Reward: 155.3 | Crash: 27% | Speed: 24.7 | Len: 82 | Loss: 0.9457 | Buffer: 100000 | 5.55s/ep | 6.2h
Ep 4370/5000 | Reward: 154.8 | Crash: 27% | Speed: 24.8 | Len: 82 | Loss: 1.1558 | Buffer: 100000 | 5.46s/ep | 6.2h
Ep 4380/5000 | Reward: 139.6 | Crash: 27% | Speed: 24.6 | Len: 75 | Loss: 1.0663 | Buffer: 100000 | 4.96s/ep | 6.2h
Ep 4390/5000 | Reward: 183.7 | Crash: 26% | Speed: 24.6 | Len: 98 | Loss: 1.0026 | Buffer: 100000 | 6.55s/ep | 6.2h
Ep 4400/5000 | Reward: 146.2 | Crash: 27% | Speed: 24.7 | Len: 79 | Loss: 1.1044 | Buffer: 100000 | 5.28s/ep | 6.3h
Ep 4410/5000 | Reward: 158.0 | Crash: 25% | Speed: 24.8 | Len: 86 | Loss: 1.0144 | Buffer: 100000 | 5.81s/ep | 6.3h
Ep 4420/5000 | Reward: 152.5 | Crash: 26% | Speed: 24.1 | Len: 84 | Loss: 1.1521 | Buffer: 100000 | 5.60s/ep | 6.3h
Ep 4430/5000 | Reward: 171.6 | Crash: 23% | Speed: 24.9 | Len: 90 | Loss: 1.1069 | Buffer: 100000 | 6.07s/ep | 6.3h
Ep 4440/5000 | Reward: 173.4 | Crash: 20% | Speed: 24.9 | Len: 90 | Loss: 1.0792 | Buffer: 100000 | 6.08s/ep | 6.3h
Ep 4450/5000 | Reward: 159.0 | Crash: 20% | Speed: 24.8 | Len: 85 | Loss: 1.0585 | Buffer: 100000 | 5.71s/ep | 6.3h
Ep 4460/5000 | Reward: 128.4 | Crash: 22% | Speed: 24.7 | Len: 68 | Loss: 1.0143 | Buffer: 100000 | 4.68s/ep | 6.3h
Ep 4470/5000 | Reward: 159.6 | Crash: 23% | Speed: 24.6 | Len: 86 | Loss: 1.1784 | Buffer: 100000 | 5.75s/ep | 6.4h
Ep 4480/5000 | Reward: 139.2 | Crash: 23% | Speed: 24.7 | Len: 73 | Loss: 1.0807 | Buffer: 100000 | 4.91s/ep | 6.4h
Ep 4490/5000 | Reward: 175.0 | Crash: 24% | Speed: 24.4 | Len: 93 | Loss: 1.3366 | Buffer: 100000 | 6.30s/ep | 6.4h
Ep 4500/5000 | Reward: 159.6 | Crash: 23% | Speed: 24.8 | Len: 83 | Loss: 1.1185 | Buffer: 100000 | 5.59s/ep | 6.4h
Ep 4510/5000 | Reward: 140.6 | Crash: 25% | Speed: 24.0 | Len: 79 | Loss: 1.0364 | Buffer: 100000 | 5.36s/ep | 6.4h
Ep 4520/5000 | Reward: 158.5 | Crash: 25% | Speed: 24.8 | Len: 83 | Loss: 1.0781 | Buffer: 100000 | 5.61s/ep | 6.4h
Ep 4530/5000 | Reward: 139.6 | Crash: 27% | Speed: 24.8 | Len: 74 | Loss: 1.1627 | Buffer: 100000 | 4.97s/ep | 6.5h
Ep 4540/5000 | Reward: 172.5 | Crash: 26% | Speed: 24.5 | Len: 93 | Loss: 1.2280 | Buffer: 100000 | 6.30s/ep | 6.5h
Ep 4550/5000 | Reward: 176.2 | Crash: 25% | Speed: 24.8 | Len: 91 | Loss: 0.9816 | Buffer: 100000 | 6.12s/ep | 6.5h
Ep 4560/5000 | Reward: 187.1 | Crash: 21% | Speed: 24.8 | Len: 100 | Loss: 1.2834 | Buffer: 100000 | 6.81s/ep | 6.5h
Ep 4570/5000 | Reward: 151.6 | Crash: 20% | Speed: 24.2 | Len: 82 | Loss: 1.2932 | Buffer: 100000 | 5.61s/ep | 6.5h
Ep 4580/5000 | Reward: 188.8 | Crash: 17% | Speed: 25.0 | Len: 100 | Loss: 1.3280 | Buffer: 100000 | 6.69s/ep | 6.5h
Ep 4590/5000 | Reward: 176.9 | Crash: 16% | Speed: 24.9 | Len: 94 | Loss: 1.0878 | Buffer: 100000 | 6.33s/ep | 6.6h
Ep 4600/5000 | Reward: 172.8 | Crash: 16% | Speed: 24.8 | Len: 93 | Loss: 1.1500 | Buffer: 100000 | 6.28s/ep | 6.6h
Ep 4610/5000 | Reward: 121.4 | Crash: 16% | Speed: 24.4 | Len: 66 | Loss: 1.1664 | Buffer: 100000 | 4.54s/ep | 6.6h
Ep 4620/5000 | Reward: 169.2 | Crash: 15% | Speed: 24.1 | Len: 92 | Loss: 1.0719 | Buffer: 100000 | 6.16s/ep | 6.6h
Ep 4630/5000 | Reward: 166.0 | Crash: 13% | Speed: 24.1 | Len: 91 | Loss: 1.1481 | Buffer: 100000 | 6.12s/ep | 6.6h
Ep 4640/5000 | Reward: 129.0 | Crash: 17% | Speed: 24.7 | Len: 69 | Loss: 1.1321 | Buffer: 100000 | 4.71s/ep | 6.6h
Ep 4650/5000 | Reward: 176.7 | Crash: 17% | Speed: 25.0 | Len: 93 | Loss: 1.3710 | Buffer: 100000 | 6.33s/ep | 6.7h
Ep 4660/5000 | Reward: 137.2 | Crash: 21% | Speed: 24.5 | Len: 72 | Loss: 1.2433 | Buffer: 100000 | 4.81s/ep | 6.7h
Ep 4670/5000 | Reward: 151.6 | Crash: 22% | Speed: 24.8 | Len: 79 | Loss: 1.1652 | Buffer: 100000 | 5.29s/ep | 6.7h
Ep 4680/5000 | Reward: 164.3 | Crash: 24% | Speed: 24.6 | Len: 88 | Loss: 1.2639 | Buffer: 100000 | 5.90s/ep | 6.7h
Ep 4690/5000 | Reward: 184.1 | Crash: 23% | Speed: 24.8 | Len: 100 | Loss: 1.1612 | Buffer: 100000 | 6.75s/ep | 6.7h
Ep 4700/5000 | Reward: 159.9 | Crash: 22% | Speed: 23.9 | Len: 91 | Loss: 1.2785 | Buffer: 100000 | 6.13s/ep | 6.7h
Ep 4710/5000 | Reward: 150.5 | Crash: 20% | Speed: 24.2 | Len: 83 | Loss: 1.2996 | Buffer: 100000 | 5.71s/ep | 6.8h
Ep 4720/5000 | Reward: 153.3 | Crash: 21% | Speed: 24.3 | Len: 86 | Loss: 1.1081 | Buffer: 100000 | 5.82s/ep | 6.8h
Ep 4730/5000 | Reward: 169.4 | Crash: 21% | Speed: 25.0 | Len: 90 | Loss: 1.2811 | Buffer: 100000 | 6.12s/ep | 6.8h
Ep 4740/5000 | Reward: 172.0 | Crash: 17% | Speed: 24.4 | Len: 96 | Loss: 1.1582 | Buffer: 100000 | 6.49s/ep | 6.8h
Ep 4750/5000 | Reward: 111.4 | Crash: 20% | Speed: 23.7 | Len: 66 | Loss: 1.1372 | Buffer: 100000 | 4.42s/ep | 6.8h
Ep 4760/5000 | Reward: 153.7 | Crash: 19% | Speed: 24.8 | Len: 83 | Loss: 1.1640 | Buffer: 100000 | 5.58s/ep | 6.8h
Ep 4770/5000 | Reward: 152.5 | Crash: 18% | Speed: 24.6 | Len: 81 | Loss: 1.3105 | Buffer: 100000 | 5.56s/ep | 6.8h
Ep 4780/5000 | Reward: 103.8 | Crash: 21% | Speed: 23.7 | Len: 58 | Loss: 1.3042 | Buffer: 100000 | 3.82s/ep | 6.9h
Ep 4790/5000 | Reward: 122.6 | Crash: 25% | Speed: 24.3 | Len: 66 | Loss: 1.1634 | Buffer: 100000 | 4.49s/ep | 6.9h
Ep 4800/5000 | Reward: 164.4 | Crash: 25% | Speed: 24.0 | Len: 91 | Loss: 1.2806 | Buffer: 100000 | 6.14s/ep | 6.9h
Ep 4810/5000 | Reward: 129.4 | Crash: 27% | Speed: 23.7 | Len: 72 | Loss: 1.2193 | Buffer: 100000 | 4.90s/ep | 6.9h
Ep 4820/5000 | Reward: 155.2 | Crash: 27% | Speed: 24.4 | Len: 83 | Loss: 1.0424 | Buffer: 100000 | 5.60s/ep | 6.9h
Ep 4830/5000 | Reward: 139.9 | Crash: 28% | Speed: 23.5 | Len: 82 | Loss: 1.2088 | Buffer: 100000 | 5.52s/ep | 6.9h
Ep 4840/5000 | Reward: 160.2 | Crash: 29% | Speed: 24.0 | Len: 88 | Loss: 1.1683 | Buffer: 100000 | 5.91s/ep | 6.9h
Ep 4850/5000 | Reward: 154.0 | Crash: 28% | Speed: 24.3 | Len: 82 | Loss: 1.2954 | Buffer: 100000 | 5.58s/ep | 7.0h
Ep 4860/5000 | Reward: 124.9 | Crash: 28% | Speed: 23.5 | Len: 73 | Loss: 1.3931 | Buffer: 100000 | 4.96s/ep | 7.0h
Ep 4870/5000 | Reward: 167.9 | Crash: 27% | Speed: 24.6 | Len: 90 | Loss: 1.5816 | Buffer: 100000 | 6.11s/ep | 7.0h
Ep 4880/5000 | Reward: 154.4 | Crash: 25% | Speed: 24.8 | Len: 80 | Loss: 1.3107 | Buffer: 100000 | 5.41s/ep | 7.0h
Ep 4890/5000 | Reward: 155.5 | Crash: 23% | Speed: 24.7 | Len: 82 | Loss: 1.1027 | Buffer: 100000 | 5.52s/ep | 7.0h
Ep 4900/5000 | Reward: 152.7 | Crash: 24% | Speed: 24.3 | Len: 82 | Loss: 1.3615 | Buffer: 100000 | 5.58s/ep | 7.0h
Ep 4910/5000 | Reward: 146.1 | Crash: 23% | Speed: 23.3 | Len: 87 | Loss: 1.1276 | Buffer: 100000 | 5.96s/ep | 7.1h
Ep 4920/5000 | Reward: 134.6 | Crash: 24% | Speed: 24.2 | Len: 73 | Loss: 1.7183 | Buffer: 100000 | 4.95s/ep | 7.1h
Ep 4930/5000 | Reward: 154.2 | Crash: 24% | Speed: 23.7 | Len: 87 | Loss: 1.0055 | Buffer: 100000 | 5.93s/ep | 7.1h
Ep 4940/5000 | Reward: 155.4 | Crash: 24% | Speed: 24.6 | Len: 84 | Loss: 1.0071 | Buffer: 100000 | 5.66s/ep | 7.1h
Ep 4950/5000 | Reward: 153.9 | Crash: 22% | Speed: 23.4 | Len: 91 | Loss: 1.1135 | Buffer: 100000 | 6.13s/ep | 7.1h
Ep 4960/5000 | Reward: 183.8 | Crash: 20% | Speed: 24.8 | Len: 97 | Loss: 0.9986 | Buffer: 100000 | 6.52s/ep | 7.1h
Ep 4970/5000 | Reward: 153.7 | Crash: 21% | Speed: 24.8 | Len: 82 | Loss: 1.1223 | Buffer: 100000 | 5.63s/ep | 7.2h
Ep 4980/5000 | Reward: 166.1 | Crash: 19% | Speed: 23.2 | Len: 97 | Loss: 1.1329 | Buffer: 100000 | 6.45s/ep | 7.2h
Ep 4990/5000 | Reward: 165.5 | Crash: 18% | Speed: 24.2 | Len: 91 | Loss: 1.1177 | Buffer: 100000 | 6.16s/ep | 7.2h
Ep 5000/5000 | Reward: 129.0 | Crash: 19% | Speed: 22.0 | Len: 83 | Loss: 1.1141 | Buffer: 100000 | 5.76s/ep | 7.2h
Training completed!
Training progress plot saved to training_progress_per_ddqn_NoisyNet_fixed.png
Model saved to highway_per_ddqn_NoisyNet_fixed.pth
Model loaded from highway_per_ddqn_NoisyNet_fixed.pth

Evaluating agent for 30 episodes...
Episode 1: Reward = 61.67, Steps = 33, Speed = 24.8, Crashed = True
Episode 2: Reward = 149.59, Steps = 100, Speed = 20.8, Crashed = False
Episode 3: Reward = 191.33, Steps = 100, Speed = 25.0, Crashed = False
Episode 4: Reward = 16.75, Steps = 10, Speed = 23.7, Crashed = True
Episode 5: Reward = 167.00, Steps = 85, Speed = 24.9, Crashed = True
Episode 6: Reward = 9.42, Steps = 6, Speed = 24.0, Crashed = True
Episode 7: Reward = 194.83, Steps = 100, Speed = 25.0, Crashed = False
Episode 8: Reward = 193.83, Steps = 100, Speed = 25.0, Crashed = False
Episode 9: Reward = 195.83, Steps = 100, Speed = 25.0, Crashed = False
Episode 10: Reward = 199.33, Steps = 100, Speed = 25.0, Crashed = False
Episode 11: Reward = 200.33, Steps = 100, Speed = 25.0, Crashed = False
Episode 12: Reward = 189.33, Steps = 100, Speed = 25.0, Crashed = False
Episode 13: Reward = 180.67, Steps = 100, Speed = 23.4, Crashed = False
Episode 14: Reward = 200.33, Steps = 100, Speed = 25.0, Crashed = False
Episode 15: Reward = 193.33, Steps = 100, Speed = 25.0, Crashed = False
Episode 16: Reward = 166.84, Steps = 100, Speed = 22.1, Crashed = False
Episode 17: Reward = 175.92, Steps = 100, Speed = 23.2, Crashed = False
Episode 18: Reward = 193.33, Steps = 100, Speed = 25.0, Crashed = False
Episode 19: Reward = 162.34, Steps = 100, Speed = 20.6, Crashed = False
Episode 20: Reward = 196.83, Steps = 100, Speed = 25.0, Crashed = False
Episode 21: Reward = 194.83, Steps = 100, Speed = 25.0, Crashed = False
Episode 22: Reward = 194.83, Steps = 100, Speed = 25.0, Crashed = False
Episode 23: Reward = 157.75, Steps = 100, Speed = 21.0, Crashed = False
Episode 24: Reward = 191.33, Steps = 100, Speed = 25.0, Crashed = False
Episode 25: Reward = 199.83, Steps = 100, Speed = 25.0, Crashed = False
Episode 26: Reward = 196.83, Steps = 100, Speed = 25.0, Crashed = False
Episode 27: Reward = 193.83, Steps = 100, Speed = 25.0, Crashed = False
Episode 28: Reward = 190.33, Steps = 100, Speed = 25.0, Crashed = False
Episode 29: Reward = 191.83, Steps = 100, Speed = 25.0, Crashed = False
Episode 30: Reward = 174.42, Steps = 90, Speed = 24.9, Crashed = True

========================================
Average Reward: 170.82
Average Speed: 24.27
Crash Rate: 17%
========================================
